ARM GAS  C:\Users\0.0\AppData\Local\Temp\cctBJU3S.s 			page 1


   1              		.cpu cortex-m0
   2              		.arch armv6s-m
   3              		.fpu softvfp
   4              		.eabi_attribute 20, 1
   5              		.eabi_attribute 21, 1
   6              		.eabi_attribute 23, 3
   7              		.eabi_attribute 24, 1
   8              		.eabi_attribute 25, 1
   9              		.eabi_attribute 26, 1
  10              		.eabi_attribute 30, 1
  11              		.eabi_attribute 34, 0
  12              		.eabi_attribute 18, 4
  13              		.file	"stm32f0xx_hal_msp.c"
  14              		.text
  15              	.Ltext0:
  16              		.cfi_sections	.debug_frame
  17              		.file 1 "Src/stm32f0xx_hal_msp.c"
  18              		.section	.text.HAL_MspInit,"ax",%progbits
  19              		.align	1
  20              		.global	HAL_MspInit
  21              		.syntax unified
  22              		.code	16
  23              		.thumb_func
  25              	HAL_MspInit:
  26              	.LFB37:
   1:Src/stm32f0xx_hal_msp.c **** /* USER CODE BEGIN Header */
   2:Src/stm32f0xx_hal_msp.c **** /**
   3:Src/stm32f0xx_hal_msp.c ****   ******************************************************************************
   4:Src/stm32f0xx_hal_msp.c ****   * File Name          : stm32f0xx_hal_msp.c
   5:Src/stm32f0xx_hal_msp.c ****   * Description        : This file provides code for the MSP Initialization
   6:Src/stm32f0xx_hal_msp.c ****   *                      and de-Initialization codes.
   7:Src/stm32f0xx_hal_msp.c ****   ******************************************************************************
   8:Src/stm32f0xx_hal_msp.c ****   * @attention
   9:Src/stm32f0xx_hal_msp.c ****   *
  10:Src/stm32f0xx_hal_msp.c ****   * <h2><center>&copy; Copyright (c) 2019 STMicroelectronics.
  11:Src/stm32f0xx_hal_msp.c ****   * All rights reserved.</center></h2>
  12:Src/stm32f0xx_hal_msp.c ****   *
  13:Src/stm32f0xx_hal_msp.c ****   * This software component is licensed by ST under BSD 3-Clause license,
  14:Src/stm32f0xx_hal_msp.c ****   * the "License"; You may not use this file except in compliance with the
  15:Src/stm32f0xx_hal_msp.c ****   * License. You may obtain a copy of the License at:
  16:Src/stm32f0xx_hal_msp.c ****   *                        opensource.org/licenses/BSD-3-Clause
  17:Src/stm32f0xx_hal_msp.c ****   *
  18:Src/stm32f0xx_hal_msp.c ****   ******************************************************************************
  19:Src/stm32f0xx_hal_msp.c ****   */
  20:Src/stm32f0xx_hal_msp.c **** /* USER CODE END Header */
  21:Src/stm32f0xx_hal_msp.c **** 
  22:Src/stm32f0xx_hal_msp.c **** /* Includes ------------------------------------------------------------------*/
  23:Src/stm32f0xx_hal_msp.c **** #include "main.h"
  24:Src/stm32f0xx_hal_msp.c **** /* USER CODE BEGIN Includes */
  25:Src/stm32f0xx_hal_msp.c **** 
  26:Src/stm32f0xx_hal_msp.c **** /* USER CODE END Includes */
  27:Src/stm32f0xx_hal_msp.c **** 
  28:Src/stm32f0xx_hal_msp.c **** /* Private typedef -----------------------------------------------------------*/
  29:Src/stm32f0xx_hal_msp.c **** /* USER CODE BEGIN TD */
  30:Src/stm32f0xx_hal_msp.c **** extern DMA_HandleTypeDef hdma_adc;
  31:Src/stm32f0xx_hal_msp.c **** 
  32:Src/stm32f0xx_hal_msp.c **** /* USER CODE END TD */
ARM GAS  C:\Users\0.0\AppData\Local\Temp\cctBJU3S.s 			page 2


  33:Src/stm32f0xx_hal_msp.c **** 
  34:Src/stm32f0xx_hal_msp.c **** /* Private define ------------------------------------------------------------*/
  35:Src/stm32f0xx_hal_msp.c **** /* USER CODE BEGIN Define */
  36:Src/stm32f0xx_hal_msp.c **** 
  37:Src/stm32f0xx_hal_msp.c **** /* USER CODE END Define */
  38:Src/stm32f0xx_hal_msp.c **** 
  39:Src/stm32f0xx_hal_msp.c **** /* Private macro -------------------------------------------------------------*/
  40:Src/stm32f0xx_hal_msp.c **** /* USER CODE BEGIN Macro */
  41:Src/stm32f0xx_hal_msp.c **** 
  42:Src/stm32f0xx_hal_msp.c **** /* USER CODE END Macro */
  43:Src/stm32f0xx_hal_msp.c **** 
  44:Src/stm32f0xx_hal_msp.c **** /* Private variables ---------------------------------------------------------*/
  45:Src/stm32f0xx_hal_msp.c **** /* USER CODE BEGIN PV */
  46:Src/stm32f0xx_hal_msp.c **** 
  47:Src/stm32f0xx_hal_msp.c **** /* USER CODE END PV */
  48:Src/stm32f0xx_hal_msp.c **** 
  49:Src/stm32f0xx_hal_msp.c **** /* Private function prototypes -----------------------------------------------*/
  50:Src/stm32f0xx_hal_msp.c **** /* USER CODE BEGIN PFP */
  51:Src/stm32f0xx_hal_msp.c **** 
  52:Src/stm32f0xx_hal_msp.c **** /* USER CODE END PFP */
  53:Src/stm32f0xx_hal_msp.c **** 
  54:Src/stm32f0xx_hal_msp.c **** /* External functions --------------------------------------------------------*/
  55:Src/stm32f0xx_hal_msp.c **** /* USER CODE BEGIN ExternalFunctions */
  56:Src/stm32f0xx_hal_msp.c **** 
  57:Src/stm32f0xx_hal_msp.c **** /* USER CODE END ExternalFunctions */
  58:Src/stm32f0xx_hal_msp.c **** 
  59:Src/stm32f0xx_hal_msp.c **** /* USER CODE BEGIN 0 */
  60:Src/stm32f0xx_hal_msp.c **** 
  61:Src/stm32f0xx_hal_msp.c **** /* USER CODE END 0 */
  62:Src/stm32f0xx_hal_msp.c **** 
  63:Src/stm32f0xx_hal_msp.c **** void HAL_TIM_MspPostInit(TIM_HandleTypeDef *htim);
  64:Src/stm32f0xx_hal_msp.c ****                     /**
  65:Src/stm32f0xx_hal_msp.c ****   * Initializes the Global MSP.
  66:Src/stm32f0xx_hal_msp.c ****   */
  67:Src/stm32f0xx_hal_msp.c **** void HAL_MspInit(void)
  68:Src/stm32f0xx_hal_msp.c **** {
  27              		.loc 1 68 1 view -0
  28              		.cfi_startproc
  29              		@ args = 0, pretend = 0, frame = 8
  30              		@ frame_needed = 0, uses_anonymous_args = 0
  31              		@ link register save eliminated.
  32 0000 82B0     		sub	sp, sp, #8
  33              	.LCFI0:
  34              		.cfi_def_cfa_offset 8
  69:Src/stm32f0xx_hal_msp.c ****   /* USER CODE BEGIN MspInit 0 */
  70:Src/stm32f0xx_hal_msp.c **** 
  71:Src/stm32f0xx_hal_msp.c ****   /* USER CODE END MspInit 0 */
  72:Src/stm32f0xx_hal_msp.c **** 
  73:Src/stm32f0xx_hal_msp.c ****   __HAL_RCC_SYSCFG_CLK_ENABLE();
  35              		.loc 1 73 3 view .LVU1
  36              	.LBB2:
  37              		.loc 1 73 3 view .LVU2
  38              		.loc 1 73 3 view .LVU3
  39 0002 0A4B     		ldr	r3, .L2
  40 0004 9969     		ldr	r1, [r3, #24]
  41 0006 0122     		movs	r2, #1
  42 0008 1143     		orrs	r1, r2
ARM GAS  C:\Users\0.0\AppData\Local\Temp\cctBJU3S.s 			page 3


  43 000a 9961     		str	r1, [r3, #24]
  44              		.loc 1 73 3 view .LVU4
  45 000c 9969     		ldr	r1, [r3, #24]
  46 000e 0A40     		ands	r2, r1
  47 0010 0092     		str	r2, [sp]
  48              		.loc 1 73 3 view .LVU5
  49 0012 009A     		ldr	r2, [sp]
  50              	.LBE2:
  51              		.loc 1 73 3 view .LVU6
  74:Src/stm32f0xx_hal_msp.c ****   __HAL_RCC_PWR_CLK_ENABLE();
  52              		.loc 1 74 3 view .LVU7
  53              	.LBB3:
  54              		.loc 1 74 3 view .LVU8
  55              		.loc 1 74 3 view .LVU9
  56 0014 DA69     		ldr	r2, [r3, #28]
  57 0016 8021     		movs	r1, #128
  58 0018 4905     		lsls	r1, r1, #21
  59 001a 0A43     		orrs	r2, r1
  60 001c DA61     		str	r2, [r3, #28]
  61              		.loc 1 74 3 view .LVU10
  62 001e DB69     		ldr	r3, [r3, #28]
  63 0020 0B40     		ands	r3, r1
  64 0022 0193     		str	r3, [sp, #4]
  65              		.loc 1 74 3 view .LVU11
  66 0024 019B     		ldr	r3, [sp, #4]
  67              	.LBE3:
  68              		.loc 1 74 3 view .LVU12
  75:Src/stm32f0xx_hal_msp.c **** 
  76:Src/stm32f0xx_hal_msp.c ****   /* System interrupt init*/
  77:Src/stm32f0xx_hal_msp.c **** 
  78:Src/stm32f0xx_hal_msp.c ****   /* USER CODE BEGIN MspInit 1 */
  79:Src/stm32f0xx_hal_msp.c **** 
  80:Src/stm32f0xx_hal_msp.c ****   /* USER CODE END MspInit 1 */
  81:Src/stm32f0xx_hal_msp.c **** }
  69              		.loc 1 81 1 is_stmt 0 view .LVU13
  70 0026 02B0     		add	sp, sp, #8
  71              		@ sp needed
  72 0028 7047     		bx	lr
  73              	.L3:
  74 002a C046     		.align	2
  75              	.L2:
  76 002c 00100240 		.word	1073876992
  77              		.cfi_endproc
  78              	.LFE37:
  80              		.section	.text.HAL_ADC_MspInit,"ax",%progbits
  81              		.align	1
  82              		.global	HAL_ADC_MspInit
  83              		.syntax unified
  84              		.code	16
  85              		.thumb_func
  87              	HAL_ADC_MspInit:
  88              	.LVL0:
  89              	.LFB38:
  82:Src/stm32f0xx_hal_msp.c **** 
  83:Src/stm32f0xx_hal_msp.c **** /**
  84:Src/stm32f0xx_hal_msp.c **** * @brief ADC MSP Initialization
  85:Src/stm32f0xx_hal_msp.c **** * This function configures the hardware resources used in this example
ARM GAS  C:\Users\0.0\AppData\Local\Temp\cctBJU3S.s 			page 4


  86:Src/stm32f0xx_hal_msp.c **** * @param hadc: ADC handle pointer
  87:Src/stm32f0xx_hal_msp.c **** * @retval None
  88:Src/stm32f0xx_hal_msp.c **** */
  89:Src/stm32f0xx_hal_msp.c **** void HAL_ADC_MspInit(ADC_HandleTypeDef* hadc)
  90:Src/stm32f0xx_hal_msp.c **** {
  90              		.loc 1 90 1 is_stmt 1 view -0
  91              		.cfi_startproc
  92              		@ args = 0, pretend = 0, frame = 32
  93              		@ frame_needed = 0, uses_anonymous_args = 0
  94              		.loc 1 90 1 is_stmt 0 view .LVU15
  95 0000 30B5     		push	{r4, r5, lr}
  96              	.LCFI1:
  97              		.cfi_def_cfa_offset 12
  98              		.cfi_offset 4, -12
  99              		.cfi_offset 5, -8
 100              		.cfi_offset 14, -4
 101 0002 89B0     		sub	sp, sp, #36
 102              	.LCFI2:
 103              		.cfi_def_cfa_offset 48
 104 0004 0400     		movs	r4, r0
  91:Src/stm32f0xx_hal_msp.c ****   GPIO_InitTypeDef GPIO_InitStruct = {0};
 105              		.loc 1 91 3 is_stmt 1 view .LVU16
 106              		.loc 1 91 20 is_stmt 0 view .LVU17
 107 0006 1422     		movs	r2, #20
 108 0008 0021     		movs	r1, #0
 109 000a 03A8     		add	r0, sp, #12
 110              	.LVL1:
 111              		.loc 1 91 20 view .LVU18
 112 000c FFF7FEFF 		bl	memset
 113              	.LVL2:
  92:Src/stm32f0xx_hal_msp.c ****   if(hadc->Instance==ADC1)
 114              		.loc 1 92 3 is_stmt 1 view .LVU19
 115              		.loc 1 92 10 is_stmt 0 view .LVU20
 116 0010 2268     		ldr	r2, [r4]
 117              		.loc 1 92 5 view .LVU21
 118 0012 1C4B     		ldr	r3, .L7
 119 0014 9A42     		cmp	r2, r3
 120 0016 01D0     		beq	.L6
 121              	.L4:
  93:Src/stm32f0xx_hal_msp.c ****   {
  94:Src/stm32f0xx_hal_msp.c ****   /* USER CODE BEGIN ADC1_MspInit 0 */
  95:Src/stm32f0xx_hal_msp.c **** 
  96:Src/stm32f0xx_hal_msp.c ****   /* USER CODE END ADC1_MspInit 0 */
  97:Src/stm32f0xx_hal_msp.c ****     /* Peripheral clock enable */
  98:Src/stm32f0xx_hal_msp.c ****     __HAL_RCC_ADC1_CLK_ENABLE();
  99:Src/stm32f0xx_hal_msp.c **** 
 100:Src/stm32f0xx_hal_msp.c ****     __HAL_RCC_GPIOA_CLK_ENABLE();
 101:Src/stm32f0xx_hal_msp.c ****     /**ADC GPIO Configuration
 102:Src/stm32f0xx_hal_msp.c ****     PA0     ------> ADC_IN0
 103:Src/stm32f0xx_hal_msp.c ****     PA1     ------> ADC_IN1
 104:Src/stm32f0xx_hal_msp.c ****     PA2     ------> ADC_IN2
 105:Src/stm32f0xx_hal_msp.c ****     PA5     ------> ADC_IN5
 106:Src/stm32f0xx_hal_msp.c ****     */
 107:Src/stm32f0xx_hal_msp.c ****     GPIO_InitStruct.Pin = IIN_Pin|TTIP_Pin|UIN_Pin|TREF_Pin;
 108:Src/stm32f0xx_hal_msp.c ****     GPIO_InitStruct.Mode = GPIO_MODE_ANALOG;
 109:Src/stm32f0xx_hal_msp.c ****     GPIO_InitStruct.Pull = GPIO_NOPULL;
 110:Src/stm32f0xx_hal_msp.c ****     HAL_GPIO_Init(GPIOA, &GPIO_InitStruct);
ARM GAS  C:\Users\0.0\AppData\Local\Temp\cctBJU3S.s 			page 5


 111:Src/stm32f0xx_hal_msp.c **** 
 112:Src/stm32f0xx_hal_msp.c ****     hdma_adc.Instance = DMA1_Channel1;
 113:Src/stm32f0xx_hal_msp.c ****     hdma_adc.Init.Direction = DMA_PERIPH_TO_MEMORY;
 114:Src/stm32f0xx_hal_msp.c ****     hdma_adc.Init.PeriphInc = DMA_PINC_DISABLE;
 115:Src/stm32f0xx_hal_msp.c ****     hdma_adc.Init.MemInc = DMA_MINC_ENABLE;
 116:Src/stm32f0xx_hal_msp.c ****     hdma_adc.Init.PeriphDataAlignment = DMA_PDATAALIGN_HALFWORD;
 117:Src/stm32f0xx_hal_msp.c ****     hdma_adc.Init.MemDataAlignment = DMA_MDATAALIGN_HALFWORD;
 118:Src/stm32f0xx_hal_msp.c ****     hdma_adc.Init.Mode = DMA_CIRCULAR;
 119:Src/stm32f0xx_hal_msp.c ****     hdma_adc.Init.Priority = DMA_PRIORITY_HIGH;
 120:Src/stm32f0xx_hal_msp.c ****     HAL_DMA_Init(&hdma_adc);
 121:Src/stm32f0xx_hal_msp.c **** 
 122:Src/stm32f0xx_hal_msp.c ****     __HAL_LINKDMA(hadc,DMA_Handle,hdma_adc);
 123:Src/stm32f0xx_hal_msp.c ****   /* USER CODE BEGIN ADC1_MspInit 1 */
 124:Src/stm32f0xx_hal_msp.c **** 
 125:Src/stm32f0xx_hal_msp.c ****   /* USER CODE END ADC1_MspInit 1 */
 126:Src/stm32f0xx_hal_msp.c ****   }
 127:Src/stm32f0xx_hal_msp.c **** 
 128:Src/stm32f0xx_hal_msp.c **** }
 122              		.loc 1 128 1 view .LVU22
 123 0018 09B0     		add	sp, sp, #36
 124              		@ sp needed
 125              	.LVL3:
 126              		.loc 1 128 1 view .LVU23
 127 001a 30BD     		pop	{r4, r5, pc}
 128              	.LVL4:
 129              	.L6:
  98:Src/stm32f0xx_hal_msp.c **** 
 130              		.loc 1 98 5 is_stmt 1 view .LVU24
 131              	.LBB4:
  98:Src/stm32f0xx_hal_msp.c **** 
 132              		.loc 1 98 5 view .LVU25
  98:Src/stm32f0xx_hal_msp.c **** 
 133              		.loc 1 98 5 view .LVU26
 134 001c 1A4B     		ldr	r3, .L7+4
 135 001e 9A69     		ldr	r2, [r3, #24]
 136 0020 8021     		movs	r1, #128
 137 0022 8900     		lsls	r1, r1, #2
 138 0024 0A43     		orrs	r2, r1
 139 0026 9A61     		str	r2, [r3, #24]
  98:Src/stm32f0xx_hal_msp.c **** 
 140              		.loc 1 98 5 view .LVU27
 141 0028 9A69     		ldr	r2, [r3, #24]
 142 002a 0A40     		ands	r2, r1
 143 002c 0192     		str	r2, [sp, #4]
  98:Src/stm32f0xx_hal_msp.c **** 
 144              		.loc 1 98 5 view .LVU28
 145 002e 019A     		ldr	r2, [sp, #4]
 146              	.LBE4:
  98:Src/stm32f0xx_hal_msp.c **** 
 147              		.loc 1 98 5 view .LVU29
 100:Src/stm32f0xx_hal_msp.c ****     /**ADC GPIO Configuration
 148              		.loc 1 100 5 view .LVU30
 149              	.LBB5:
 100:Src/stm32f0xx_hal_msp.c ****     /**ADC GPIO Configuration
 150              		.loc 1 100 5 view .LVU31
 100:Src/stm32f0xx_hal_msp.c ****     /**ADC GPIO Configuration
 151              		.loc 1 100 5 view .LVU32
ARM GAS  C:\Users\0.0\AppData\Local\Temp\cctBJU3S.s 			page 6


 152 0030 5A69     		ldr	r2, [r3, #20]
 153 0032 8021     		movs	r1, #128
 154 0034 8902     		lsls	r1, r1, #10
 155 0036 0A43     		orrs	r2, r1
 156 0038 5A61     		str	r2, [r3, #20]
 100:Src/stm32f0xx_hal_msp.c ****     /**ADC GPIO Configuration
 157              		.loc 1 100 5 view .LVU33
 158 003a 5B69     		ldr	r3, [r3, #20]
 159 003c 0B40     		ands	r3, r1
 160 003e 0293     		str	r3, [sp, #8]
 100:Src/stm32f0xx_hal_msp.c ****     /**ADC GPIO Configuration
 161              		.loc 1 100 5 view .LVU34
 162 0040 029B     		ldr	r3, [sp, #8]
 163              	.LBE5:
 100:Src/stm32f0xx_hal_msp.c ****     /**ADC GPIO Configuration
 164              		.loc 1 100 5 view .LVU35
 107:Src/stm32f0xx_hal_msp.c ****     GPIO_InitStruct.Mode = GPIO_MODE_ANALOG;
 165              		.loc 1 107 5 view .LVU36
 107:Src/stm32f0xx_hal_msp.c ****     GPIO_InitStruct.Mode = GPIO_MODE_ANALOG;
 166              		.loc 1 107 25 is_stmt 0 view .LVU37
 167 0042 2723     		movs	r3, #39
 168 0044 0393     		str	r3, [sp, #12]
 108:Src/stm32f0xx_hal_msp.c ****     GPIO_InitStruct.Pull = GPIO_NOPULL;
 169              		.loc 1 108 5 is_stmt 1 view .LVU38
 108:Src/stm32f0xx_hal_msp.c ****     GPIO_InitStruct.Pull = GPIO_NOPULL;
 170              		.loc 1 108 26 is_stmt 0 view .LVU39
 171 0046 243B     		subs	r3, r3, #36
 172 0048 0493     		str	r3, [sp, #16]
 109:Src/stm32f0xx_hal_msp.c ****     HAL_GPIO_Init(GPIOA, &GPIO_InitStruct);
 173              		.loc 1 109 5 is_stmt 1 view .LVU40
 110:Src/stm32f0xx_hal_msp.c **** 
 174              		.loc 1 110 5 view .LVU41
 175 004a 9020     		movs	r0, #144
 176 004c 03A9     		add	r1, sp, #12
 177 004e C005     		lsls	r0, r0, #23
 178 0050 FFF7FEFF 		bl	HAL_GPIO_Init
 179              	.LVL5:
 112:Src/stm32f0xx_hal_msp.c ****     hdma_adc.Init.Direction = DMA_PERIPH_TO_MEMORY;
 180              		.loc 1 112 5 view .LVU42
 112:Src/stm32f0xx_hal_msp.c ****     hdma_adc.Init.Direction = DMA_PERIPH_TO_MEMORY;
 181              		.loc 1 112 23 is_stmt 0 view .LVU43
 182 0054 0D4D     		ldr	r5, .L7+8
 183 0056 0E4B     		ldr	r3, .L7+12
 184 0058 2B60     		str	r3, [r5]
 113:Src/stm32f0xx_hal_msp.c ****     hdma_adc.Init.PeriphInc = DMA_PINC_DISABLE;
 185              		.loc 1 113 5 is_stmt 1 view .LVU44
 113:Src/stm32f0xx_hal_msp.c ****     hdma_adc.Init.PeriphInc = DMA_PINC_DISABLE;
 186              		.loc 1 113 29 is_stmt 0 view .LVU45
 187 005a 0023     		movs	r3, #0
 188 005c 6B60     		str	r3, [r5, #4]
 114:Src/stm32f0xx_hal_msp.c ****     hdma_adc.Init.MemInc = DMA_MINC_ENABLE;
 189              		.loc 1 114 5 is_stmt 1 view .LVU46
 114:Src/stm32f0xx_hal_msp.c ****     hdma_adc.Init.MemInc = DMA_MINC_ENABLE;
 190              		.loc 1 114 29 is_stmt 0 view .LVU47
 191 005e AB60     		str	r3, [r5, #8]
 115:Src/stm32f0xx_hal_msp.c ****     hdma_adc.Init.PeriphDataAlignment = DMA_PDATAALIGN_HALFWORD;
 192              		.loc 1 115 5 is_stmt 1 view .LVU48
ARM GAS  C:\Users\0.0\AppData\Local\Temp\cctBJU3S.s 			page 7


 115:Src/stm32f0xx_hal_msp.c ****     hdma_adc.Init.PeriphDataAlignment = DMA_PDATAALIGN_HALFWORD;
 193              		.loc 1 115 26 is_stmt 0 view .LVU49
 194 0060 8033     		adds	r3, r3, #128
 195 0062 EB60     		str	r3, [r5, #12]
 116:Src/stm32f0xx_hal_msp.c ****     hdma_adc.Init.MemDataAlignment = DMA_MDATAALIGN_HALFWORD;
 196              		.loc 1 116 5 is_stmt 1 view .LVU50
 116:Src/stm32f0xx_hal_msp.c ****     hdma_adc.Init.MemDataAlignment = DMA_MDATAALIGN_HALFWORD;
 197              		.loc 1 116 39 is_stmt 0 view .LVU51
 198 0064 8033     		adds	r3, r3, #128
 199 0066 2B61     		str	r3, [r5, #16]
 117:Src/stm32f0xx_hal_msp.c ****     hdma_adc.Init.Mode = DMA_CIRCULAR;
 200              		.loc 1 117 5 is_stmt 1 view .LVU52
 117:Src/stm32f0xx_hal_msp.c ****     hdma_adc.Init.Mode = DMA_CIRCULAR;
 201              		.loc 1 117 36 is_stmt 0 view .LVU53
 202 0068 8023     		movs	r3, #128
 203 006a DB00     		lsls	r3, r3, #3
 204 006c 6B61     		str	r3, [r5, #20]
 118:Src/stm32f0xx_hal_msp.c ****     hdma_adc.Init.Priority = DMA_PRIORITY_HIGH;
 205              		.loc 1 118 5 is_stmt 1 view .LVU54
 118:Src/stm32f0xx_hal_msp.c ****     hdma_adc.Init.Priority = DMA_PRIORITY_HIGH;
 206              		.loc 1 118 24 is_stmt 0 view .LVU55
 207 006e 2023     		movs	r3, #32
 208 0070 AB61     		str	r3, [r5, #24]
 119:Src/stm32f0xx_hal_msp.c ****     HAL_DMA_Init(&hdma_adc);
 209              		.loc 1 119 5 is_stmt 1 view .LVU56
 119:Src/stm32f0xx_hal_msp.c ****     HAL_DMA_Init(&hdma_adc);
 210              		.loc 1 119 28 is_stmt 0 view .LVU57
 211 0072 8023     		movs	r3, #128
 212 0074 9B01     		lsls	r3, r3, #6
 213 0076 EB61     		str	r3, [r5, #28]
 120:Src/stm32f0xx_hal_msp.c **** 
 214              		.loc 1 120 5 is_stmt 1 view .LVU58
 215 0078 2800     		movs	r0, r5
 216 007a FFF7FEFF 		bl	HAL_DMA_Init
 217              	.LVL6:
 122:Src/stm32f0xx_hal_msp.c ****   /* USER CODE BEGIN ADC1_MspInit 1 */
 218              		.loc 1 122 5 view .LVU59
 122:Src/stm32f0xx_hal_msp.c ****   /* USER CODE BEGIN ADC1_MspInit 1 */
 219              		.loc 1 122 5 view .LVU60
 220 007e E563     		str	r5, [r4, #60]
 122:Src/stm32f0xx_hal_msp.c ****   /* USER CODE BEGIN ADC1_MspInit 1 */
 221              		.loc 1 122 5 view .LVU61
 222 0080 6C62     		str	r4, [r5, #36]
 122:Src/stm32f0xx_hal_msp.c ****   /* USER CODE BEGIN ADC1_MspInit 1 */
 223              		.loc 1 122 5 discriminator 1 view .LVU62
 224              		.loc 1 128 1 is_stmt 0 view .LVU63
 225 0082 C9E7     		b	.L4
 226              	.L8:
 227              		.align	2
 228              	.L7:
 229 0084 00240140 		.word	1073816576
 230 0088 00100240 		.word	1073876992
 231 008c 00000000 		.word	hdma_adc
 232 0090 08000240 		.word	1073872904
 233              		.cfi_endproc
 234              	.LFE38:
 236              		.section	.text.HAL_ADC_MspDeInit,"ax",%progbits
ARM GAS  C:\Users\0.0\AppData\Local\Temp\cctBJU3S.s 			page 8


 237              		.align	1
 238              		.global	HAL_ADC_MspDeInit
 239              		.syntax unified
 240              		.code	16
 241              		.thumb_func
 243              	HAL_ADC_MspDeInit:
 244              	.LVL7:
 245              	.LFB39:
 129:Src/stm32f0xx_hal_msp.c **** 
 130:Src/stm32f0xx_hal_msp.c **** /**
 131:Src/stm32f0xx_hal_msp.c **** * @brief ADC MSP De-Initialization
 132:Src/stm32f0xx_hal_msp.c **** * This function freeze the hardware resources used in this example
 133:Src/stm32f0xx_hal_msp.c **** * @param hadc: ADC handle pointer
 134:Src/stm32f0xx_hal_msp.c **** * @retval None
 135:Src/stm32f0xx_hal_msp.c **** */
 136:Src/stm32f0xx_hal_msp.c **** void HAL_ADC_MspDeInit(ADC_HandleTypeDef* hadc)
 137:Src/stm32f0xx_hal_msp.c **** {
 246              		.loc 1 137 1 is_stmt 1 view -0
 247              		.cfi_startproc
 248              		@ args = 0, pretend = 0, frame = 0
 249              		@ frame_needed = 0, uses_anonymous_args = 0
 250              		.loc 1 137 1 is_stmt 0 view .LVU65
 251 0000 10B5     		push	{r4, lr}
 252              	.LCFI3:
 253              		.cfi_def_cfa_offset 8
 254              		.cfi_offset 4, -8
 255              		.cfi_offset 14, -4
 256 0002 0400     		movs	r4, r0
 138:Src/stm32f0xx_hal_msp.c ****   if(hadc->Instance==ADC1)
 257              		.loc 1 138 3 is_stmt 1 view .LVU66
 258              		.loc 1 138 10 is_stmt 0 view .LVU67
 259 0004 0268     		ldr	r2, [r0]
 260              		.loc 1 138 5 view .LVU68
 261 0006 094B     		ldr	r3, .L12
 262 0008 9A42     		cmp	r2, r3
 263 000a 00D0     		beq	.L11
 264              	.LVL8:
 265              	.L9:
 139:Src/stm32f0xx_hal_msp.c ****   {
 140:Src/stm32f0xx_hal_msp.c ****   /* USER CODE BEGIN ADC1_MspDeInit 0 */
 141:Src/stm32f0xx_hal_msp.c **** 
 142:Src/stm32f0xx_hal_msp.c ****   /* USER CODE END ADC1_MspDeInit 0 */
 143:Src/stm32f0xx_hal_msp.c ****     /* Peripheral clock disable */
 144:Src/stm32f0xx_hal_msp.c ****     __HAL_RCC_ADC1_CLK_DISABLE();
 145:Src/stm32f0xx_hal_msp.c **** 
 146:Src/stm32f0xx_hal_msp.c ****     /**ADC GPIO Configuration
 147:Src/stm32f0xx_hal_msp.c ****     PA0     ------> ADC_IN0
 148:Src/stm32f0xx_hal_msp.c ****     PA1     ------> ADC_IN1
 149:Src/stm32f0xx_hal_msp.c ****     PA2     ------> ADC_IN2
 150:Src/stm32f0xx_hal_msp.c ****     PA5     ------> ADC_IN5
 151:Src/stm32f0xx_hal_msp.c ****     */
 152:Src/stm32f0xx_hal_msp.c ****     HAL_GPIO_DeInit(GPIOA, IIN_Pin|TTIP_Pin|UIN_Pin|TREF_Pin);
 153:Src/stm32f0xx_hal_msp.c ****     HAL_DMA_DeInit(hadc->DMA_Handle);
 154:Src/stm32f0xx_hal_msp.c **** 
 155:Src/stm32f0xx_hal_msp.c ****   /* USER CODE BEGIN ADC1_MspDeInit 1 */
 156:Src/stm32f0xx_hal_msp.c **** 
 157:Src/stm32f0xx_hal_msp.c ****   /* USER CODE END ADC1_MspDeInit 1 */
ARM GAS  C:\Users\0.0\AppData\Local\Temp\cctBJU3S.s 			page 9


 158:Src/stm32f0xx_hal_msp.c ****   }
 159:Src/stm32f0xx_hal_msp.c **** 
 160:Src/stm32f0xx_hal_msp.c **** }
 266              		.loc 1 160 1 view .LVU69
 267              		@ sp needed
 268              	.LVL9:
 269              		.loc 1 160 1 view .LVU70
 270 000c 10BD     		pop	{r4, pc}
 271              	.LVL10:
 272              	.L11:
 144:Src/stm32f0xx_hal_msp.c **** 
 273              		.loc 1 144 5 is_stmt 1 view .LVU71
 274 000e 084A     		ldr	r2, .L12+4
 275 0010 9369     		ldr	r3, [r2, #24]
 276 0012 0849     		ldr	r1, .L12+8
 277 0014 0B40     		ands	r3, r1
 278 0016 9361     		str	r3, [r2, #24]
 152:Src/stm32f0xx_hal_msp.c ****     HAL_DMA_DeInit(hadc->DMA_Handle);
 279              		.loc 1 152 5 view .LVU72
 280 0018 9020     		movs	r0, #144
 281              	.LVL11:
 152:Src/stm32f0xx_hal_msp.c ****     HAL_DMA_DeInit(hadc->DMA_Handle);
 282              		.loc 1 152 5 is_stmt 0 view .LVU73
 283 001a 2721     		movs	r1, #39
 284 001c C005     		lsls	r0, r0, #23
 285 001e FFF7FEFF 		bl	HAL_GPIO_DeInit
 286              	.LVL12:
 153:Src/stm32f0xx_hal_msp.c **** 
 287              		.loc 1 153 5 is_stmt 1 view .LVU74
 288 0022 E06B     		ldr	r0, [r4, #60]
 289 0024 FFF7FEFF 		bl	HAL_DMA_DeInit
 290              	.LVL13:
 291              		.loc 1 160 1 is_stmt 0 view .LVU75
 292 0028 F0E7     		b	.L9
 293              	.L13:
 294 002a C046     		.align	2
 295              	.L12:
 296 002c 00240140 		.word	1073816576
 297 0030 00100240 		.word	1073876992
 298 0034 FFFDFFFF 		.word	-513
 299              		.cfi_endproc
 300              	.LFE39:
 302              		.section	.text.HAL_I2C_MspInit,"ax",%progbits
 303              		.align	1
 304              		.global	HAL_I2C_MspInit
 305              		.syntax unified
 306              		.code	16
 307              		.thumb_func
 309              	HAL_I2C_MspInit:
 310              	.LVL14:
 311              	.LFB40:
 161:Src/stm32f0xx_hal_msp.c **** 
 162:Src/stm32f0xx_hal_msp.c **** /**
 163:Src/stm32f0xx_hal_msp.c **** * @brief I2C MSP Initialization
 164:Src/stm32f0xx_hal_msp.c **** * This function configures the hardware resources used in this example
 165:Src/stm32f0xx_hal_msp.c **** * @param hi2c: I2C handle pointer
 166:Src/stm32f0xx_hal_msp.c **** * @retval None
ARM GAS  C:\Users\0.0\AppData\Local\Temp\cctBJU3S.s 			page 10


 167:Src/stm32f0xx_hal_msp.c **** */
 168:Src/stm32f0xx_hal_msp.c **** void HAL_I2C_MspInit(I2C_HandleTypeDef* hi2c)
 169:Src/stm32f0xx_hal_msp.c **** {
 312              		.loc 1 169 1 is_stmt 1 view -0
 313              		.cfi_startproc
 314              		@ args = 0, pretend = 0, frame = 40
 315              		@ frame_needed = 0, uses_anonymous_args = 0
 316              		.loc 1 169 1 is_stmt 0 view .LVU77
 317 0000 10B5     		push	{r4, lr}
 318              	.LCFI4:
 319              		.cfi_def_cfa_offset 8
 320              		.cfi_offset 4, -8
 321              		.cfi_offset 14, -4
 322 0002 8AB0     		sub	sp, sp, #40
 323              	.LCFI5:
 324              		.cfi_def_cfa_offset 48
 325 0004 0400     		movs	r4, r0
 170:Src/stm32f0xx_hal_msp.c ****   GPIO_InitTypeDef GPIO_InitStruct = {0};
 326              		.loc 1 170 3 is_stmt 1 view .LVU78
 327              		.loc 1 170 20 is_stmt 0 view .LVU79
 328 0006 1422     		movs	r2, #20
 329 0008 0021     		movs	r1, #0
 330 000a 05A8     		add	r0, sp, #20
 331              	.LVL15:
 332              		.loc 1 170 20 view .LVU80
 333 000c FFF7FEFF 		bl	memset
 334              	.LVL16:
 171:Src/stm32f0xx_hal_msp.c ****   if(hi2c->Instance==I2C1)
 335              		.loc 1 171 3 is_stmt 1 view .LVU81
 336              		.loc 1 171 10 is_stmt 0 view .LVU82
 337 0010 2368     		ldr	r3, [r4]
 338              		.loc 1 171 5 view .LVU83
 339 0012 254A     		ldr	r2, .L19
 340 0014 9342     		cmp	r3, r2
 341 0016 04D0     		beq	.L17
 172:Src/stm32f0xx_hal_msp.c ****   {
 173:Src/stm32f0xx_hal_msp.c ****   /* USER CODE BEGIN I2C1_MspInit 0 */
 174:Src/stm32f0xx_hal_msp.c **** 
 175:Src/stm32f0xx_hal_msp.c ****   /* USER CODE END I2C1_MspInit 0 */
 176:Src/stm32f0xx_hal_msp.c **** 
 177:Src/stm32f0xx_hal_msp.c ****     __HAL_RCC_GPIOB_CLK_ENABLE();
 178:Src/stm32f0xx_hal_msp.c ****     /**I2C1 GPIO Configuration
 179:Src/stm32f0xx_hal_msp.c ****     PB6     ------> I2C1_SCL
 180:Src/stm32f0xx_hal_msp.c ****     PB7     ------> I2C1_SDA
 181:Src/stm32f0xx_hal_msp.c ****     */
 182:Src/stm32f0xx_hal_msp.c **** 
 183:Src/stm32f0xx_hal_msp.c ****     GPIO_InitStruct.Pin = OLED_SCL_Pin|OLED_SDA_Pin;
 184:Src/stm32f0xx_hal_msp.c ****     GPIO_InitStruct.Mode = GPIO_MODE_AF_OD;
 185:Src/stm32f0xx_hal_msp.c ****     GPIO_InitStruct.Pull = GPIO_PULLUP;
 186:Src/stm32f0xx_hal_msp.c ****     GPIO_InitStruct.Speed = GPIO_SPEED_FREQ_HIGH;
 187:Src/stm32f0xx_hal_msp.c ****     GPIO_InitStruct.Alternate = GPIO_AF1_I2C1;
 188:Src/stm32f0xx_hal_msp.c ****     HAL_GPIO_Init(GPIOB, &GPIO_InitStruct);
 189:Src/stm32f0xx_hal_msp.c **** 
 190:Src/stm32f0xx_hal_msp.c ****     /* Peripheral clock enable */
 191:Src/stm32f0xx_hal_msp.c ****     __HAL_RCC_I2C1_CLK_ENABLE();
 192:Src/stm32f0xx_hal_msp.c ****   /* USER CODE BEGIN I2C1_MspInit 1 */
 193:Src/stm32f0xx_hal_msp.c **** 
ARM GAS  C:\Users\0.0\AppData\Local\Temp\cctBJU3S.s 			page 11


 194:Src/stm32f0xx_hal_msp.c ****   /* USER CODE END I2C1_MspInit 1 */
 195:Src/stm32f0xx_hal_msp.c ****   }
 196:Src/stm32f0xx_hal_msp.c ****   else if(hi2c->Instance==I2C2)
 342              		.loc 1 196 8 is_stmt 1 view .LVU84
 343              		.loc 1 196 10 is_stmt 0 view .LVU85
 344 0018 244A     		ldr	r2, .L19+4
 345 001a 9342     		cmp	r3, r2
 346 001c 22D0     		beq	.L18
 347              	.LVL17:
 348              	.L14:
 197:Src/stm32f0xx_hal_msp.c ****   {
 198:Src/stm32f0xx_hal_msp.c ****   /* USER CODE BEGIN I2C2_MspInit 0 */
 199:Src/stm32f0xx_hal_msp.c **** 
 200:Src/stm32f0xx_hal_msp.c ****   /* USER CODE END I2C2_MspInit 0 */
 201:Src/stm32f0xx_hal_msp.c **** 
 202:Src/stm32f0xx_hal_msp.c ****     __HAL_RCC_GPIOB_CLK_ENABLE();
 203:Src/stm32f0xx_hal_msp.c ****     /**I2C2 GPIO Configuration
 204:Src/stm32f0xx_hal_msp.c ****     PB10     ------> I2C2_SCL
 205:Src/stm32f0xx_hal_msp.c ****     PB11     ------> I2C2_SDA
 206:Src/stm32f0xx_hal_msp.c ****     */
 207:Src/stm32f0xx_hal_msp.c ****     GPIO_InitStruct.Pin = STUSB_SCL_Pin|STUSB_SDA_Pin;
 208:Src/stm32f0xx_hal_msp.c ****     GPIO_InitStruct.Mode = GPIO_MODE_AF_OD;
 209:Src/stm32f0xx_hal_msp.c ****     GPIO_InitStruct.Pull = GPIO_PULLUP;
 210:Src/stm32f0xx_hal_msp.c ****     GPIO_InitStruct.Speed = GPIO_SPEED_FREQ_HIGH;
 211:Src/stm32f0xx_hal_msp.c ****     GPIO_InitStruct.Alternate = GPIO_AF1_I2C2;
 212:Src/stm32f0xx_hal_msp.c ****     HAL_GPIO_Init(GPIOB, &GPIO_InitStruct);
 213:Src/stm32f0xx_hal_msp.c **** 
 214:Src/stm32f0xx_hal_msp.c ****     /* Peripheral clock enable */
 215:Src/stm32f0xx_hal_msp.c ****     __HAL_RCC_I2C2_CLK_ENABLE();
 216:Src/stm32f0xx_hal_msp.c ****   /* USER CODE BEGIN I2C2_MspInit 1 */
 217:Src/stm32f0xx_hal_msp.c **** 
 218:Src/stm32f0xx_hal_msp.c ****   /* USER CODE END I2C2_MspInit 1 */
 219:Src/stm32f0xx_hal_msp.c ****   }
 220:Src/stm32f0xx_hal_msp.c **** 
 221:Src/stm32f0xx_hal_msp.c **** }
 349              		.loc 1 221 1 view .LVU86
 350 001e 0AB0     		add	sp, sp, #40
 351              		@ sp needed
 352 0020 10BD     		pop	{r4, pc}
 353              	.LVL18:
 354              	.L17:
 177:Src/stm32f0xx_hal_msp.c ****     /**I2C1 GPIO Configuration
 355              		.loc 1 177 5 is_stmt 1 view .LVU87
 356              	.LBB6:
 177:Src/stm32f0xx_hal_msp.c ****     /**I2C1 GPIO Configuration
 357              		.loc 1 177 5 view .LVU88
 177:Src/stm32f0xx_hal_msp.c ****     /**I2C1 GPIO Configuration
 358              		.loc 1 177 5 view .LVU89
 359 0022 234C     		ldr	r4, .L19+8
 360              	.LVL19:
 177:Src/stm32f0xx_hal_msp.c ****     /**I2C1 GPIO Configuration
 361              		.loc 1 177 5 is_stmt 0 view .LVU90
 362 0024 6369     		ldr	r3, [r4, #20]
 363 0026 8022     		movs	r2, #128
 364 0028 D202     		lsls	r2, r2, #11
 365 002a 1343     		orrs	r3, r2
 366 002c 6361     		str	r3, [r4, #20]
ARM GAS  C:\Users\0.0\AppData\Local\Temp\cctBJU3S.s 			page 12


 177:Src/stm32f0xx_hal_msp.c ****     /**I2C1 GPIO Configuration
 367              		.loc 1 177 5 is_stmt 1 view .LVU91
 368 002e 6369     		ldr	r3, [r4, #20]
 369 0030 1340     		ands	r3, r2
 370 0032 0193     		str	r3, [sp, #4]
 177:Src/stm32f0xx_hal_msp.c ****     /**I2C1 GPIO Configuration
 371              		.loc 1 177 5 view .LVU92
 372 0034 019B     		ldr	r3, [sp, #4]
 373              	.LBE6:
 177:Src/stm32f0xx_hal_msp.c ****     /**I2C1 GPIO Configuration
 374              		.loc 1 177 5 view .LVU93
 183:Src/stm32f0xx_hal_msp.c ****     GPIO_InitStruct.Mode = GPIO_MODE_AF_OD;
 375              		.loc 1 183 5 view .LVU94
 183:Src/stm32f0xx_hal_msp.c ****     GPIO_InitStruct.Mode = GPIO_MODE_AF_OD;
 376              		.loc 1 183 25 is_stmt 0 view .LVU95
 377 0036 C023     		movs	r3, #192
 378 0038 0593     		str	r3, [sp, #20]
 184:Src/stm32f0xx_hal_msp.c ****     GPIO_InitStruct.Pull = GPIO_PULLUP;
 379              		.loc 1 184 5 is_stmt 1 view .LVU96
 184:Src/stm32f0xx_hal_msp.c ****     GPIO_InitStruct.Pull = GPIO_PULLUP;
 380              		.loc 1 184 26 is_stmt 0 view .LVU97
 381 003a AE3B     		subs	r3, r3, #174
 382 003c 0693     		str	r3, [sp, #24]
 185:Src/stm32f0xx_hal_msp.c ****     GPIO_InitStruct.Speed = GPIO_SPEED_FREQ_HIGH;
 383              		.loc 1 185 5 is_stmt 1 view .LVU98
 185:Src/stm32f0xx_hal_msp.c ****     GPIO_InitStruct.Speed = GPIO_SPEED_FREQ_HIGH;
 384              		.loc 1 185 26 is_stmt 0 view .LVU99
 385 003e 113B     		subs	r3, r3, #17
 386 0040 0793     		str	r3, [sp, #28]
 186:Src/stm32f0xx_hal_msp.c ****     GPIO_InitStruct.Alternate = GPIO_AF1_I2C1;
 387              		.loc 1 186 5 is_stmt 1 view .LVU100
 186:Src/stm32f0xx_hal_msp.c ****     GPIO_InitStruct.Alternate = GPIO_AF1_I2C1;
 388              		.loc 1 186 27 is_stmt 0 view .LVU101
 389 0042 0322     		movs	r2, #3
 390 0044 0892     		str	r2, [sp, #32]
 187:Src/stm32f0xx_hal_msp.c ****     HAL_GPIO_Init(GPIOB, &GPIO_InitStruct);
 391              		.loc 1 187 5 is_stmt 1 view .LVU102
 187:Src/stm32f0xx_hal_msp.c ****     HAL_GPIO_Init(GPIOB, &GPIO_InitStruct);
 392              		.loc 1 187 31 is_stmt 0 view .LVU103
 393 0046 0993     		str	r3, [sp, #36]
 188:Src/stm32f0xx_hal_msp.c **** 
 394              		.loc 1 188 5 is_stmt 1 view .LVU104
 395 0048 05A9     		add	r1, sp, #20
 396 004a 1A48     		ldr	r0, .L19+12
 397 004c FFF7FEFF 		bl	HAL_GPIO_Init
 398              	.LVL20:
 191:Src/stm32f0xx_hal_msp.c ****   /* USER CODE BEGIN I2C1_MspInit 1 */
 399              		.loc 1 191 5 view .LVU105
 400              	.LBB7:
 191:Src/stm32f0xx_hal_msp.c ****   /* USER CODE BEGIN I2C1_MspInit 1 */
 401              		.loc 1 191 5 view .LVU106
 191:Src/stm32f0xx_hal_msp.c ****   /* USER CODE BEGIN I2C1_MspInit 1 */
 402              		.loc 1 191 5 view .LVU107
 403 0050 E369     		ldr	r3, [r4, #28]
 404 0052 8022     		movs	r2, #128
 405 0054 9203     		lsls	r2, r2, #14
 406 0056 1343     		orrs	r3, r2
ARM GAS  C:\Users\0.0\AppData\Local\Temp\cctBJU3S.s 			page 13


 407 0058 E361     		str	r3, [r4, #28]
 191:Src/stm32f0xx_hal_msp.c ****   /* USER CODE BEGIN I2C1_MspInit 1 */
 408              		.loc 1 191 5 view .LVU108
 409 005a E369     		ldr	r3, [r4, #28]
 410 005c 1340     		ands	r3, r2
 411 005e 0293     		str	r3, [sp, #8]
 191:Src/stm32f0xx_hal_msp.c ****   /* USER CODE BEGIN I2C1_MspInit 1 */
 412              		.loc 1 191 5 view .LVU109
 413 0060 029B     		ldr	r3, [sp, #8]
 414              	.LBE7:
 191:Src/stm32f0xx_hal_msp.c ****   /* USER CODE BEGIN I2C1_MspInit 1 */
 415              		.loc 1 191 5 view .LVU110
 416 0062 DCE7     		b	.L14
 417              	.LVL21:
 418              	.L18:
 202:Src/stm32f0xx_hal_msp.c ****     /**I2C2 GPIO Configuration
 419              		.loc 1 202 5 view .LVU111
 420              	.LBB8:
 202:Src/stm32f0xx_hal_msp.c ****     /**I2C2 GPIO Configuration
 421              		.loc 1 202 5 view .LVU112
 202:Src/stm32f0xx_hal_msp.c ****     /**I2C2 GPIO Configuration
 422              		.loc 1 202 5 view .LVU113
 423 0064 124C     		ldr	r4, .L19+8
 424              	.LVL22:
 202:Src/stm32f0xx_hal_msp.c ****     /**I2C2 GPIO Configuration
 425              		.loc 1 202 5 is_stmt 0 view .LVU114
 426 0066 6369     		ldr	r3, [r4, #20]
 427 0068 8022     		movs	r2, #128
 428 006a D202     		lsls	r2, r2, #11
 429 006c 1343     		orrs	r3, r2
 430 006e 6361     		str	r3, [r4, #20]
 202:Src/stm32f0xx_hal_msp.c ****     /**I2C2 GPIO Configuration
 431              		.loc 1 202 5 is_stmt 1 view .LVU115
 432 0070 6369     		ldr	r3, [r4, #20]
 433 0072 1340     		ands	r3, r2
 434 0074 0393     		str	r3, [sp, #12]
 202:Src/stm32f0xx_hal_msp.c ****     /**I2C2 GPIO Configuration
 435              		.loc 1 202 5 view .LVU116
 436 0076 039B     		ldr	r3, [sp, #12]
 437              	.LBE8:
 202:Src/stm32f0xx_hal_msp.c ****     /**I2C2 GPIO Configuration
 438              		.loc 1 202 5 view .LVU117
 207:Src/stm32f0xx_hal_msp.c ****     GPIO_InitStruct.Mode = GPIO_MODE_AF_OD;
 439              		.loc 1 207 5 view .LVU118
 207:Src/stm32f0xx_hal_msp.c ****     GPIO_InitStruct.Mode = GPIO_MODE_AF_OD;
 440              		.loc 1 207 25 is_stmt 0 view .LVU119
 441 0078 C023     		movs	r3, #192
 442 007a 1B01     		lsls	r3, r3, #4
 443 007c 0593     		str	r3, [sp, #20]
 208:Src/stm32f0xx_hal_msp.c ****     GPIO_InitStruct.Pull = GPIO_PULLUP;
 444              		.loc 1 208 5 is_stmt 1 view .LVU120
 208:Src/stm32f0xx_hal_msp.c ****     GPIO_InitStruct.Pull = GPIO_PULLUP;
 445              		.loc 1 208 26 is_stmt 0 view .LVU121
 446 007e 1223     		movs	r3, #18
 447 0080 0693     		str	r3, [sp, #24]
 209:Src/stm32f0xx_hal_msp.c ****     GPIO_InitStruct.Speed = GPIO_SPEED_FREQ_HIGH;
 448              		.loc 1 209 5 is_stmt 1 view .LVU122
ARM GAS  C:\Users\0.0\AppData\Local\Temp\cctBJU3S.s 			page 14


 209:Src/stm32f0xx_hal_msp.c ****     GPIO_InitStruct.Speed = GPIO_SPEED_FREQ_HIGH;
 449              		.loc 1 209 26 is_stmt 0 view .LVU123
 450 0082 113B     		subs	r3, r3, #17
 451 0084 0793     		str	r3, [sp, #28]
 210:Src/stm32f0xx_hal_msp.c ****     GPIO_InitStruct.Alternate = GPIO_AF1_I2C2;
 452              		.loc 1 210 5 is_stmt 1 view .LVU124
 210:Src/stm32f0xx_hal_msp.c ****     GPIO_InitStruct.Alternate = GPIO_AF1_I2C2;
 453              		.loc 1 210 27 is_stmt 0 view .LVU125
 454 0086 0322     		movs	r2, #3
 455 0088 0892     		str	r2, [sp, #32]
 211:Src/stm32f0xx_hal_msp.c ****     HAL_GPIO_Init(GPIOB, &GPIO_InitStruct);
 456              		.loc 1 211 5 is_stmt 1 view .LVU126
 211:Src/stm32f0xx_hal_msp.c ****     HAL_GPIO_Init(GPIOB, &GPIO_InitStruct);
 457              		.loc 1 211 31 is_stmt 0 view .LVU127
 458 008a 0993     		str	r3, [sp, #36]
 212:Src/stm32f0xx_hal_msp.c **** 
 459              		.loc 1 212 5 is_stmt 1 view .LVU128
 460 008c 05A9     		add	r1, sp, #20
 461 008e 0948     		ldr	r0, .L19+12
 462 0090 FFF7FEFF 		bl	HAL_GPIO_Init
 463              	.LVL23:
 215:Src/stm32f0xx_hal_msp.c ****   /* USER CODE BEGIN I2C2_MspInit 1 */
 464              		.loc 1 215 5 view .LVU129
 465              	.LBB9:
 215:Src/stm32f0xx_hal_msp.c ****   /* USER CODE BEGIN I2C2_MspInit 1 */
 466              		.loc 1 215 5 view .LVU130
 215:Src/stm32f0xx_hal_msp.c ****   /* USER CODE BEGIN I2C2_MspInit 1 */
 467              		.loc 1 215 5 view .LVU131
 468 0094 E369     		ldr	r3, [r4, #28]
 469 0096 8022     		movs	r2, #128
 470 0098 D203     		lsls	r2, r2, #15
 471 009a 1343     		orrs	r3, r2
 472 009c E361     		str	r3, [r4, #28]
 215:Src/stm32f0xx_hal_msp.c ****   /* USER CODE BEGIN I2C2_MspInit 1 */
 473              		.loc 1 215 5 view .LVU132
 474 009e E369     		ldr	r3, [r4, #28]
 475 00a0 1340     		ands	r3, r2
 476 00a2 0493     		str	r3, [sp, #16]
 215:Src/stm32f0xx_hal_msp.c ****   /* USER CODE BEGIN I2C2_MspInit 1 */
 477              		.loc 1 215 5 view .LVU133
 478 00a4 049B     		ldr	r3, [sp, #16]
 479              	.LBE9:
 215:Src/stm32f0xx_hal_msp.c ****   /* USER CODE BEGIN I2C2_MspInit 1 */
 480              		.loc 1 215 5 discriminator 1 view .LVU134
 481              		.loc 1 221 1 is_stmt 0 view .LVU135
 482 00a6 BAE7     		b	.L14
 483              	.L20:
 484              		.align	2
 485              	.L19:
 486 00a8 00540040 		.word	1073763328
 487 00ac 00580040 		.word	1073764352
 488 00b0 00100240 		.word	1073876992
 489 00b4 00040048 		.word	1207960576
 490              		.cfi_endproc
 491              	.LFE40:
 493              		.section	.text.HAL_I2C_MspDeInit,"ax",%progbits
 494              		.align	1
ARM GAS  C:\Users\0.0\AppData\Local\Temp\cctBJU3S.s 			page 15


 495              		.global	HAL_I2C_MspDeInit
 496              		.syntax unified
 497              		.code	16
 498              		.thumb_func
 500              	HAL_I2C_MspDeInit:
 501              	.LVL24:
 502              	.LFB41:
 222:Src/stm32f0xx_hal_msp.c **** 
 223:Src/stm32f0xx_hal_msp.c **** /**
 224:Src/stm32f0xx_hal_msp.c **** * @brief I2C MSP De-Initialization
 225:Src/stm32f0xx_hal_msp.c **** * This function freeze the hardware resources used in this example
 226:Src/stm32f0xx_hal_msp.c **** * @param hi2c: I2C handle pointer
 227:Src/stm32f0xx_hal_msp.c **** * @retval None
 228:Src/stm32f0xx_hal_msp.c **** */
 229:Src/stm32f0xx_hal_msp.c **** void HAL_I2C_MspDeInit(I2C_HandleTypeDef* hi2c)
 230:Src/stm32f0xx_hal_msp.c **** {
 503              		.loc 1 230 1 is_stmt 1 view -0
 504              		.cfi_startproc
 505              		@ args = 0, pretend = 0, frame = 0
 506              		@ frame_needed = 0, uses_anonymous_args = 0
 507              		.loc 1 230 1 is_stmt 0 view .LVU137
 508 0000 10B5     		push	{r4, lr}
 509              	.LCFI6:
 510              		.cfi_def_cfa_offset 8
 511              		.cfi_offset 4, -8
 512              		.cfi_offset 14, -4
 231:Src/stm32f0xx_hal_msp.c ****   if(hi2c->Instance==I2C1)
 513              		.loc 1 231 3 is_stmt 1 view .LVU138
 514              		.loc 1 231 10 is_stmt 0 view .LVU139
 515 0002 0368     		ldr	r3, [r0]
 516              		.loc 1 231 5 view .LVU140
 517 0004 0D4A     		ldr	r2, .L26
 518 0006 9342     		cmp	r3, r2
 519 0008 03D0     		beq	.L24
 232:Src/stm32f0xx_hal_msp.c ****   {
 233:Src/stm32f0xx_hal_msp.c ****   /* USER CODE BEGIN I2C1_MspDeInit 0 */
 234:Src/stm32f0xx_hal_msp.c **** 
 235:Src/stm32f0xx_hal_msp.c ****   /* USER CODE END I2C1_MspDeInit 0 */
 236:Src/stm32f0xx_hal_msp.c ****     /* Peripheral clock disable */
 237:Src/stm32f0xx_hal_msp.c ****     __HAL_RCC_I2C1_CLK_DISABLE();
 238:Src/stm32f0xx_hal_msp.c **** 
 239:Src/stm32f0xx_hal_msp.c ****     /**I2C1 GPIO Configuration
 240:Src/stm32f0xx_hal_msp.c ****     PB6     ------> I2C1_SCL
 241:Src/stm32f0xx_hal_msp.c ****     PB7     ------> I2C1_SDA
 242:Src/stm32f0xx_hal_msp.c ****     */
 243:Src/stm32f0xx_hal_msp.c ****     HAL_GPIO_DeInit(GPIOB, OLED_SCL_Pin|OLED_SDA_Pin);
 244:Src/stm32f0xx_hal_msp.c **** 
 245:Src/stm32f0xx_hal_msp.c ****   /* USER CODE BEGIN I2C1_MspDeInit 1 */
 246:Src/stm32f0xx_hal_msp.c **** 
 247:Src/stm32f0xx_hal_msp.c ****   /* USER CODE END I2C1_MspDeInit 1 */
 248:Src/stm32f0xx_hal_msp.c ****   }
 249:Src/stm32f0xx_hal_msp.c ****   else if(hi2c->Instance==I2C2)
 520              		.loc 1 249 8 is_stmt 1 view .LVU141
 521              		.loc 1 249 10 is_stmt 0 view .LVU142
 522 000a 0D4A     		ldr	r2, .L26+4
 523 000c 9342     		cmp	r3, r2
 524 000e 0AD0     		beq	.L25
ARM GAS  C:\Users\0.0\AppData\Local\Temp\cctBJU3S.s 			page 16


 525              	.LVL25:
 526              	.L21:
 250:Src/stm32f0xx_hal_msp.c ****   {
 251:Src/stm32f0xx_hal_msp.c ****   /* USER CODE BEGIN I2C2_MspDeInit 0 */
 252:Src/stm32f0xx_hal_msp.c **** 
 253:Src/stm32f0xx_hal_msp.c ****   /* USER CODE END I2C2_MspDeInit 0 */
 254:Src/stm32f0xx_hal_msp.c ****     /* Peripheral clock disable */
 255:Src/stm32f0xx_hal_msp.c ****     __HAL_RCC_I2C2_CLK_DISABLE();
 256:Src/stm32f0xx_hal_msp.c **** 
 257:Src/stm32f0xx_hal_msp.c ****     /**I2C2 GPIO Configuration
 258:Src/stm32f0xx_hal_msp.c ****     PB10     ------> I2C2_SCL
 259:Src/stm32f0xx_hal_msp.c ****     PB11     ------> I2C2_SDA
 260:Src/stm32f0xx_hal_msp.c ****     */
 261:Src/stm32f0xx_hal_msp.c ****     HAL_GPIO_DeInit(GPIOB, STUSB_SCL_Pin|STUSB_SDA_Pin);
 262:Src/stm32f0xx_hal_msp.c **** 
 263:Src/stm32f0xx_hal_msp.c ****   /* USER CODE BEGIN I2C2_MspDeInit 1 */
 264:Src/stm32f0xx_hal_msp.c **** 
 265:Src/stm32f0xx_hal_msp.c ****   /* USER CODE END I2C2_MspDeInit 1 */
 266:Src/stm32f0xx_hal_msp.c ****   }
 267:Src/stm32f0xx_hal_msp.c **** 
 268:Src/stm32f0xx_hal_msp.c **** }
 527              		.loc 1 268 1 view .LVU143
 528              		@ sp needed
 529 0010 10BD     		pop	{r4, pc}
 530              	.LVL26:
 531              	.L24:
 237:Src/stm32f0xx_hal_msp.c **** 
 532              		.loc 1 237 5 is_stmt 1 view .LVU144
 533 0012 0C4A     		ldr	r2, .L26+8
 534 0014 D369     		ldr	r3, [r2, #28]
 535 0016 0C49     		ldr	r1, .L26+12
 536 0018 0B40     		ands	r3, r1
 537 001a D361     		str	r3, [r2, #28]
 243:Src/stm32f0xx_hal_msp.c **** 
 538              		.loc 1 243 5 view .LVU145
 539 001c C021     		movs	r1, #192
 540 001e 0B48     		ldr	r0, .L26+16
 541              	.LVL27:
 243:Src/stm32f0xx_hal_msp.c **** 
 542              		.loc 1 243 5 is_stmt 0 view .LVU146
 543 0020 FFF7FEFF 		bl	HAL_GPIO_DeInit
 544              	.LVL28:
 545 0024 F4E7     		b	.L21
 546              	.LVL29:
 547              	.L25:
 255:Src/stm32f0xx_hal_msp.c **** 
 548              		.loc 1 255 5 is_stmt 1 view .LVU147
 549 0026 074A     		ldr	r2, .L26+8
 550 0028 D369     		ldr	r3, [r2, #28]
 551 002a 0949     		ldr	r1, .L26+20
 552 002c 0B40     		ands	r3, r1
 553 002e D361     		str	r3, [r2, #28]
 261:Src/stm32f0xx_hal_msp.c **** 
 554              		.loc 1 261 5 view .LVU148
 555 0030 C021     		movs	r1, #192
 556 0032 0901     		lsls	r1, r1, #4
 557 0034 0548     		ldr	r0, .L26+16
ARM GAS  C:\Users\0.0\AppData\Local\Temp\cctBJU3S.s 			page 17


 558              	.LVL30:
 261:Src/stm32f0xx_hal_msp.c **** 
 559              		.loc 1 261 5 is_stmt 0 view .LVU149
 560 0036 FFF7FEFF 		bl	HAL_GPIO_DeInit
 561              	.LVL31:
 562              		.loc 1 268 1 view .LVU150
 563 003a E9E7     		b	.L21
 564              	.L27:
 565              		.align	2
 566              	.L26:
 567 003c 00540040 		.word	1073763328
 568 0040 00580040 		.word	1073764352
 569 0044 00100240 		.word	1073876992
 570 0048 FFFFDFFF 		.word	-2097153
 571 004c 00040048 		.word	1207960576
 572 0050 FFFFBFFF 		.word	-4194305
 573              		.cfi_endproc
 574              	.LFE41:
 576              		.section	.text.HAL_TIM_PWM_MspInit,"ax",%progbits
 577              		.align	1
 578              		.global	HAL_TIM_PWM_MspInit
 579              		.syntax unified
 580              		.code	16
 581              		.thumb_func
 583              	HAL_TIM_PWM_MspInit:
 584              	.LVL32:
 585              	.LFB42:
 269:Src/stm32f0xx_hal_msp.c **** 
 270:Src/stm32f0xx_hal_msp.c **** /**
 271:Src/stm32f0xx_hal_msp.c **** * @brief TIM_PWM MSP Initialization
 272:Src/stm32f0xx_hal_msp.c **** * This function configures the hardware resources used in this example
 273:Src/stm32f0xx_hal_msp.c **** * @param htim_pwm: TIM_PWM handle pointer
 274:Src/stm32f0xx_hal_msp.c **** * @retval None
 275:Src/stm32f0xx_hal_msp.c **** */
 276:Src/stm32f0xx_hal_msp.c **** void HAL_TIM_PWM_MspInit(TIM_HandleTypeDef* htim_pwm)
 277:Src/stm32f0xx_hal_msp.c **** {
 586              		.loc 1 277 1 is_stmt 1 view -0
 587              		.cfi_startproc
 588              		@ args = 0, pretend = 0, frame = 8
 589              		@ frame_needed = 0, uses_anonymous_args = 0
 590              		.loc 1 277 1 is_stmt 0 view .LVU152
 591 0000 00B5     		push	{lr}
 592              	.LCFI7:
 593              		.cfi_def_cfa_offset 4
 594              		.cfi_offset 14, -4
 595 0002 83B0     		sub	sp, sp, #12
 596              	.LCFI8:
 597              		.cfi_def_cfa_offset 16
 278:Src/stm32f0xx_hal_msp.c ****   if(htim_pwm->Instance==TIM1)
 598              		.loc 1 278 3 is_stmt 1 view .LVU153
 599              		.loc 1 278 14 is_stmt 0 view .LVU154
 600 0004 0268     		ldr	r2, [r0]
 601              		.loc 1 278 5 view .LVU155
 602 0006 104B     		ldr	r3, .L31
 603 0008 9A42     		cmp	r2, r3
 604 000a 01D0     		beq	.L30
 605              	.LVL33:
ARM GAS  C:\Users\0.0\AppData\Local\Temp\cctBJU3S.s 			page 18


 606              	.L28:
 279:Src/stm32f0xx_hal_msp.c ****   {
 280:Src/stm32f0xx_hal_msp.c ****   /* USER CODE BEGIN TIM1_MspInit 0 */
 281:Src/stm32f0xx_hal_msp.c **** 
 282:Src/stm32f0xx_hal_msp.c ****   /* USER CODE END TIM1_MspInit 0 */
 283:Src/stm32f0xx_hal_msp.c ****     /* Peripheral clock enable */
 284:Src/stm32f0xx_hal_msp.c ****     __HAL_RCC_TIM1_CLK_ENABLE();
 285:Src/stm32f0xx_hal_msp.c ****     /* TIM1 interrupt Init */
 286:Src/stm32f0xx_hal_msp.c ****     HAL_NVIC_SetPriority(TIM1_BRK_UP_TRG_COM_IRQn, 0, 0);
 287:Src/stm32f0xx_hal_msp.c ****     HAL_NVIC_EnableIRQ(TIM1_BRK_UP_TRG_COM_IRQn);
 288:Src/stm32f0xx_hal_msp.c ****     HAL_NVIC_SetPriority(TIM1_CC_IRQn, 0, 0);
 289:Src/stm32f0xx_hal_msp.c ****     HAL_NVIC_EnableIRQ(TIM1_CC_IRQn);
 290:Src/stm32f0xx_hal_msp.c ****   /* USER CODE BEGIN TIM1_MspInit 1 */
 291:Src/stm32f0xx_hal_msp.c **** 
 292:Src/stm32f0xx_hal_msp.c ****   /* USER CODE END TIM1_MspInit 1 */
 293:Src/stm32f0xx_hal_msp.c ****   }
 294:Src/stm32f0xx_hal_msp.c **** }
 607              		.loc 1 294 1 view .LVU156
 608 000c 03B0     		add	sp, sp, #12
 609              		@ sp needed
 610 000e 00BD     		pop	{pc}
 611              	.LVL34:
 612              	.L30:
 284:Src/stm32f0xx_hal_msp.c ****     /* TIM1 interrupt Init */
 613              		.loc 1 284 5 is_stmt 1 view .LVU157
 614              	.LBB10:
 284:Src/stm32f0xx_hal_msp.c ****     /* TIM1 interrupt Init */
 615              		.loc 1 284 5 view .LVU158
 284:Src/stm32f0xx_hal_msp.c ****     /* TIM1 interrupt Init */
 616              		.loc 1 284 5 view .LVU159
 617 0010 0E4B     		ldr	r3, .L31+4
 618 0012 9A69     		ldr	r2, [r3, #24]
 619 0014 8021     		movs	r1, #128
 620 0016 0901     		lsls	r1, r1, #4
 621 0018 0A43     		orrs	r2, r1
 622 001a 9A61     		str	r2, [r3, #24]
 284:Src/stm32f0xx_hal_msp.c ****     /* TIM1 interrupt Init */
 623              		.loc 1 284 5 view .LVU160
 624 001c 9B69     		ldr	r3, [r3, #24]
 625 001e 0B40     		ands	r3, r1
 626 0020 0193     		str	r3, [sp, #4]
 284:Src/stm32f0xx_hal_msp.c ****     /* TIM1 interrupt Init */
 627              		.loc 1 284 5 view .LVU161
 628 0022 019B     		ldr	r3, [sp, #4]
 629              	.LBE10:
 284:Src/stm32f0xx_hal_msp.c ****     /* TIM1 interrupt Init */
 630              		.loc 1 284 5 view .LVU162
 286:Src/stm32f0xx_hal_msp.c ****     HAL_NVIC_EnableIRQ(TIM1_BRK_UP_TRG_COM_IRQn);
 631              		.loc 1 286 5 view .LVU163
 632 0024 0022     		movs	r2, #0
 633 0026 0021     		movs	r1, #0
 634 0028 0D20     		movs	r0, #13
 635              	.LVL35:
 286:Src/stm32f0xx_hal_msp.c ****     HAL_NVIC_EnableIRQ(TIM1_BRK_UP_TRG_COM_IRQn);
 636              		.loc 1 286 5 is_stmt 0 view .LVU164
 637 002a FFF7FEFF 		bl	HAL_NVIC_SetPriority
 638              	.LVL36:
ARM GAS  C:\Users\0.0\AppData\Local\Temp\cctBJU3S.s 			page 19


 287:Src/stm32f0xx_hal_msp.c ****     HAL_NVIC_SetPriority(TIM1_CC_IRQn, 0, 0);
 639              		.loc 1 287 5 is_stmt 1 view .LVU165
 640 002e 0D20     		movs	r0, #13
 641 0030 FFF7FEFF 		bl	HAL_NVIC_EnableIRQ
 642              	.LVL37:
 288:Src/stm32f0xx_hal_msp.c ****     HAL_NVIC_EnableIRQ(TIM1_CC_IRQn);
 643              		.loc 1 288 5 view .LVU166
 644 0034 0022     		movs	r2, #0
 645 0036 0021     		movs	r1, #0
 646 0038 0E20     		movs	r0, #14
 647 003a FFF7FEFF 		bl	HAL_NVIC_SetPriority
 648              	.LVL38:
 289:Src/stm32f0xx_hal_msp.c ****   /* USER CODE BEGIN TIM1_MspInit 1 */
 649              		.loc 1 289 5 view .LVU167
 650 003e 0E20     		movs	r0, #14
 651 0040 FFF7FEFF 		bl	HAL_NVIC_EnableIRQ
 652              	.LVL39:
 653              		.loc 1 294 1 is_stmt 0 view .LVU168
 654 0044 E2E7     		b	.L28
 655              	.L32:
 656 0046 C046     		.align	2
 657              	.L31:
 658 0048 002C0140 		.word	1073818624
 659 004c 00100240 		.word	1073876992
 660              		.cfi_endproc
 661              	.LFE42:
 663              		.section	.text.HAL_TIM_MspPostInit,"ax",%progbits
 664              		.align	1
 665              		.global	HAL_TIM_MspPostInit
 666              		.syntax unified
 667              		.code	16
 668              		.thumb_func
 670              	HAL_TIM_MspPostInit:
 671              	.LVL40:
 672              	.LFB43:
 295:Src/stm32f0xx_hal_msp.c **** 
 296:Src/stm32f0xx_hal_msp.c **** void HAL_TIM_MspPostInit(TIM_HandleTypeDef* htim)
 297:Src/stm32f0xx_hal_msp.c **** {
 673              		.loc 1 297 1 is_stmt 1 view -0
 674              		.cfi_startproc
 675              		@ args = 0, pretend = 0, frame = 32
 676              		@ frame_needed = 0, uses_anonymous_args = 0
 677              		.loc 1 297 1 is_stmt 0 view .LVU170
 678 0000 10B5     		push	{r4, lr}
 679              	.LCFI9:
 680              		.cfi_def_cfa_offset 8
 681              		.cfi_offset 4, -8
 682              		.cfi_offset 14, -4
 683 0002 88B0     		sub	sp, sp, #32
 684              	.LCFI10:
 685              		.cfi_def_cfa_offset 40
 686 0004 0400     		movs	r4, r0
 298:Src/stm32f0xx_hal_msp.c ****   GPIO_InitTypeDef GPIO_InitStruct = {0};
 687              		.loc 1 298 3 is_stmt 1 view .LVU171
 688              		.loc 1 298 20 is_stmt 0 view .LVU172
 689 0006 1422     		movs	r2, #20
 690 0008 0021     		movs	r1, #0
ARM GAS  C:\Users\0.0\AppData\Local\Temp\cctBJU3S.s 			page 20


 691 000a 03A8     		add	r0, sp, #12
 692              	.LVL41:
 693              		.loc 1 298 20 view .LVU173
 694 000c FFF7FEFF 		bl	memset
 695              	.LVL42:
 299:Src/stm32f0xx_hal_msp.c ****   if(htim->Instance==TIM1)
 696              		.loc 1 299 3 is_stmt 1 view .LVU174
 697              		.loc 1 299 10 is_stmt 0 view .LVU175
 698 0010 2268     		ldr	r2, [r4]
 699              		.loc 1 299 5 view .LVU176
 700 0012 124B     		ldr	r3, .L36
 701 0014 9A42     		cmp	r2, r3
 702 0016 01D0     		beq	.L35
 703              	.L33:
 300:Src/stm32f0xx_hal_msp.c ****   {
 301:Src/stm32f0xx_hal_msp.c ****   /* USER CODE BEGIN TIM1_MspPostInit 0 */
 302:Src/stm32f0xx_hal_msp.c **** 
 303:Src/stm32f0xx_hal_msp.c ****   /* USER CODE END TIM1_MspPostInit 0 */
 304:Src/stm32f0xx_hal_msp.c ****     __HAL_RCC_TIM1_CLK_ENABLE();
 305:Src/stm32f0xx_hal_msp.c **** 
 306:Src/stm32f0xx_hal_msp.c ****     __HAL_RCC_GPIOA_CLK_ENABLE();
 307:Src/stm32f0xx_hal_msp.c ****     /**TIM1 GPIO Configuration
 308:Src/stm32f0xx_hal_msp.c ****     PA8     ------> TIM1_CH1
 309:Src/stm32f0xx_hal_msp.c ****     */
 310:Src/stm32f0xx_hal_msp.c ****     GPIO_InitStruct.Pin = PWMOUT_Pin;
 311:Src/stm32f0xx_hal_msp.c ****     GPIO_InitStruct.Mode = GPIO_MODE_AF_PP;
 312:Src/stm32f0xx_hal_msp.c ****     GPIO_InitStruct.Pull = GPIO_NOPULL;
 313:Src/stm32f0xx_hal_msp.c ****     GPIO_InitStruct.Speed = GPIO_SPEED_FREQ_LOW;
 314:Src/stm32f0xx_hal_msp.c ****     GPIO_InitStruct.Alternate = GPIO_AF2_TIM1;
 315:Src/stm32f0xx_hal_msp.c ****     HAL_GPIO_Init(PWMOUT_GPIO_Port, &GPIO_InitStruct);
 316:Src/stm32f0xx_hal_msp.c **** 
 317:Src/stm32f0xx_hal_msp.c ****   /* USER CODE BEGIN TIM1_MspPostInit 1 */
 318:Src/stm32f0xx_hal_msp.c **** 
 319:Src/stm32f0xx_hal_msp.c ****   /* USER CODE END TIM1_MspPostInit 1 */
 320:Src/stm32f0xx_hal_msp.c ****   }
 321:Src/stm32f0xx_hal_msp.c **** 
 322:Src/stm32f0xx_hal_msp.c **** }
 704              		.loc 1 322 1 view .LVU177
 705 0018 08B0     		add	sp, sp, #32
 706              		@ sp needed
 707              	.LVL43:
 708              		.loc 1 322 1 view .LVU178
 709 001a 10BD     		pop	{r4, pc}
 710              	.LVL44:
 711              	.L35:
 304:Src/stm32f0xx_hal_msp.c **** 
 712              		.loc 1 304 5 is_stmt 1 view .LVU179
 713              	.LBB11:
 304:Src/stm32f0xx_hal_msp.c **** 
 714              		.loc 1 304 5 view .LVU180
 304:Src/stm32f0xx_hal_msp.c **** 
 715              		.loc 1 304 5 view .LVU181
 716 001c 104B     		ldr	r3, .L36+4
 717 001e 9A69     		ldr	r2, [r3, #24]
 718 0020 8021     		movs	r1, #128
 719 0022 0901     		lsls	r1, r1, #4
 720 0024 0A43     		orrs	r2, r1
ARM GAS  C:\Users\0.0\AppData\Local\Temp\cctBJU3S.s 			page 21


 721 0026 9A61     		str	r2, [r3, #24]
 304:Src/stm32f0xx_hal_msp.c **** 
 722              		.loc 1 304 5 view .LVU182
 723 0028 9A69     		ldr	r2, [r3, #24]
 724 002a 0A40     		ands	r2, r1
 725 002c 0192     		str	r2, [sp, #4]
 304:Src/stm32f0xx_hal_msp.c **** 
 726              		.loc 1 304 5 view .LVU183
 727 002e 019A     		ldr	r2, [sp, #4]
 728              	.LBE11:
 304:Src/stm32f0xx_hal_msp.c **** 
 729              		.loc 1 304 5 view .LVU184
 306:Src/stm32f0xx_hal_msp.c ****     /**TIM1 GPIO Configuration
 730              		.loc 1 306 5 view .LVU185
 731              	.LBB12:
 306:Src/stm32f0xx_hal_msp.c ****     /**TIM1 GPIO Configuration
 732              		.loc 1 306 5 view .LVU186
 306:Src/stm32f0xx_hal_msp.c ****     /**TIM1 GPIO Configuration
 733              		.loc 1 306 5 view .LVU187
 734 0030 5A69     		ldr	r2, [r3, #20]
 735 0032 8021     		movs	r1, #128
 736 0034 8902     		lsls	r1, r1, #10
 737 0036 0A43     		orrs	r2, r1
 738 0038 5A61     		str	r2, [r3, #20]
 306:Src/stm32f0xx_hal_msp.c ****     /**TIM1 GPIO Configuration
 739              		.loc 1 306 5 view .LVU188
 740 003a 5B69     		ldr	r3, [r3, #20]
 741 003c 0B40     		ands	r3, r1
 742 003e 0293     		str	r3, [sp, #8]
 306:Src/stm32f0xx_hal_msp.c ****     /**TIM1 GPIO Configuration
 743              		.loc 1 306 5 view .LVU189
 744 0040 029B     		ldr	r3, [sp, #8]
 745              	.LBE12:
 306:Src/stm32f0xx_hal_msp.c ****     /**TIM1 GPIO Configuration
 746              		.loc 1 306 5 view .LVU190
 310:Src/stm32f0xx_hal_msp.c ****     GPIO_InitStruct.Mode = GPIO_MODE_AF_PP;
 747              		.loc 1 310 5 view .LVU191
 310:Src/stm32f0xx_hal_msp.c ****     GPIO_InitStruct.Mode = GPIO_MODE_AF_PP;
 748              		.loc 1 310 25 is_stmt 0 view .LVU192
 749 0042 8023     		movs	r3, #128
 750 0044 5B00     		lsls	r3, r3, #1
 751 0046 0393     		str	r3, [sp, #12]
 311:Src/stm32f0xx_hal_msp.c ****     GPIO_InitStruct.Pull = GPIO_NOPULL;
 752              		.loc 1 311 5 is_stmt 1 view .LVU193
 311:Src/stm32f0xx_hal_msp.c ****     GPIO_InitStruct.Pull = GPIO_NOPULL;
 753              		.loc 1 311 26 is_stmt 0 view .LVU194
 754 0048 FE3B     		subs	r3, r3, #254
 755 004a 0493     		str	r3, [sp, #16]
 312:Src/stm32f0xx_hal_msp.c ****     GPIO_InitStruct.Speed = GPIO_SPEED_FREQ_LOW;
 756              		.loc 1 312 5 is_stmt 1 view .LVU195
 313:Src/stm32f0xx_hal_msp.c ****     GPIO_InitStruct.Alternate = GPIO_AF2_TIM1;
 757              		.loc 1 313 5 view .LVU196
 314:Src/stm32f0xx_hal_msp.c ****     HAL_GPIO_Init(PWMOUT_GPIO_Port, &GPIO_InitStruct);
 758              		.loc 1 314 5 view .LVU197
 314:Src/stm32f0xx_hal_msp.c ****     HAL_GPIO_Init(PWMOUT_GPIO_Port, &GPIO_InitStruct);
 759              		.loc 1 314 31 is_stmt 0 view .LVU198
 760 004c 0793     		str	r3, [sp, #28]
ARM GAS  C:\Users\0.0\AppData\Local\Temp\cctBJU3S.s 			page 22


 315:Src/stm32f0xx_hal_msp.c **** 
 761              		.loc 1 315 5 is_stmt 1 view .LVU199
 762 004e 9020     		movs	r0, #144
 763 0050 03A9     		add	r1, sp, #12
 764 0052 C005     		lsls	r0, r0, #23
 765 0054 FFF7FEFF 		bl	HAL_GPIO_Init
 766              	.LVL45:
 767              		.loc 1 322 1 is_stmt 0 view .LVU200
 768 0058 DEE7     		b	.L33
 769              	.L37:
 770 005a C046     		.align	2
 771              	.L36:
 772 005c 002C0140 		.word	1073818624
 773 0060 00100240 		.word	1073876992
 774              		.cfi_endproc
 775              	.LFE43:
 777              		.section	.text.HAL_TIM_PWM_MspDeInit,"ax",%progbits
 778              		.align	1
 779              		.global	HAL_TIM_PWM_MspDeInit
 780              		.syntax unified
 781              		.code	16
 782              		.thumb_func
 784              	HAL_TIM_PWM_MspDeInit:
 785              	.LVL46:
 786              	.LFB44:
 323:Src/stm32f0xx_hal_msp.c **** /**
 324:Src/stm32f0xx_hal_msp.c **** * @brief TIM_PWM MSP De-Initialization
 325:Src/stm32f0xx_hal_msp.c **** * This function freeze the hardware resources used in this example
 326:Src/stm32f0xx_hal_msp.c **** * @param htim_pwm: TIM_PWM handle pointer
 327:Src/stm32f0xx_hal_msp.c **** * @retval None
 328:Src/stm32f0xx_hal_msp.c **** */
 329:Src/stm32f0xx_hal_msp.c **** void HAL_TIM_PWM_MspDeInit(TIM_HandleTypeDef* htim_pwm)
 330:Src/stm32f0xx_hal_msp.c **** {
 787              		.loc 1 330 1 is_stmt 1 view -0
 788              		.cfi_startproc
 789              		@ args = 0, pretend = 0, frame = 0
 790              		@ frame_needed = 0, uses_anonymous_args = 0
 791              		.loc 1 330 1 is_stmt 0 view .LVU202
 792 0000 10B5     		push	{r4, lr}
 793              	.LCFI11:
 794              		.cfi_def_cfa_offset 8
 795              		.cfi_offset 4, -8
 796              		.cfi_offset 14, -4
 331:Src/stm32f0xx_hal_msp.c ****   if(htim_pwm->Instance==TIM1)
 797              		.loc 1 331 3 is_stmt 1 view .LVU203
 798              		.loc 1 331 14 is_stmt 0 view .LVU204
 799 0002 0268     		ldr	r2, [r0]
 800              		.loc 1 331 5 view .LVU205
 801 0004 074B     		ldr	r3, .L41
 802 0006 9A42     		cmp	r2, r3
 803 0008 00D0     		beq	.L40
 804              	.LVL47:
 805              	.L38:
 332:Src/stm32f0xx_hal_msp.c ****   {
 333:Src/stm32f0xx_hal_msp.c ****   /* USER CODE BEGIN TIM1_MspDeInit 0 */
 334:Src/stm32f0xx_hal_msp.c **** 
 335:Src/stm32f0xx_hal_msp.c ****   /* USER CODE END TIM1_MspDeInit 0 */
ARM GAS  C:\Users\0.0\AppData\Local\Temp\cctBJU3S.s 			page 23


 336:Src/stm32f0xx_hal_msp.c ****     /* Peripheral clock disable */
 337:Src/stm32f0xx_hal_msp.c ****     __HAL_RCC_TIM1_CLK_DISABLE();
 338:Src/stm32f0xx_hal_msp.c **** 
 339:Src/stm32f0xx_hal_msp.c ****     /* TIM1 interrupt DeInit */
 340:Src/stm32f0xx_hal_msp.c ****     HAL_NVIC_DisableIRQ(TIM1_BRK_UP_TRG_COM_IRQn);
 341:Src/stm32f0xx_hal_msp.c ****     HAL_NVIC_DisableIRQ(TIM1_CC_IRQn);
 342:Src/stm32f0xx_hal_msp.c ****   /* USER CODE BEGIN TIM1_MspDeInit 1 */
 343:Src/stm32f0xx_hal_msp.c **** 
 344:Src/stm32f0xx_hal_msp.c ****   /* USER CODE END TIM1_MspDeInit 1 */
 345:Src/stm32f0xx_hal_msp.c ****   }
 346:Src/stm32f0xx_hal_msp.c **** 
 347:Src/stm32f0xx_hal_msp.c **** }
 806              		.loc 1 347 1 view .LVU206
 807              		@ sp needed
 808 000a 10BD     		pop	{r4, pc}
 809              	.LVL48:
 810              	.L40:
 337:Src/stm32f0xx_hal_msp.c **** 
 811              		.loc 1 337 5 is_stmt 1 view .LVU207
 812 000c 064A     		ldr	r2, .L41+4
 813 000e 9369     		ldr	r3, [r2, #24]
 814 0010 0649     		ldr	r1, .L41+8
 815 0012 0B40     		ands	r3, r1
 816 0014 9361     		str	r3, [r2, #24]
 340:Src/stm32f0xx_hal_msp.c ****     HAL_NVIC_DisableIRQ(TIM1_CC_IRQn);
 817              		.loc 1 340 5 view .LVU208
 818 0016 0D20     		movs	r0, #13
 819              	.LVL49:
 340:Src/stm32f0xx_hal_msp.c ****     HAL_NVIC_DisableIRQ(TIM1_CC_IRQn);
 820              		.loc 1 340 5 is_stmt 0 view .LVU209
 821 0018 FFF7FEFF 		bl	HAL_NVIC_DisableIRQ
 822              	.LVL50:
 341:Src/stm32f0xx_hal_msp.c ****   /* USER CODE BEGIN TIM1_MspDeInit 1 */
 823              		.loc 1 341 5 is_stmt 1 view .LVU210
 824 001c 0E20     		movs	r0, #14
 825 001e FFF7FEFF 		bl	HAL_NVIC_DisableIRQ
 826              	.LVL51:
 827              		.loc 1 347 1 is_stmt 0 view .LVU211
 828 0022 F2E7     		b	.L38
 829              	.L42:
 830              		.align	2
 831              	.L41:
 832 0024 002C0140 		.word	1073818624
 833 0028 00100240 		.word	1073876992
 834 002c FFF7FFFF 		.word	-2049
 835              		.cfi_endproc
 836              	.LFE44:
 838              		.global	UserTxBuffer
 839              		.section	.bss.UserTxBuffer,"aw",%nobits
 840              		.align	2
 843              	UserTxBuffer:
 844 0000 00000000 		.space	512
 844      00000000 
 844      00000000 
 844      00000000 
 844      00000000 
 845              		.global	UserRxBuffer
ARM GAS  C:\Users\0.0\AppData\Local\Temp\cctBJU3S.s 			page 24


 846              		.section	.bss.UserRxBuffer,"aw",%nobits
 847              		.align	2
 850              	UserRxBuffer:
 851 0000 00000000 		.space	512
 851      00000000 
 851      00000000 
 851      00000000 
 851      00000000 
 852              		.text
 853              	.Letext0:
 854              		.file 2 "Drivers/CMSIS/Device/ST/STM32F0xx/Include/stm32f072xb.h"
 855              		.file 3 "C:/SysGCC/arm-eabi/arm-none-eabi/include/machine/_default_types.h"
 856              		.file 4 "C:/SysGCC/arm-eabi/arm-none-eabi/include/sys/_stdint.h"
 857              		.file 5 "Drivers/STM32F0xx_HAL_Driver/Inc/stm32f0xx_hal_def.h"
 858              		.file 6 "Drivers/STM32F0xx_HAL_Driver/Inc/stm32f0xx_hal_gpio.h"
 859              		.file 7 "Drivers/STM32F0xx_HAL_Driver/Inc/stm32f0xx_hal_dma.h"
 860              		.file 8 "Drivers/STM32F0xx_HAL_Driver/Inc/stm32f0xx_hal_adc.h"
 861              		.file 9 "Drivers/STM32F0xx_HAL_Driver/Inc/stm32f0xx_hal_i2c.h"
 862              		.file 10 "Drivers/STM32F0xx_HAL_Driver/Inc/stm32f0xx_hal_tim.h"
 863              		.file 11 "Inc/usbd_cdc_interface.h"
 864              		.file 12 "Drivers/STM32F0xx_HAL_Driver/Inc/stm32f0xx_hal_cortex.h"
 865              		.file 13 "<built-in>"
ARM GAS  C:\Users\0.0\AppData\Local\Temp\cctBJU3S.s 			page 25


DEFINED SYMBOLS
                            *ABS*:00000000 stm32f0xx_hal_msp.c
C:\Users\0.0\AppData\Local\Temp\cctBJU3S.s:19     .text.HAL_MspInit:00000000 $t
C:\Users\0.0\AppData\Local\Temp\cctBJU3S.s:25     .text.HAL_MspInit:00000000 HAL_MspInit
C:\Users\0.0\AppData\Local\Temp\cctBJU3S.s:76     .text.HAL_MspInit:0000002c $d
C:\Users\0.0\AppData\Local\Temp\cctBJU3S.s:81     .text.HAL_ADC_MspInit:00000000 $t
C:\Users\0.0\AppData\Local\Temp\cctBJU3S.s:87     .text.HAL_ADC_MspInit:00000000 HAL_ADC_MspInit
C:\Users\0.0\AppData\Local\Temp\cctBJU3S.s:229    .text.HAL_ADC_MspInit:00000084 $d
C:\Users\0.0\AppData\Local\Temp\cctBJU3S.s:237    .text.HAL_ADC_MspDeInit:00000000 $t
C:\Users\0.0\AppData\Local\Temp\cctBJU3S.s:243    .text.HAL_ADC_MspDeInit:00000000 HAL_ADC_MspDeInit
C:\Users\0.0\AppData\Local\Temp\cctBJU3S.s:296    .text.HAL_ADC_MspDeInit:0000002c $d
C:\Users\0.0\AppData\Local\Temp\cctBJU3S.s:303    .text.HAL_I2C_MspInit:00000000 $t
C:\Users\0.0\AppData\Local\Temp\cctBJU3S.s:309    .text.HAL_I2C_MspInit:00000000 HAL_I2C_MspInit
C:\Users\0.0\AppData\Local\Temp\cctBJU3S.s:486    .text.HAL_I2C_MspInit:000000a8 $d
C:\Users\0.0\AppData\Local\Temp\cctBJU3S.s:494    .text.HAL_I2C_MspDeInit:00000000 $t
C:\Users\0.0\AppData\Local\Temp\cctBJU3S.s:500    .text.HAL_I2C_MspDeInit:00000000 HAL_I2C_MspDeInit
C:\Users\0.0\AppData\Local\Temp\cctBJU3S.s:567    .text.HAL_I2C_MspDeInit:0000003c $d
C:\Users\0.0\AppData\Local\Temp\cctBJU3S.s:577    .text.HAL_TIM_PWM_MspInit:00000000 $t
C:\Users\0.0\AppData\Local\Temp\cctBJU3S.s:583    .text.HAL_TIM_PWM_MspInit:00000000 HAL_TIM_PWM_MspInit
C:\Users\0.0\AppData\Local\Temp\cctBJU3S.s:658    .text.HAL_TIM_PWM_MspInit:00000048 $d
C:\Users\0.0\AppData\Local\Temp\cctBJU3S.s:664    .text.HAL_TIM_MspPostInit:00000000 $t
C:\Users\0.0\AppData\Local\Temp\cctBJU3S.s:670    .text.HAL_TIM_MspPostInit:00000000 HAL_TIM_MspPostInit
C:\Users\0.0\AppData\Local\Temp\cctBJU3S.s:772    .text.HAL_TIM_MspPostInit:0000005c $d
C:\Users\0.0\AppData\Local\Temp\cctBJU3S.s:778    .text.HAL_TIM_PWM_MspDeInit:00000000 $t
C:\Users\0.0\AppData\Local\Temp\cctBJU3S.s:784    .text.HAL_TIM_PWM_MspDeInit:00000000 HAL_TIM_PWM_MspDeInit
C:\Users\0.0\AppData\Local\Temp\cctBJU3S.s:832    .text.HAL_TIM_PWM_MspDeInit:00000024 $d
C:\Users\0.0\AppData\Local\Temp\cctBJU3S.s:843    .bss.UserTxBuffer:00000000 UserTxBuffer
C:\Users\0.0\AppData\Local\Temp\cctBJU3S.s:840    .bss.UserTxBuffer:00000000 $d
C:\Users\0.0\AppData\Local\Temp\cctBJU3S.s:850    .bss.UserRxBuffer:00000000 UserRxBuffer
C:\Users\0.0\AppData\Local\Temp\cctBJU3S.s:847    .bss.UserRxBuffer:00000000 $d

UNDEFINED SYMBOLS
memset
HAL_GPIO_Init
HAL_DMA_Init
hdma_adc
HAL_GPIO_DeInit
HAL_DMA_DeInit
HAL_NVIC_SetPriority
HAL_NVIC_EnableIRQ
HAL_NVIC_DisableIRQ
