ARM GAS  C:\Users\0.0\AppData\Local\Temp\ccrBysGj.s 			page 1


   1              		.cpu cortex-m0
   2              		.arch armv6s-m
   3              		.fpu softvfp
   4              		.eabi_attribute 20, 1
   5              		.eabi_attribute 21, 1
   6              		.eabi_attribute 23, 3
   7              		.eabi_attribute 24, 1
   8              		.eabi_attribute 25, 1
   9              		.eabi_attribute 26, 1
  10              		.eabi_attribute 30, 1
  11              		.eabi_attribute 34, 0
  12              		.eabi_attribute 18, 4
  13              		.file	"stm32f0xx_hal.c"
  14              		.text
  15              	.Ltext0:
  16              		.cfi_sections	.debug_frame
  17              		.file 1 "Drivers/STM32F0xx_HAL_Driver/Src/stm32f0xx_hal.c"
  18              		.section	.text.HAL_MspInit,"ax",%progbits
  19              		.align	1
  20              		.weak	HAL_MspInit
  21              		.syntax unified
  22              		.code	16
  23              		.thumb_func
  25              	HAL_MspInit:
  26              	.LFB39:
   1:Drivers/STM32F0xx_HAL_Driver/Src/stm32f0xx_hal.c **** /**
   2:Drivers/STM32F0xx_HAL_Driver/Src/stm32f0xx_hal.c ****   ******************************************************************************
   3:Drivers/STM32F0xx_HAL_Driver/Src/stm32f0xx_hal.c ****   * @file    stm32f0xx_hal.c
   4:Drivers/STM32F0xx_HAL_Driver/Src/stm32f0xx_hal.c ****   * @author  MCD Application Team
   5:Drivers/STM32F0xx_HAL_Driver/Src/stm32f0xx_hal.c ****   * @brief   HAL module driver.
   6:Drivers/STM32F0xx_HAL_Driver/Src/stm32f0xx_hal.c ****   *          This is the common part of the HAL initialization
   7:Drivers/STM32F0xx_HAL_Driver/Src/stm32f0xx_hal.c ****   *
   8:Drivers/STM32F0xx_HAL_Driver/Src/stm32f0xx_hal.c ****   @verbatim
   9:Drivers/STM32F0xx_HAL_Driver/Src/stm32f0xx_hal.c ****   ==============================================================================
  10:Drivers/STM32F0xx_HAL_Driver/Src/stm32f0xx_hal.c ****                      ##### How to use this driver #####
  11:Drivers/STM32F0xx_HAL_Driver/Src/stm32f0xx_hal.c ****   ==============================================================================
  12:Drivers/STM32F0xx_HAL_Driver/Src/stm32f0xx_hal.c ****     [..]
  13:Drivers/STM32F0xx_HAL_Driver/Src/stm32f0xx_hal.c ****     The common HAL driver contains a set of generic and common APIs that can be
  14:Drivers/STM32F0xx_HAL_Driver/Src/stm32f0xx_hal.c ****     used by the PPP peripheral drivers and the user to start using the HAL. 
  15:Drivers/STM32F0xx_HAL_Driver/Src/stm32f0xx_hal.c ****     [..]
  16:Drivers/STM32F0xx_HAL_Driver/Src/stm32f0xx_hal.c ****     The HAL contains two APIs categories:
  17:Drivers/STM32F0xx_HAL_Driver/Src/stm32f0xx_hal.c ****          (+) HAL Initialization and de-initialization functions
  18:Drivers/STM32F0xx_HAL_Driver/Src/stm32f0xx_hal.c ****          (+) HAL Control functions
  19:Drivers/STM32F0xx_HAL_Driver/Src/stm32f0xx_hal.c **** 
  20:Drivers/STM32F0xx_HAL_Driver/Src/stm32f0xx_hal.c ****   @endverbatim
  21:Drivers/STM32F0xx_HAL_Driver/Src/stm32f0xx_hal.c ****   ******************************************************************************
  22:Drivers/STM32F0xx_HAL_Driver/Src/stm32f0xx_hal.c ****   * @attention
  23:Drivers/STM32F0xx_HAL_Driver/Src/stm32f0xx_hal.c ****   *
  24:Drivers/STM32F0xx_HAL_Driver/Src/stm32f0xx_hal.c ****   * <h2><center>&copy; COPYRIGHT(c) 2016 STMicroelectronics</center></h2>
  25:Drivers/STM32F0xx_HAL_Driver/Src/stm32f0xx_hal.c ****   *
  26:Drivers/STM32F0xx_HAL_Driver/Src/stm32f0xx_hal.c ****   * Redistribution and use in source and binary forms, with or without modification,
  27:Drivers/STM32F0xx_HAL_Driver/Src/stm32f0xx_hal.c ****   * are permitted provided that the following conditions are met:
  28:Drivers/STM32F0xx_HAL_Driver/Src/stm32f0xx_hal.c ****   *   1. Redistributions of source code must retain the above copyright notice,
  29:Drivers/STM32F0xx_HAL_Driver/Src/stm32f0xx_hal.c ****   *      this list of conditions and the following disclaimer.
  30:Drivers/STM32F0xx_HAL_Driver/Src/stm32f0xx_hal.c ****   *   2. Redistributions in binary form must reproduce the above copyright notice,
  31:Drivers/STM32F0xx_HAL_Driver/Src/stm32f0xx_hal.c ****   *      this list of conditions and the following disclaimer in the documentation
  32:Drivers/STM32F0xx_HAL_Driver/Src/stm32f0xx_hal.c ****   *      and/or other materials provided with the distribution.
ARM GAS  C:\Users\0.0\AppData\Local\Temp\ccrBysGj.s 			page 2


  33:Drivers/STM32F0xx_HAL_Driver/Src/stm32f0xx_hal.c ****   *   3. Neither the name of STMicroelectronics nor the names of its contributors
  34:Drivers/STM32F0xx_HAL_Driver/Src/stm32f0xx_hal.c ****   *      may be used to endorse or promote products derived from this software
  35:Drivers/STM32F0xx_HAL_Driver/Src/stm32f0xx_hal.c ****   *      without specific prior written permission.
  36:Drivers/STM32F0xx_HAL_Driver/Src/stm32f0xx_hal.c ****   *
  37:Drivers/STM32F0xx_HAL_Driver/Src/stm32f0xx_hal.c ****   * THIS SOFTWARE IS PROVIDED BY THE COPYRIGHT HOLDERS AND CONTRIBUTORS "AS IS"
  38:Drivers/STM32F0xx_HAL_Driver/Src/stm32f0xx_hal.c ****   * AND ANY EXPRESS OR IMPLIED WARRANTIES, INCLUDING, BUT NOT LIMITED TO, THE
  39:Drivers/STM32F0xx_HAL_Driver/Src/stm32f0xx_hal.c ****   * IMPLIED WARRANTIES OF MERCHANTABILITY AND FITNESS FOR A PARTICULAR PURPOSE ARE
  40:Drivers/STM32F0xx_HAL_Driver/Src/stm32f0xx_hal.c ****   * DISCLAIMED. IN NO EVENT SHALL THE COPYRIGHT HOLDER OR CONTRIBUTORS BE LIABLE
  41:Drivers/STM32F0xx_HAL_Driver/Src/stm32f0xx_hal.c ****   * FOR ANY DIRECT, INDIRECT, INCIDENTAL, SPECIAL, EXEMPLARY, OR CONSEQUENTIAL
  42:Drivers/STM32F0xx_HAL_Driver/Src/stm32f0xx_hal.c ****   * DAMAGES (INCLUDING, BUT NOT LIMITED TO, PROCUREMENT OF SUBSTITUTE GOODS OR
  43:Drivers/STM32F0xx_HAL_Driver/Src/stm32f0xx_hal.c ****   * SERVICES; LOSS OF USE, DATA, OR PROFITS; OR BUSINESS INTERRUPTION) HOWEVER
  44:Drivers/STM32F0xx_HAL_Driver/Src/stm32f0xx_hal.c ****   * CAUSED AND ON ANY THEORY OF LIABILITY, WHETHER IN CONTRACT, STRICT LIABILITY,
  45:Drivers/STM32F0xx_HAL_Driver/Src/stm32f0xx_hal.c ****   * OR TORT (INCLUDING NEGLIGENCE OR OTHERWISE) ARISING IN ANY WAY OUT OF THE USE
  46:Drivers/STM32F0xx_HAL_Driver/Src/stm32f0xx_hal.c ****   * OF THIS SOFTWARE, EVEN IF ADVISED OF THE POSSIBILITY OF SUCH DAMAGE.
  47:Drivers/STM32F0xx_HAL_Driver/Src/stm32f0xx_hal.c ****   *
  48:Drivers/STM32F0xx_HAL_Driver/Src/stm32f0xx_hal.c ****   ******************************************************************************
  49:Drivers/STM32F0xx_HAL_Driver/Src/stm32f0xx_hal.c ****   */
  50:Drivers/STM32F0xx_HAL_Driver/Src/stm32f0xx_hal.c **** 
  51:Drivers/STM32F0xx_HAL_Driver/Src/stm32f0xx_hal.c **** /* Includes ------------------------------------------------------------------*/
  52:Drivers/STM32F0xx_HAL_Driver/Src/stm32f0xx_hal.c **** #include "stm32f0xx_hal.h"
  53:Drivers/STM32F0xx_HAL_Driver/Src/stm32f0xx_hal.c **** 
  54:Drivers/STM32F0xx_HAL_Driver/Src/stm32f0xx_hal.c **** /** @addtogroup STM32F0xx_HAL_Driver
  55:Drivers/STM32F0xx_HAL_Driver/Src/stm32f0xx_hal.c ****   * @{
  56:Drivers/STM32F0xx_HAL_Driver/Src/stm32f0xx_hal.c ****   */
  57:Drivers/STM32F0xx_HAL_Driver/Src/stm32f0xx_hal.c **** 
  58:Drivers/STM32F0xx_HAL_Driver/Src/stm32f0xx_hal.c **** /** @defgroup HAL HAL
  59:Drivers/STM32F0xx_HAL_Driver/Src/stm32f0xx_hal.c ****   * @brief HAL module driver.
  60:Drivers/STM32F0xx_HAL_Driver/Src/stm32f0xx_hal.c ****   * @{
  61:Drivers/STM32F0xx_HAL_Driver/Src/stm32f0xx_hal.c ****   */
  62:Drivers/STM32F0xx_HAL_Driver/Src/stm32f0xx_hal.c **** 
  63:Drivers/STM32F0xx_HAL_Driver/Src/stm32f0xx_hal.c **** #ifdef HAL_MODULE_ENABLED
  64:Drivers/STM32F0xx_HAL_Driver/Src/stm32f0xx_hal.c **** 
  65:Drivers/STM32F0xx_HAL_Driver/Src/stm32f0xx_hal.c **** /* Private typedef -----------------------------------------------------------*/
  66:Drivers/STM32F0xx_HAL_Driver/Src/stm32f0xx_hal.c **** /* Private define ------------------------------------------------------------*/
  67:Drivers/STM32F0xx_HAL_Driver/Src/stm32f0xx_hal.c **** /** @defgroup HAL_Private_Constants HAL Private Constants
  68:Drivers/STM32F0xx_HAL_Driver/Src/stm32f0xx_hal.c ****   * @{
  69:Drivers/STM32F0xx_HAL_Driver/Src/stm32f0xx_hal.c ****   */
  70:Drivers/STM32F0xx_HAL_Driver/Src/stm32f0xx_hal.c **** /** 
  71:Drivers/STM32F0xx_HAL_Driver/Src/stm32f0xx_hal.c ****   * @brief STM32F0xx HAL Driver version number V1.7.2
  72:Drivers/STM32F0xx_HAL_Driver/Src/stm32f0xx_hal.c ****   */
  73:Drivers/STM32F0xx_HAL_Driver/Src/stm32f0xx_hal.c **** #define __STM32F0xx_HAL_VERSION_MAIN   (0x01) /*!< [31:24] main version */
  74:Drivers/STM32F0xx_HAL_Driver/Src/stm32f0xx_hal.c **** #define __STM32F0xx_HAL_VERSION_SUB1   (0x07) /*!< [23:16] sub1 version */
  75:Drivers/STM32F0xx_HAL_Driver/Src/stm32f0xx_hal.c **** #define __STM32F0xx_HAL_VERSION_SUB2   (0x02) /*!< [15:8]  sub2 version */
  76:Drivers/STM32F0xx_HAL_Driver/Src/stm32f0xx_hal.c **** #define __STM32F0xx_HAL_VERSION_RC     (0x00) /*!< [7:0]  release candidate */ 
  77:Drivers/STM32F0xx_HAL_Driver/Src/stm32f0xx_hal.c **** #define __STM32F0xx_HAL_VERSION         ((__STM32F0xx_HAL_VERSION_MAIN << 24U)\
  78:Drivers/STM32F0xx_HAL_Driver/Src/stm32f0xx_hal.c ****                                         |(__STM32F0xx_HAL_VERSION_SUB1 << 16U)\
  79:Drivers/STM32F0xx_HAL_Driver/Src/stm32f0xx_hal.c ****                                         |(__STM32F0xx_HAL_VERSION_SUB2 << 8U )\
  80:Drivers/STM32F0xx_HAL_Driver/Src/stm32f0xx_hal.c ****                                         |(__STM32F0xx_HAL_VERSION_RC))
  81:Drivers/STM32F0xx_HAL_Driver/Src/stm32f0xx_hal.c **** 
  82:Drivers/STM32F0xx_HAL_Driver/Src/stm32f0xx_hal.c **** #define IDCODE_DEVID_MASK    (0x00000FFFU)
  83:Drivers/STM32F0xx_HAL_Driver/Src/stm32f0xx_hal.c **** /**
  84:Drivers/STM32F0xx_HAL_Driver/Src/stm32f0xx_hal.c ****   * @}
  85:Drivers/STM32F0xx_HAL_Driver/Src/stm32f0xx_hal.c ****   */
  86:Drivers/STM32F0xx_HAL_Driver/Src/stm32f0xx_hal.c **** 
  87:Drivers/STM32F0xx_HAL_Driver/Src/stm32f0xx_hal.c **** /* Private macro -------------------------------------------------------------*/
  88:Drivers/STM32F0xx_HAL_Driver/Src/stm32f0xx_hal.c **** /** @defgroup HAL_Private_Macros HAL Private Macros
  89:Drivers/STM32F0xx_HAL_Driver/Src/stm32f0xx_hal.c ****   * @{
ARM GAS  C:\Users\0.0\AppData\Local\Temp\ccrBysGj.s 			page 3


  90:Drivers/STM32F0xx_HAL_Driver/Src/stm32f0xx_hal.c ****   */
  91:Drivers/STM32F0xx_HAL_Driver/Src/stm32f0xx_hal.c **** /**
  92:Drivers/STM32F0xx_HAL_Driver/Src/stm32f0xx_hal.c ****   * @}
  93:Drivers/STM32F0xx_HAL_Driver/Src/stm32f0xx_hal.c ****   */
  94:Drivers/STM32F0xx_HAL_Driver/Src/stm32f0xx_hal.c **** 
  95:Drivers/STM32F0xx_HAL_Driver/Src/stm32f0xx_hal.c **** /* Private variables ---------------------------------------------------------*/
  96:Drivers/STM32F0xx_HAL_Driver/Src/stm32f0xx_hal.c **** /** @defgroup HAL_Private_Variables HAL Private Variables
  97:Drivers/STM32F0xx_HAL_Driver/Src/stm32f0xx_hal.c ****   * @{
  98:Drivers/STM32F0xx_HAL_Driver/Src/stm32f0xx_hal.c ****   */
  99:Drivers/STM32F0xx_HAL_Driver/Src/stm32f0xx_hal.c **** __IO uint32_t uwTick;
 100:Drivers/STM32F0xx_HAL_Driver/Src/stm32f0xx_hal.c **** /**
 101:Drivers/STM32F0xx_HAL_Driver/Src/stm32f0xx_hal.c ****   * @}
 102:Drivers/STM32F0xx_HAL_Driver/Src/stm32f0xx_hal.c ****   */
 103:Drivers/STM32F0xx_HAL_Driver/Src/stm32f0xx_hal.c **** /* Private function prototypes -----------------------------------------------*/
 104:Drivers/STM32F0xx_HAL_Driver/Src/stm32f0xx_hal.c **** /* Exported functions ---------------------------------------------------------*/
 105:Drivers/STM32F0xx_HAL_Driver/Src/stm32f0xx_hal.c **** 
 106:Drivers/STM32F0xx_HAL_Driver/Src/stm32f0xx_hal.c **** /** @defgroup HAL_Exported_Functions HAL Exported Functions
 107:Drivers/STM32F0xx_HAL_Driver/Src/stm32f0xx_hal.c ****   * @{
 108:Drivers/STM32F0xx_HAL_Driver/Src/stm32f0xx_hal.c ****   */
 109:Drivers/STM32F0xx_HAL_Driver/Src/stm32f0xx_hal.c **** 
 110:Drivers/STM32F0xx_HAL_Driver/Src/stm32f0xx_hal.c **** /** @defgroup HAL_Exported_Functions_Group1 Initialization and de-initialization Functions 
 111:Drivers/STM32F0xx_HAL_Driver/Src/stm32f0xx_hal.c ****   * @brief    Initialization and de-initialization functions
 112:Drivers/STM32F0xx_HAL_Driver/Src/stm32f0xx_hal.c ****   *
 113:Drivers/STM32F0xx_HAL_Driver/Src/stm32f0xx_hal.c **** @verbatim
 114:Drivers/STM32F0xx_HAL_Driver/Src/stm32f0xx_hal.c ****  ===============================================================================
 115:Drivers/STM32F0xx_HAL_Driver/Src/stm32f0xx_hal.c ****               ##### Initialization and de-initialization functions #####
 116:Drivers/STM32F0xx_HAL_Driver/Src/stm32f0xx_hal.c ****  ===============================================================================
 117:Drivers/STM32F0xx_HAL_Driver/Src/stm32f0xx_hal.c ****    [..]  This section provides functions allowing to:
 118:Drivers/STM32F0xx_HAL_Driver/Src/stm32f0xx_hal.c ****       (+) Initializes the Flash interface, the NVIC allocation and initial clock 
 119:Drivers/STM32F0xx_HAL_Driver/Src/stm32f0xx_hal.c ****           configuration. It initializes the source of time base also when timeout 
 120:Drivers/STM32F0xx_HAL_Driver/Src/stm32f0xx_hal.c ****           is needed and the backup domain when enabled.
 121:Drivers/STM32F0xx_HAL_Driver/Src/stm32f0xx_hal.c ****       (+) de-Initializes common part of the HAL.
 122:Drivers/STM32F0xx_HAL_Driver/Src/stm32f0xx_hal.c ****       (+) Configure The time base source to have 1ms time base with a dedicated 
 123:Drivers/STM32F0xx_HAL_Driver/Src/stm32f0xx_hal.c ****           Tick interrupt priority. 
 124:Drivers/STM32F0xx_HAL_Driver/Src/stm32f0xx_hal.c ****         (++) Systick timer is used by default as source of time base, but user 
 125:Drivers/STM32F0xx_HAL_Driver/Src/stm32f0xx_hal.c ****              can eventually implement his proper time base source (a general purpose 
 126:Drivers/STM32F0xx_HAL_Driver/Src/stm32f0xx_hal.c ****              timer for example or other time source), keeping in mind that Time base 
 127:Drivers/STM32F0xx_HAL_Driver/Src/stm32f0xx_hal.c ****              duration should be kept 1ms since PPP_TIMEOUT_VALUEs are defined and 
 128:Drivers/STM32F0xx_HAL_Driver/Src/stm32f0xx_hal.c ****              handled in milliseconds basis.
 129:Drivers/STM32F0xx_HAL_Driver/Src/stm32f0xx_hal.c ****         (++) Time base configuration function (HAL_InitTick ()) is called automatically 
 130:Drivers/STM32F0xx_HAL_Driver/Src/stm32f0xx_hal.c ****              at the beginning of the program after reset by HAL_Init() or at any time 
 131:Drivers/STM32F0xx_HAL_Driver/Src/stm32f0xx_hal.c ****              when clock is configured, by HAL_RCC_ClockConfig(). 
 132:Drivers/STM32F0xx_HAL_Driver/Src/stm32f0xx_hal.c ****         (++) Source of time base is configured  to generate interrupts at regular 
 133:Drivers/STM32F0xx_HAL_Driver/Src/stm32f0xx_hal.c ****              time intervals. Care must be taken if HAL_Delay() is called from a 
 134:Drivers/STM32F0xx_HAL_Driver/Src/stm32f0xx_hal.c ****              peripheral ISR process, the Tick interrupt line must have higher priority 
 135:Drivers/STM32F0xx_HAL_Driver/Src/stm32f0xx_hal.c ****             (numerically lower) than the peripheral interrupt. Otherwise the caller 
 136:Drivers/STM32F0xx_HAL_Driver/Src/stm32f0xx_hal.c ****             ISR process will be blocked. 
 137:Drivers/STM32F0xx_HAL_Driver/Src/stm32f0xx_hal.c ****        (++) functions affecting time base configurations are declared as __Weak  
 138:Drivers/STM32F0xx_HAL_Driver/Src/stm32f0xx_hal.c ****              to make  override possible  in case of other  implementations in user file.
 139:Drivers/STM32F0xx_HAL_Driver/Src/stm32f0xx_hal.c ****  
 140:Drivers/STM32F0xx_HAL_Driver/Src/stm32f0xx_hal.c **** @endverbatim
 141:Drivers/STM32F0xx_HAL_Driver/Src/stm32f0xx_hal.c ****   * @{
 142:Drivers/STM32F0xx_HAL_Driver/Src/stm32f0xx_hal.c ****   */
 143:Drivers/STM32F0xx_HAL_Driver/Src/stm32f0xx_hal.c **** 
 144:Drivers/STM32F0xx_HAL_Driver/Src/stm32f0xx_hal.c **** /**
 145:Drivers/STM32F0xx_HAL_Driver/Src/stm32f0xx_hal.c ****   * @brief  This function configures the Flash prefetch,
 146:Drivers/STM32F0xx_HAL_Driver/Src/stm32f0xx_hal.c ****   *        Configures time base source, NVIC and Low level hardware
ARM GAS  C:\Users\0.0\AppData\Local\Temp\ccrBysGj.s 			page 4


 147:Drivers/STM32F0xx_HAL_Driver/Src/stm32f0xx_hal.c ****   * @note This function is called at the beginning of program after reset and before 
 148:Drivers/STM32F0xx_HAL_Driver/Src/stm32f0xx_hal.c ****   *       the clock configuration
 149:Drivers/STM32F0xx_HAL_Driver/Src/stm32f0xx_hal.c ****   * @note The time base configuration is based on HSI clock when exiting from Reset.
 150:Drivers/STM32F0xx_HAL_Driver/Src/stm32f0xx_hal.c ****   *       Once done, time base tick start incrementing.
 151:Drivers/STM32F0xx_HAL_Driver/Src/stm32f0xx_hal.c ****   *       In the default implementation,Systick is used as source of time base.
 152:Drivers/STM32F0xx_HAL_Driver/Src/stm32f0xx_hal.c ****   *       The tick variable is incremented each 1ms in its ISR.
 153:Drivers/STM32F0xx_HAL_Driver/Src/stm32f0xx_hal.c ****   * @retval HAL status
 154:Drivers/STM32F0xx_HAL_Driver/Src/stm32f0xx_hal.c ****   */
 155:Drivers/STM32F0xx_HAL_Driver/Src/stm32f0xx_hal.c **** HAL_StatusTypeDef HAL_Init(void)
 156:Drivers/STM32F0xx_HAL_Driver/Src/stm32f0xx_hal.c **** {
 157:Drivers/STM32F0xx_HAL_Driver/Src/stm32f0xx_hal.c ****   /* Configure Flash prefetch */ 
 158:Drivers/STM32F0xx_HAL_Driver/Src/stm32f0xx_hal.c **** #if (PREFETCH_ENABLE != 0)
 159:Drivers/STM32F0xx_HAL_Driver/Src/stm32f0xx_hal.c ****   __HAL_FLASH_PREFETCH_BUFFER_ENABLE();
 160:Drivers/STM32F0xx_HAL_Driver/Src/stm32f0xx_hal.c **** #endif /* PREFETCH_ENABLE */
 161:Drivers/STM32F0xx_HAL_Driver/Src/stm32f0xx_hal.c **** 
 162:Drivers/STM32F0xx_HAL_Driver/Src/stm32f0xx_hal.c ****   /* Use systick as time base source and configure 1ms tick (default clock after Reset is HSI) */
 163:Drivers/STM32F0xx_HAL_Driver/Src/stm32f0xx_hal.c **** 
 164:Drivers/STM32F0xx_HAL_Driver/Src/stm32f0xx_hal.c ****   HAL_InitTick(TICK_INT_PRIORITY);
 165:Drivers/STM32F0xx_HAL_Driver/Src/stm32f0xx_hal.c **** 
 166:Drivers/STM32F0xx_HAL_Driver/Src/stm32f0xx_hal.c ****   /* Init the low level hardware */
 167:Drivers/STM32F0xx_HAL_Driver/Src/stm32f0xx_hal.c ****   HAL_MspInit();
 168:Drivers/STM32F0xx_HAL_Driver/Src/stm32f0xx_hal.c **** 
 169:Drivers/STM32F0xx_HAL_Driver/Src/stm32f0xx_hal.c ****   /* Return function status */
 170:Drivers/STM32F0xx_HAL_Driver/Src/stm32f0xx_hal.c ****   return HAL_OK;
 171:Drivers/STM32F0xx_HAL_Driver/Src/stm32f0xx_hal.c **** }
 172:Drivers/STM32F0xx_HAL_Driver/Src/stm32f0xx_hal.c **** 
 173:Drivers/STM32F0xx_HAL_Driver/Src/stm32f0xx_hal.c **** /**
 174:Drivers/STM32F0xx_HAL_Driver/Src/stm32f0xx_hal.c ****   * @brief This function de-Initializes common part of the HAL and stops the source
 175:Drivers/STM32F0xx_HAL_Driver/Src/stm32f0xx_hal.c ****   *        of time base.
 176:Drivers/STM32F0xx_HAL_Driver/Src/stm32f0xx_hal.c ****   * @note This function is optional.
 177:Drivers/STM32F0xx_HAL_Driver/Src/stm32f0xx_hal.c ****   * @retval HAL status
 178:Drivers/STM32F0xx_HAL_Driver/Src/stm32f0xx_hal.c ****   */
 179:Drivers/STM32F0xx_HAL_Driver/Src/stm32f0xx_hal.c **** HAL_StatusTypeDef HAL_DeInit(void)
 180:Drivers/STM32F0xx_HAL_Driver/Src/stm32f0xx_hal.c **** {
 181:Drivers/STM32F0xx_HAL_Driver/Src/stm32f0xx_hal.c ****   /* Reset of all peripherals */
 182:Drivers/STM32F0xx_HAL_Driver/Src/stm32f0xx_hal.c ****   __HAL_RCC_APB1_FORCE_RESET();
 183:Drivers/STM32F0xx_HAL_Driver/Src/stm32f0xx_hal.c ****   __HAL_RCC_APB1_RELEASE_RESET();
 184:Drivers/STM32F0xx_HAL_Driver/Src/stm32f0xx_hal.c **** 
 185:Drivers/STM32F0xx_HAL_Driver/Src/stm32f0xx_hal.c ****   __HAL_RCC_APB2_FORCE_RESET();
 186:Drivers/STM32F0xx_HAL_Driver/Src/stm32f0xx_hal.c ****   __HAL_RCC_APB2_RELEASE_RESET();
 187:Drivers/STM32F0xx_HAL_Driver/Src/stm32f0xx_hal.c **** 
 188:Drivers/STM32F0xx_HAL_Driver/Src/stm32f0xx_hal.c ****   __HAL_RCC_AHB_FORCE_RESET();
 189:Drivers/STM32F0xx_HAL_Driver/Src/stm32f0xx_hal.c ****   __HAL_RCC_AHB_RELEASE_RESET();
 190:Drivers/STM32F0xx_HAL_Driver/Src/stm32f0xx_hal.c **** 
 191:Drivers/STM32F0xx_HAL_Driver/Src/stm32f0xx_hal.c ****   /* De-Init the low level hardware */
 192:Drivers/STM32F0xx_HAL_Driver/Src/stm32f0xx_hal.c ****   HAL_MspDeInit();
 193:Drivers/STM32F0xx_HAL_Driver/Src/stm32f0xx_hal.c ****     
 194:Drivers/STM32F0xx_HAL_Driver/Src/stm32f0xx_hal.c ****   /* Return function status */
 195:Drivers/STM32F0xx_HAL_Driver/Src/stm32f0xx_hal.c ****   return HAL_OK;
 196:Drivers/STM32F0xx_HAL_Driver/Src/stm32f0xx_hal.c **** }
 197:Drivers/STM32F0xx_HAL_Driver/Src/stm32f0xx_hal.c **** 
 198:Drivers/STM32F0xx_HAL_Driver/Src/stm32f0xx_hal.c **** /**
 199:Drivers/STM32F0xx_HAL_Driver/Src/stm32f0xx_hal.c ****   * @brief  Initializes the MSP.
 200:Drivers/STM32F0xx_HAL_Driver/Src/stm32f0xx_hal.c ****   * @retval None
 201:Drivers/STM32F0xx_HAL_Driver/Src/stm32f0xx_hal.c ****   */
 202:Drivers/STM32F0xx_HAL_Driver/Src/stm32f0xx_hal.c **** __weak void HAL_MspInit(void)
 203:Drivers/STM32F0xx_HAL_Driver/Src/stm32f0xx_hal.c **** {
ARM GAS  C:\Users\0.0\AppData\Local\Temp\ccrBysGj.s 			page 5


  27              		.loc 1 203 1 view -0
  28              		.cfi_startproc
  29              		@ args = 0, pretend = 0, frame = 0
  30              		@ frame_needed = 0, uses_anonymous_args = 0
  31              		@ link register save eliminated.
 204:Drivers/STM32F0xx_HAL_Driver/Src/stm32f0xx_hal.c ****   /* NOTE : This function Should not be modified, when the callback is needed,
 205:Drivers/STM32F0xx_HAL_Driver/Src/stm32f0xx_hal.c ****             the HAL_MspInit could be implemented in the user file
 206:Drivers/STM32F0xx_HAL_Driver/Src/stm32f0xx_hal.c ****    */
 207:Drivers/STM32F0xx_HAL_Driver/Src/stm32f0xx_hal.c **** }
  32              		.loc 1 207 1 view .LVU1
  33              		@ sp needed
  34 0000 7047     		bx	lr
  35              		.cfi_endproc
  36              	.LFE39:
  38              		.section	.text.HAL_MspDeInit,"ax",%progbits
  39              		.align	1
  40              		.weak	HAL_MspDeInit
  41              		.syntax unified
  42              		.code	16
  43              		.thumb_func
  45              	HAL_MspDeInit:
  46              	.LFB40:
 208:Drivers/STM32F0xx_HAL_Driver/Src/stm32f0xx_hal.c **** 
 209:Drivers/STM32F0xx_HAL_Driver/Src/stm32f0xx_hal.c **** /**
 210:Drivers/STM32F0xx_HAL_Driver/Src/stm32f0xx_hal.c ****   * @brief  DeInitializes the MSP.
 211:Drivers/STM32F0xx_HAL_Driver/Src/stm32f0xx_hal.c ****   * @retval None
 212:Drivers/STM32F0xx_HAL_Driver/Src/stm32f0xx_hal.c ****   */
 213:Drivers/STM32F0xx_HAL_Driver/Src/stm32f0xx_hal.c **** __weak void HAL_MspDeInit(void)
 214:Drivers/STM32F0xx_HAL_Driver/Src/stm32f0xx_hal.c **** {
  47              		.loc 1 214 1 view -0
  48              		.cfi_startproc
  49              		@ args = 0, pretend = 0, frame = 0
  50              		@ frame_needed = 0, uses_anonymous_args = 0
  51              		@ link register save eliminated.
 215:Drivers/STM32F0xx_HAL_Driver/Src/stm32f0xx_hal.c ****   /* NOTE : This function Should not be modified, when the callback is needed,
 216:Drivers/STM32F0xx_HAL_Driver/Src/stm32f0xx_hal.c ****             the HAL_MspDeInit could be implemented in the user file
 217:Drivers/STM32F0xx_HAL_Driver/Src/stm32f0xx_hal.c ****    */
 218:Drivers/STM32F0xx_HAL_Driver/Src/stm32f0xx_hal.c **** }
  52              		.loc 1 218 1 view .LVU3
  53              		@ sp needed
  54 0000 7047     		bx	lr
  55              		.cfi_endproc
  56              	.LFE40:
  58              		.section	.text.HAL_DeInit,"ax",%progbits
  59              		.align	1
  60              		.global	HAL_DeInit
  61              		.syntax unified
  62              		.code	16
  63              		.thumb_func
  65              	HAL_DeInit:
  66              	.LFB38:
 180:Drivers/STM32F0xx_HAL_Driver/Src/stm32f0xx_hal.c ****   /* Reset of all peripherals */
  67              		.loc 1 180 1 view -0
  68              		.cfi_startproc
  69              		@ args = 0, pretend = 0, frame = 0
  70              		@ frame_needed = 0, uses_anonymous_args = 0
  71 0000 10B5     		push	{r4, lr}
ARM GAS  C:\Users\0.0\AppData\Local\Temp\ccrBysGj.s 			page 6


  72              	.LCFI0:
  73              		.cfi_def_cfa_offset 8
  74              		.cfi_offset 4, -8
  75              		.cfi_offset 14, -4
 182:Drivers/STM32F0xx_HAL_Driver/Src/stm32f0xx_hal.c ****   __HAL_RCC_APB1_RELEASE_RESET();
  76              		.loc 1 182 3 view .LVU5
  77 0002 074B     		ldr	r3, .L4
  78 0004 0121     		movs	r1, #1
  79 0006 4942     		rsbs	r1, r1, #0
  80 0008 1961     		str	r1, [r3, #16]
 183:Drivers/STM32F0xx_HAL_Driver/Src/stm32f0xx_hal.c **** 
  81              		.loc 1 183 3 view .LVU6
  82 000a 0022     		movs	r2, #0
  83 000c 1A61     		str	r2, [r3, #16]
 185:Drivers/STM32F0xx_HAL_Driver/Src/stm32f0xx_hal.c ****   __HAL_RCC_APB2_RELEASE_RESET();
  84              		.loc 1 185 3 view .LVU7
  85 000e D960     		str	r1, [r3, #12]
 186:Drivers/STM32F0xx_HAL_Driver/Src/stm32f0xx_hal.c **** 
  86              		.loc 1 186 3 view .LVU8
  87 0010 DA60     		str	r2, [r3, #12]
 188:Drivers/STM32F0xx_HAL_Driver/Src/stm32f0xx_hal.c ****   __HAL_RCC_AHB_RELEASE_RESET();
  88              		.loc 1 188 3 view .LVU9
  89 0012 9962     		str	r1, [r3, #40]
 189:Drivers/STM32F0xx_HAL_Driver/Src/stm32f0xx_hal.c **** 
  90              		.loc 1 189 3 view .LVU10
  91 0014 9A62     		str	r2, [r3, #40]
 192:Drivers/STM32F0xx_HAL_Driver/Src/stm32f0xx_hal.c ****     
  92              		.loc 1 192 3 view .LVU11
  93 0016 FFF7FEFF 		bl	HAL_MspDeInit
  94              	.LVL0:
 195:Drivers/STM32F0xx_HAL_Driver/Src/stm32f0xx_hal.c **** }
  95              		.loc 1 195 3 view .LVU12
 196:Drivers/STM32F0xx_HAL_Driver/Src/stm32f0xx_hal.c **** 
  96              		.loc 1 196 1 is_stmt 0 view .LVU13
  97 001a 0020     		movs	r0, #0
  98              		@ sp needed
  99 001c 10BD     		pop	{r4, pc}
 100              	.L5:
 101 001e C046     		.align	2
 102              	.L4:
 103 0020 00100240 		.word	1073876992
 104              		.cfi_endproc
 105              	.LFE38:
 107              		.global	__aeabi_uidiv
 108              		.section	.text.HAL_InitTick,"ax",%progbits
 109              		.align	1
 110              		.weak	HAL_InitTick
 111              		.syntax unified
 112              		.code	16
 113              		.thumb_func
 115              	HAL_InitTick:
 116              	.LVL1:
 117              	.LFB41:
 219:Drivers/STM32F0xx_HAL_Driver/Src/stm32f0xx_hal.c **** 
 220:Drivers/STM32F0xx_HAL_Driver/Src/stm32f0xx_hal.c **** /**
 221:Drivers/STM32F0xx_HAL_Driver/Src/stm32f0xx_hal.c ****   * @brief This function configures the source of the time base. 
 222:Drivers/STM32F0xx_HAL_Driver/Src/stm32f0xx_hal.c ****   *        The time source is configured  to have 1ms time base with a dedicated 
ARM GAS  C:\Users\0.0\AppData\Local\Temp\ccrBysGj.s 			page 7


 223:Drivers/STM32F0xx_HAL_Driver/Src/stm32f0xx_hal.c ****   *        Tick interrupt priority.
 224:Drivers/STM32F0xx_HAL_Driver/Src/stm32f0xx_hal.c ****   * @note This function is called  automatically at the beginning of program after
 225:Drivers/STM32F0xx_HAL_Driver/Src/stm32f0xx_hal.c ****   *       reset by HAL_Init() or at any time when clock is reconfigured  by HAL_RCC_ClockConfig(). 
 226:Drivers/STM32F0xx_HAL_Driver/Src/stm32f0xx_hal.c ****   * @note In the default implementation, SysTick timer is the source of time base. 
 227:Drivers/STM32F0xx_HAL_Driver/Src/stm32f0xx_hal.c ****   *       It is used to generate interrupts at regular time intervals. 
 228:Drivers/STM32F0xx_HAL_Driver/Src/stm32f0xx_hal.c ****   *       Care must be taken if HAL_Delay() is called from a peripheral ISR process, 
 229:Drivers/STM32F0xx_HAL_Driver/Src/stm32f0xx_hal.c ****   *       The the SysTick interrupt must have higher priority (numerically lower) 
 230:Drivers/STM32F0xx_HAL_Driver/Src/stm32f0xx_hal.c ****   *       than the peripheral interrupt. Otherwise the caller ISR process will be blocked.
 231:Drivers/STM32F0xx_HAL_Driver/Src/stm32f0xx_hal.c ****   *       The function is declared as __Weak  to be overwritten  in case of other
 232:Drivers/STM32F0xx_HAL_Driver/Src/stm32f0xx_hal.c ****   *       implementation  in user file.
 233:Drivers/STM32F0xx_HAL_Driver/Src/stm32f0xx_hal.c ****   * @param TickPriority Tick interrupt priority.
 234:Drivers/STM32F0xx_HAL_Driver/Src/stm32f0xx_hal.c ****   * @retval HAL status
 235:Drivers/STM32F0xx_HAL_Driver/Src/stm32f0xx_hal.c ****   */
 236:Drivers/STM32F0xx_HAL_Driver/Src/stm32f0xx_hal.c **** __weak HAL_StatusTypeDef HAL_InitTick(uint32_t TickPriority)
 237:Drivers/STM32F0xx_HAL_Driver/Src/stm32f0xx_hal.c **** {
 118              		.loc 1 237 1 is_stmt 1 view -0
 119              		.cfi_startproc
 120              		@ args = 0, pretend = 0, frame = 0
 121              		@ frame_needed = 0, uses_anonymous_args = 0
 122              		.loc 1 237 1 is_stmt 0 view .LVU15
 123 0000 10B5     		push	{r4, lr}
 124              	.LCFI1:
 125              		.cfi_def_cfa_offset 8
 126              		.cfi_offset 4, -8
 127              		.cfi_offset 14, -4
 128 0002 0400     		movs	r4, r0
 238:Drivers/STM32F0xx_HAL_Driver/Src/stm32f0xx_hal.c ****   /*Configure the SysTick to have interrupt in 1ms time basis*/
 239:Drivers/STM32F0xx_HAL_Driver/Src/stm32f0xx_hal.c ****   HAL_SYSTICK_Config(HAL_RCC_GetHCLKFreq()/1000U);
 129              		.loc 1 239 3 is_stmt 1 view .LVU16
 130              		.loc 1 239 22 is_stmt 0 view .LVU17
 131 0004 FFF7FEFF 		bl	HAL_RCC_GetHCLKFreq
 132              	.LVL2:
 133              		.loc 1 239 3 discriminator 1 view .LVU18
 134 0008 FA21     		movs	r1, #250
 135 000a 8900     		lsls	r1, r1, #2
 136 000c FFF7FEFF 		bl	__aeabi_uidiv
 137              	.LVL3:
 138 0010 FFF7FEFF 		bl	HAL_SYSTICK_Config
 139              	.LVL4:
 240:Drivers/STM32F0xx_HAL_Driver/Src/stm32f0xx_hal.c **** 
 241:Drivers/STM32F0xx_HAL_Driver/Src/stm32f0xx_hal.c ****   /*Configure the SysTick IRQ priority */
 242:Drivers/STM32F0xx_HAL_Driver/Src/stm32f0xx_hal.c ****   HAL_NVIC_SetPriority(SysTick_IRQn, TickPriority ,0U);
 140              		.loc 1 242 3 is_stmt 1 view .LVU19
 141 0014 0120     		movs	r0, #1
 142 0016 0022     		movs	r2, #0
 143 0018 2100     		movs	r1, r4
 144 001a 4042     		rsbs	r0, r0, #0
 145 001c FFF7FEFF 		bl	HAL_NVIC_SetPriority
 146              	.LVL5:
 243:Drivers/STM32F0xx_HAL_Driver/Src/stm32f0xx_hal.c **** 
 244:Drivers/STM32F0xx_HAL_Driver/Src/stm32f0xx_hal.c ****    /* Return function status */
 245:Drivers/STM32F0xx_HAL_Driver/Src/stm32f0xx_hal.c ****   return HAL_OK;
 147              		.loc 1 245 3 view .LVU20
 246:Drivers/STM32F0xx_HAL_Driver/Src/stm32f0xx_hal.c **** }
 148              		.loc 1 246 1 is_stmt 0 view .LVU21
 149 0020 0020     		movs	r0, #0
 150              		@ sp needed
ARM GAS  C:\Users\0.0\AppData\Local\Temp\ccrBysGj.s 			page 8


 151              	.LVL6:
 152              		.loc 1 246 1 view .LVU22
 153 0022 10BD     		pop	{r4, pc}
 154              		.cfi_endproc
 155              	.LFE41:
 157              		.section	.text.HAL_Init,"ax",%progbits
 158              		.align	1
 159              		.global	HAL_Init
 160              		.syntax unified
 161              		.code	16
 162              		.thumb_func
 164              	HAL_Init:
 165              	.LFB37:
 156:Drivers/STM32F0xx_HAL_Driver/Src/stm32f0xx_hal.c ****   /* Configure Flash prefetch */ 
 166              		.loc 1 156 1 is_stmt 1 view -0
 167              		.cfi_startproc
 168              		@ args = 0, pretend = 0, frame = 0
 169              		@ frame_needed = 0, uses_anonymous_args = 0
 170 0000 10B5     		push	{r4, lr}
 171              	.LCFI2:
 172              		.cfi_def_cfa_offset 8
 173              		.cfi_offset 4, -8
 174              		.cfi_offset 14, -4
 159:Drivers/STM32F0xx_HAL_Driver/Src/stm32f0xx_hal.c **** #endif /* PREFETCH_ENABLE */
 175              		.loc 1 159 3 view .LVU24
 176 0002 064A     		ldr	r2, .L8
 177 0004 1368     		ldr	r3, [r2]
 178 0006 1021     		movs	r1, #16
 179 0008 0B43     		orrs	r3, r1
 180 000a 1360     		str	r3, [r2]
 164:Drivers/STM32F0xx_HAL_Driver/Src/stm32f0xx_hal.c **** 
 181              		.loc 1 164 3 view .LVU25
 182 000c 0020     		movs	r0, #0
 183 000e FFF7FEFF 		bl	HAL_InitTick
 184              	.LVL7:
 167:Drivers/STM32F0xx_HAL_Driver/Src/stm32f0xx_hal.c **** 
 185              		.loc 1 167 3 view .LVU26
 186 0012 FFF7FEFF 		bl	HAL_MspInit
 187              	.LVL8:
 170:Drivers/STM32F0xx_HAL_Driver/Src/stm32f0xx_hal.c **** }
 188              		.loc 1 170 3 view .LVU27
 171:Drivers/STM32F0xx_HAL_Driver/Src/stm32f0xx_hal.c **** 
 189              		.loc 1 171 1 is_stmt 0 view .LVU28
 190 0016 0020     		movs	r0, #0
 191              		@ sp needed
 192 0018 10BD     		pop	{r4, pc}
 193              	.L9:
 194 001a C046     		.align	2
 195              	.L8:
 196 001c 00200240 		.word	1073881088
 197              		.cfi_endproc
 198              	.LFE37:
 200              		.section	.text.HAL_IncTick,"ax",%progbits
 201              		.align	1
 202              		.weak	HAL_IncTick
 203              		.syntax unified
 204              		.code	16
ARM GAS  C:\Users\0.0\AppData\Local\Temp\ccrBysGj.s 			page 9


 205              		.thumb_func
 207              	HAL_IncTick:
 208              	.LFB42:
 247:Drivers/STM32F0xx_HAL_Driver/Src/stm32f0xx_hal.c **** 
 248:Drivers/STM32F0xx_HAL_Driver/Src/stm32f0xx_hal.c **** /**
 249:Drivers/STM32F0xx_HAL_Driver/Src/stm32f0xx_hal.c ****   * @}
 250:Drivers/STM32F0xx_HAL_Driver/Src/stm32f0xx_hal.c ****   */
 251:Drivers/STM32F0xx_HAL_Driver/Src/stm32f0xx_hal.c **** 
 252:Drivers/STM32F0xx_HAL_Driver/Src/stm32f0xx_hal.c **** /** @defgroup HAL_Exported_Functions_Group2 HAL Control functions 
 253:Drivers/STM32F0xx_HAL_Driver/Src/stm32f0xx_hal.c ****   * @brief    HAL Control functions
 254:Drivers/STM32F0xx_HAL_Driver/Src/stm32f0xx_hal.c ****   *
 255:Drivers/STM32F0xx_HAL_Driver/Src/stm32f0xx_hal.c **** @verbatim
 256:Drivers/STM32F0xx_HAL_Driver/Src/stm32f0xx_hal.c ****  ===============================================================================
 257:Drivers/STM32F0xx_HAL_Driver/Src/stm32f0xx_hal.c ****                       ##### HAL Control functions #####
 258:Drivers/STM32F0xx_HAL_Driver/Src/stm32f0xx_hal.c ****  ===============================================================================
 259:Drivers/STM32F0xx_HAL_Driver/Src/stm32f0xx_hal.c ****     [..]  This section provides functions allowing to:
 260:Drivers/STM32F0xx_HAL_Driver/Src/stm32f0xx_hal.c ****       (+) Provide a tick value in millisecond
 261:Drivers/STM32F0xx_HAL_Driver/Src/stm32f0xx_hal.c ****       (+) Provide a blocking delay in millisecond
 262:Drivers/STM32F0xx_HAL_Driver/Src/stm32f0xx_hal.c ****       (+) Suspend the time base source interrupt
 263:Drivers/STM32F0xx_HAL_Driver/Src/stm32f0xx_hal.c ****       (+) Resume the time base source interrupt
 264:Drivers/STM32F0xx_HAL_Driver/Src/stm32f0xx_hal.c ****       (+) Get the HAL API driver version
 265:Drivers/STM32F0xx_HAL_Driver/Src/stm32f0xx_hal.c ****       (+) Get the device identifier
 266:Drivers/STM32F0xx_HAL_Driver/Src/stm32f0xx_hal.c ****       (+) Get the device revision identifier
 267:Drivers/STM32F0xx_HAL_Driver/Src/stm32f0xx_hal.c ****       (+) Enable/Disable Debug module during Sleep mode
 268:Drivers/STM32F0xx_HAL_Driver/Src/stm32f0xx_hal.c ****       (+) Enable/Disable Debug module during STOP mode
 269:Drivers/STM32F0xx_HAL_Driver/Src/stm32f0xx_hal.c ****       (+) Enable/Disable Debug module during STANDBY mode
 270:Drivers/STM32F0xx_HAL_Driver/Src/stm32f0xx_hal.c ****       
 271:Drivers/STM32F0xx_HAL_Driver/Src/stm32f0xx_hal.c **** @endverbatim
 272:Drivers/STM32F0xx_HAL_Driver/Src/stm32f0xx_hal.c ****   * @{
 273:Drivers/STM32F0xx_HAL_Driver/Src/stm32f0xx_hal.c ****   */
 274:Drivers/STM32F0xx_HAL_Driver/Src/stm32f0xx_hal.c **** 
 275:Drivers/STM32F0xx_HAL_Driver/Src/stm32f0xx_hal.c **** /**
 276:Drivers/STM32F0xx_HAL_Driver/Src/stm32f0xx_hal.c ****   * @brief This function is called to increment  a global variable "uwTick"
 277:Drivers/STM32F0xx_HAL_Driver/Src/stm32f0xx_hal.c ****   *        used as application time base.
 278:Drivers/STM32F0xx_HAL_Driver/Src/stm32f0xx_hal.c ****   * @note In the default implementation, this variable is incremented each 1ms
 279:Drivers/STM32F0xx_HAL_Driver/Src/stm32f0xx_hal.c ****   *       in Systick ISR.
 280:Drivers/STM32F0xx_HAL_Driver/Src/stm32f0xx_hal.c ****   * @note This function is declared as __weak to be overwritten in case of other 
 281:Drivers/STM32F0xx_HAL_Driver/Src/stm32f0xx_hal.c ****   *       implementations in user file.
 282:Drivers/STM32F0xx_HAL_Driver/Src/stm32f0xx_hal.c ****   * @retval None
 283:Drivers/STM32F0xx_HAL_Driver/Src/stm32f0xx_hal.c ****   */
 284:Drivers/STM32F0xx_HAL_Driver/Src/stm32f0xx_hal.c **** __weak void HAL_IncTick(void)
 285:Drivers/STM32F0xx_HAL_Driver/Src/stm32f0xx_hal.c **** {
 209              		.loc 1 285 1 is_stmt 1 view -0
 210              		.cfi_startproc
 211              		@ args = 0, pretend = 0, frame = 0
 212              		@ frame_needed = 0, uses_anonymous_args = 0
 213              		@ link register save eliminated.
 286:Drivers/STM32F0xx_HAL_Driver/Src/stm32f0xx_hal.c ****   uwTick++;
 214              		.loc 1 286 3 view .LVU30
 215              		.loc 1 286 9 is_stmt 0 view .LVU31
 216 0000 024A     		ldr	r2, .L11
 217 0002 1368     		ldr	r3, [r2]
 218 0004 0133     		adds	r3, r3, #1
 219 0006 1360     		str	r3, [r2]
 287:Drivers/STM32F0xx_HAL_Driver/Src/stm32f0xx_hal.c **** }
 220              		.loc 1 287 1 view .LVU32
 221              		@ sp needed
ARM GAS  C:\Users\0.0\AppData\Local\Temp\ccrBysGj.s 			page 10


 222 0008 7047     		bx	lr
 223              	.L12:
 224 000a C046     		.align	2
 225              	.L11:
 226 000c 00000000 		.word	uwTick
 227              		.cfi_endproc
 228              	.LFE42:
 230              		.section	.text.HAL_GetTick,"ax",%progbits
 231              		.align	1
 232              		.weak	HAL_GetTick
 233              		.syntax unified
 234              		.code	16
 235              		.thumb_func
 237              	HAL_GetTick:
 238              	.LFB43:
 288:Drivers/STM32F0xx_HAL_Driver/Src/stm32f0xx_hal.c **** 
 289:Drivers/STM32F0xx_HAL_Driver/Src/stm32f0xx_hal.c **** /**
 290:Drivers/STM32F0xx_HAL_Driver/Src/stm32f0xx_hal.c ****   * @brief  Provides a tick value in millisecond.
 291:Drivers/STM32F0xx_HAL_Driver/Src/stm32f0xx_hal.c ****   * @note   This function is declared as __weak  to be overwritten  in case of other 
 292:Drivers/STM32F0xx_HAL_Driver/Src/stm32f0xx_hal.c ****   *       implementations in user file.
 293:Drivers/STM32F0xx_HAL_Driver/Src/stm32f0xx_hal.c ****   * @retval tick value
 294:Drivers/STM32F0xx_HAL_Driver/Src/stm32f0xx_hal.c ****   */
 295:Drivers/STM32F0xx_HAL_Driver/Src/stm32f0xx_hal.c **** __weak uint32_t HAL_GetTick(void)
 296:Drivers/STM32F0xx_HAL_Driver/Src/stm32f0xx_hal.c **** {
 239              		.loc 1 296 1 is_stmt 1 view -0
 240              		.cfi_startproc
 241              		@ args = 0, pretend = 0, frame = 0
 242              		@ frame_needed = 0, uses_anonymous_args = 0
 243              		@ link register save eliminated.
 297:Drivers/STM32F0xx_HAL_Driver/Src/stm32f0xx_hal.c ****   return uwTick;
 244              		.loc 1 297 3 view .LVU34
 245              		.loc 1 297 10 is_stmt 0 view .LVU35
 246 0000 014B     		ldr	r3, .L14
 247 0002 1868     		ldr	r0, [r3]
 298:Drivers/STM32F0xx_HAL_Driver/Src/stm32f0xx_hal.c **** }
 248              		.loc 1 298 1 view .LVU36
 249              		@ sp needed
 250 0004 7047     		bx	lr
 251              	.L15:
 252 0006 C046     		.align	2
 253              	.L14:
 254 0008 00000000 		.word	uwTick
 255              		.cfi_endproc
 256              	.LFE43:
 258              		.section	.text.HAL_Delay,"ax",%progbits
 259              		.align	1
 260              		.weak	HAL_Delay
 261              		.syntax unified
 262              		.code	16
 263              		.thumb_func
 265              	HAL_Delay:
 266              	.LVL9:
 267              	.LFB44:
 299:Drivers/STM32F0xx_HAL_Driver/Src/stm32f0xx_hal.c **** 
 300:Drivers/STM32F0xx_HAL_Driver/Src/stm32f0xx_hal.c **** /**
 301:Drivers/STM32F0xx_HAL_Driver/Src/stm32f0xx_hal.c ****   * @brief This function provides accurate delay (in milliseconds) based 
 302:Drivers/STM32F0xx_HAL_Driver/Src/stm32f0xx_hal.c ****   *        on variable incremented.
ARM GAS  C:\Users\0.0\AppData\Local\Temp\ccrBysGj.s 			page 11


 303:Drivers/STM32F0xx_HAL_Driver/Src/stm32f0xx_hal.c ****   * @note In the default implementation , SysTick timer is the source of time base.
 304:Drivers/STM32F0xx_HAL_Driver/Src/stm32f0xx_hal.c ****   *       It is used to generate interrupts at regular time intervals where uwTick
 305:Drivers/STM32F0xx_HAL_Driver/Src/stm32f0xx_hal.c ****   *       is incremented.
 306:Drivers/STM32F0xx_HAL_Driver/Src/stm32f0xx_hal.c ****   * @note ThiS function is declared as __weak to be overwritten in case of other
 307:Drivers/STM32F0xx_HAL_Driver/Src/stm32f0xx_hal.c ****   *       implementations in user file.
 308:Drivers/STM32F0xx_HAL_Driver/Src/stm32f0xx_hal.c ****   * @param Delay specifies the delay time length, in milliseconds.
 309:Drivers/STM32F0xx_HAL_Driver/Src/stm32f0xx_hal.c ****   * @retval None
 310:Drivers/STM32F0xx_HAL_Driver/Src/stm32f0xx_hal.c ****   */
 311:Drivers/STM32F0xx_HAL_Driver/Src/stm32f0xx_hal.c **** __weak void HAL_Delay(__IO uint32_t Delay)
 312:Drivers/STM32F0xx_HAL_Driver/Src/stm32f0xx_hal.c **** {
 268              		.loc 1 312 1 is_stmt 1 view -0
 269              		.cfi_startproc
 270              		@ args = 0, pretend = 0, frame = 8
 271              		@ frame_needed = 0, uses_anonymous_args = 0
 272              		.loc 1 312 1 is_stmt 0 view .LVU38
 273 0000 30B5     		push	{r4, r5, lr}
 274              	.LCFI3:
 275              		.cfi_def_cfa_offset 12
 276              		.cfi_offset 4, -12
 277              		.cfi_offset 5, -8
 278              		.cfi_offset 14, -4
 279 0002 83B0     		sub	sp, sp, #12
 280              	.LCFI4:
 281              		.cfi_def_cfa_offset 24
 282 0004 0190     		str	r0, [sp, #4]
 313:Drivers/STM32F0xx_HAL_Driver/Src/stm32f0xx_hal.c ****   uint32_t tickstart = HAL_GetTick();
 283              		.loc 1 313 3 is_stmt 1 view .LVU39
 284              		.loc 1 313 24 is_stmt 0 view .LVU40
 285 0006 FFF7FEFF 		bl	HAL_GetTick
 286              	.LVL10:
 287              		.loc 1 313 24 view .LVU41
 288 000a 0500     		movs	r5, r0
 289              	.LVL11:
 314:Drivers/STM32F0xx_HAL_Driver/Src/stm32f0xx_hal.c ****   uint32_t wait = Delay;
 290              		.loc 1 314 3 is_stmt 1 view .LVU42
 291              		.loc 1 314 12 is_stmt 0 view .LVU43
 292 000c 019C     		ldr	r4, [sp, #4]
 293              	.LVL12:
 315:Drivers/STM32F0xx_HAL_Driver/Src/stm32f0xx_hal.c ****   
 316:Drivers/STM32F0xx_HAL_Driver/Src/stm32f0xx_hal.c ****   /* Add a period to guarantee minimum wait */
 317:Drivers/STM32F0xx_HAL_Driver/Src/stm32f0xx_hal.c ****   if (wait < HAL_MAX_DELAY)
 294              		.loc 1 317 3 is_stmt 1 view .LVU44
 295              		.loc 1 317 6 is_stmt 0 view .LVU45
 296 000e 631C     		adds	r3, r4, #1
 297 0010 00D0     		beq	.L18
 318:Drivers/STM32F0xx_HAL_Driver/Src/stm32f0xx_hal.c ****   {
 319:Drivers/STM32F0xx_HAL_Driver/Src/stm32f0xx_hal.c ****      wait++;
 298              		.loc 1 319 6 is_stmt 1 view .LVU46
 299              		.loc 1 319 10 is_stmt 0 view .LVU47
 300 0012 0134     		adds	r4, r4, #1
 301              	.LVL13:
 302              	.L18:
 320:Drivers/STM32F0xx_HAL_Driver/Src/stm32f0xx_hal.c ****   }
 321:Drivers/STM32F0xx_HAL_Driver/Src/stm32f0xx_hal.c ****   
 322:Drivers/STM32F0xx_HAL_Driver/Src/stm32f0xx_hal.c ****   while((HAL_GetTick() - tickstart) < wait)
 323:Drivers/STM32F0xx_HAL_Driver/Src/stm32f0xx_hal.c ****   {
 324:Drivers/STM32F0xx_HAL_Driver/Src/stm32f0xx_hal.c ****   }
ARM GAS  C:\Users\0.0\AppData\Local\Temp\ccrBysGj.s 			page 12


 303              		.loc 1 324 3 is_stmt 1 view .LVU48
 322:Drivers/STM32F0xx_HAL_Driver/Src/stm32f0xx_hal.c ****   {
 304              		.loc 1 322 37 discriminator 1 view .LVU49
 322:Drivers/STM32F0xx_HAL_Driver/Src/stm32f0xx_hal.c ****   {
 305              		.loc 1 322 10 is_stmt 0 discriminator 1 view .LVU50
 306 0014 FFF7FEFF 		bl	HAL_GetTick
 307              	.LVL14:
 322:Drivers/STM32F0xx_HAL_Driver/Src/stm32f0xx_hal.c ****   {
 308              		.loc 1 322 24 discriminator 1 view .LVU51
 309 0018 401B     		subs	r0, r0, r5
 322:Drivers/STM32F0xx_HAL_Driver/Src/stm32f0xx_hal.c ****   {
 310              		.loc 1 322 37 discriminator 1 view .LVU52
 311 001a A042     		cmp	r0, r4
 312 001c FAD3     		bcc	.L18
 325:Drivers/STM32F0xx_HAL_Driver/Src/stm32f0xx_hal.c **** }
 313              		.loc 1 325 1 view .LVU53
 314 001e 03B0     		add	sp, sp, #12
 315              		@ sp needed
 316              	.LVL15:
 317              	.LVL16:
 318              		.loc 1 325 1 view .LVU54
 319 0020 30BD     		pop	{r4, r5, pc}
 320              		.cfi_endproc
 321              	.LFE44:
 323              		.section	.text.HAL_SuspendTick,"ax",%progbits
 324              		.align	1
 325              		.weak	HAL_SuspendTick
 326              		.syntax unified
 327              		.code	16
 328              		.thumb_func
 330              	HAL_SuspendTick:
 331              	.LFB45:
 326:Drivers/STM32F0xx_HAL_Driver/Src/stm32f0xx_hal.c **** 
 327:Drivers/STM32F0xx_HAL_Driver/Src/stm32f0xx_hal.c **** /**
 328:Drivers/STM32F0xx_HAL_Driver/Src/stm32f0xx_hal.c ****   * @brief Suspend Tick increment.
 329:Drivers/STM32F0xx_HAL_Driver/Src/stm32f0xx_hal.c ****   * @note In the default implementation , SysTick timer is the source of time base. It is
 330:Drivers/STM32F0xx_HAL_Driver/Src/stm32f0xx_hal.c ****   *       used to generate interrupts at regular time intervals. Once HAL_SuspendTick()
 331:Drivers/STM32F0xx_HAL_Driver/Src/stm32f0xx_hal.c ****   *       is called, the the SysTick interrupt will be disabled and so Tick increment 
 332:Drivers/STM32F0xx_HAL_Driver/Src/stm32f0xx_hal.c ****   *       is suspended.
 333:Drivers/STM32F0xx_HAL_Driver/Src/stm32f0xx_hal.c ****   * @note This function is declared as __weak to be overwritten in case of other
 334:Drivers/STM32F0xx_HAL_Driver/Src/stm32f0xx_hal.c ****   *       implementations in user file.
 335:Drivers/STM32F0xx_HAL_Driver/Src/stm32f0xx_hal.c ****   * @retval None
 336:Drivers/STM32F0xx_HAL_Driver/Src/stm32f0xx_hal.c ****   */
 337:Drivers/STM32F0xx_HAL_Driver/Src/stm32f0xx_hal.c **** __weak void HAL_SuspendTick(void)
 338:Drivers/STM32F0xx_HAL_Driver/Src/stm32f0xx_hal.c **** 
 339:Drivers/STM32F0xx_HAL_Driver/Src/stm32f0xx_hal.c **** {
 332              		.loc 1 339 1 is_stmt 1 view -0
 333              		.cfi_startproc
 334              		@ args = 0, pretend = 0, frame = 0
 335              		@ frame_needed = 0, uses_anonymous_args = 0
 336              		@ link register save eliminated.
 340:Drivers/STM32F0xx_HAL_Driver/Src/stm32f0xx_hal.c ****   /* Disable SysTick Interrupt */
 341:Drivers/STM32F0xx_HAL_Driver/Src/stm32f0xx_hal.c ****   CLEAR_BIT(SysTick->CTRL,SysTick_CTRL_TICKINT_Msk);
 337              		.loc 1 341 3 view .LVU56
 338 0000 024A     		ldr	r2, .L21
 339 0002 1368     		ldr	r3, [r2]
 340 0004 0221     		movs	r1, #2
ARM GAS  C:\Users\0.0\AppData\Local\Temp\ccrBysGj.s 			page 13


 341 0006 8B43     		bics	r3, r1
 342 0008 1360     		str	r3, [r2]
 342:Drivers/STM32F0xx_HAL_Driver/Src/stm32f0xx_hal.c **** }
 343              		.loc 1 342 1 is_stmt 0 view .LVU57
 344              		@ sp needed
 345 000a 7047     		bx	lr
 346              	.L22:
 347              		.align	2
 348              	.L21:
 349 000c 10E000E0 		.word	-536813552
 350              		.cfi_endproc
 351              	.LFE45:
 353              		.section	.text.HAL_ResumeTick,"ax",%progbits
 354              		.align	1
 355              		.weak	HAL_ResumeTick
 356              		.syntax unified
 357              		.code	16
 358              		.thumb_func
 360              	HAL_ResumeTick:
 361              	.LFB46:
 343:Drivers/STM32F0xx_HAL_Driver/Src/stm32f0xx_hal.c **** 
 344:Drivers/STM32F0xx_HAL_Driver/Src/stm32f0xx_hal.c **** /**
 345:Drivers/STM32F0xx_HAL_Driver/Src/stm32f0xx_hal.c ****   * @brief Resume Tick increment.
 346:Drivers/STM32F0xx_HAL_Driver/Src/stm32f0xx_hal.c ****   * @note In the default implementation , SysTick timer is the source of time base. It is
 347:Drivers/STM32F0xx_HAL_Driver/Src/stm32f0xx_hal.c ****   *       used to generate interrupts at regular time intervals. Once HAL_ResumeTick()
 348:Drivers/STM32F0xx_HAL_Driver/Src/stm32f0xx_hal.c ****   *       is called, the the SysTick interrupt will be enabled and so Tick increment 
 349:Drivers/STM32F0xx_HAL_Driver/Src/stm32f0xx_hal.c ****   *       is resumed.
 350:Drivers/STM32F0xx_HAL_Driver/Src/stm32f0xx_hal.c ****   * @note This function is declared as __weak  to be overwritten  in case of other
 351:Drivers/STM32F0xx_HAL_Driver/Src/stm32f0xx_hal.c ****   *       implementations in user file.
 352:Drivers/STM32F0xx_HAL_Driver/Src/stm32f0xx_hal.c ****   * @retval None
 353:Drivers/STM32F0xx_HAL_Driver/Src/stm32f0xx_hal.c ****   */
 354:Drivers/STM32F0xx_HAL_Driver/Src/stm32f0xx_hal.c **** __weak void HAL_ResumeTick(void)
 355:Drivers/STM32F0xx_HAL_Driver/Src/stm32f0xx_hal.c **** {
 362              		.loc 1 355 1 is_stmt 1 view -0
 363              		.cfi_startproc
 364              		@ args = 0, pretend = 0, frame = 0
 365              		@ frame_needed = 0, uses_anonymous_args = 0
 366              		@ link register save eliminated.
 356:Drivers/STM32F0xx_HAL_Driver/Src/stm32f0xx_hal.c ****   /* Enable SysTick Interrupt */
 357:Drivers/STM32F0xx_HAL_Driver/Src/stm32f0xx_hal.c ****   SET_BIT(SysTick->CTRL,SysTick_CTRL_TICKINT_Msk);
 367              		.loc 1 357 3 view .LVU59
 368 0000 024A     		ldr	r2, .L24
 369 0002 1368     		ldr	r3, [r2]
 370 0004 0221     		movs	r1, #2
 371 0006 0B43     		orrs	r3, r1
 372 0008 1360     		str	r3, [r2]
 358:Drivers/STM32F0xx_HAL_Driver/Src/stm32f0xx_hal.c **** }
 373              		.loc 1 358 1 is_stmt 0 view .LVU60
 374              		@ sp needed
 375 000a 7047     		bx	lr
 376              	.L25:
 377              		.align	2
 378              	.L24:
 379 000c 10E000E0 		.word	-536813552
 380              		.cfi_endproc
 381              	.LFE46:
 383              		.section	.text.HAL_GetHalVersion,"ax",%progbits
ARM GAS  C:\Users\0.0\AppData\Local\Temp\ccrBysGj.s 			page 14


 384              		.align	1
 385              		.global	HAL_GetHalVersion
 386              		.syntax unified
 387              		.code	16
 388              		.thumb_func
 390              	HAL_GetHalVersion:
 391              	.LFB47:
 359:Drivers/STM32F0xx_HAL_Driver/Src/stm32f0xx_hal.c **** 
 360:Drivers/STM32F0xx_HAL_Driver/Src/stm32f0xx_hal.c **** /**
 361:Drivers/STM32F0xx_HAL_Driver/Src/stm32f0xx_hal.c ****   * @brief  This method returns the HAL revision
 362:Drivers/STM32F0xx_HAL_Driver/Src/stm32f0xx_hal.c ****   * @retval version : 0xXYZR (8bits for each decimal, R for RC)
 363:Drivers/STM32F0xx_HAL_Driver/Src/stm32f0xx_hal.c ****   */
 364:Drivers/STM32F0xx_HAL_Driver/Src/stm32f0xx_hal.c **** uint32_t HAL_GetHalVersion(void)
 365:Drivers/STM32F0xx_HAL_Driver/Src/stm32f0xx_hal.c **** {
 392              		.loc 1 365 1 is_stmt 1 view -0
 393              		.cfi_startproc
 394              		@ args = 0, pretend = 0, frame = 0
 395              		@ frame_needed = 0, uses_anonymous_args = 0
 396              		@ link register save eliminated.
 366:Drivers/STM32F0xx_HAL_Driver/Src/stm32f0xx_hal.c ****  return __STM32F0xx_HAL_VERSION;
 397              		.loc 1 366 2 view .LVU62
 367:Drivers/STM32F0xx_HAL_Driver/Src/stm32f0xx_hal.c **** }
 398              		.loc 1 367 1 is_stmt 0 view .LVU63
 399 0000 0048     		ldr	r0, .L27
 400              		@ sp needed
 401 0002 7047     		bx	lr
 402              	.L28:
 403              		.align	2
 404              	.L27:
 405 0004 00020701 		.word	17236480
 406              		.cfi_endproc
 407              	.LFE47:
 409              		.section	.text.HAL_GetREVID,"ax",%progbits
 410              		.align	1
 411              		.global	HAL_GetREVID
 412              		.syntax unified
 413              		.code	16
 414              		.thumb_func
 416              	HAL_GetREVID:
 417              	.LFB48:
 368:Drivers/STM32F0xx_HAL_Driver/Src/stm32f0xx_hal.c **** 
 369:Drivers/STM32F0xx_HAL_Driver/Src/stm32f0xx_hal.c **** /**
 370:Drivers/STM32F0xx_HAL_Driver/Src/stm32f0xx_hal.c ****   * @brief  Returns the device revision identifier.
 371:Drivers/STM32F0xx_HAL_Driver/Src/stm32f0xx_hal.c ****   * @retval Device revision identifier
 372:Drivers/STM32F0xx_HAL_Driver/Src/stm32f0xx_hal.c ****   */
 373:Drivers/STM32F0xx_HAL_Driver/Src/stm32f0xx_hal.c **** uint32_t HAL_GetREVID(void)
 374:Drivers/STM32F0xx_HAL_Driver/Src/stm32f0xx_hal.c **** {
 418              		.loc 1 374 1 is_stmt 1 view -0
 419              		.cfi_startproc
 420              		@ args = 0, pretend = 0, frame = 0
 421              		@ frame_needed = 0, uses_anonymous_args = 0
 422              		@ link register save eliminated.
 375:Drivers/STM32F0xx_HAL_Driver/Src/stm32f0xx_hal.c ****    return((DBGMCU->IDCODE) >> 16U);
 423              		.loc 1 375 4 view .LVU65
 424              		.loc 1 375 18 is_stmt 0 view .LVU66
 425 0000 014B     		ldr	r3, .L30
 426 0002 1868     		ldr	r0, [r3]
ARM GAS  C:\Users\0.0\AppData\Local\Temp\ccrBysGj.s 			page 15


 427              		.loc 1 375 28 view .LVU67
 428 0004 000C     		lsrs	r0, r0, #16
 376:Drivers/STM32F0xx_HAL_Driver/Src/stm32f0xx_hal.c **** }
 429              		.loc 1 376 1 view .LVU68
 430              		@ sp needed
 431 0006 7047     		bx	lr
 432              	.L31:
 433              		.align	2
 434              	.L30:
 435 0008 00580140 		.word	1073829888
 436              		.cfi_endproc
 437              	.LFE48:
 439              		.section	.text.HAL_GetDEVID,"ax",%progbits
 440              		.align	1
 441              		.global	HAL_GetDEVID
 442              		.syntax unified
 443              		.code	16
 444              		.thumb_func
 446              	HAL_GetDEVID:
 447              	.LFB49:
 377:Drivers/STM32F0xx_HAL_Driver/Src/stm32f0xx_hal.c **** 
 378:Drivers/STM32F0xx_HAL_Driver/Src/stm32f0xx_hal.c **** /**
 379:Drivers/STM32F0xx_HAL_Driver/Src/stm32f0xx_hal.c ****   * @brief  Returns the device identifier.
 380:Drivers/STM32F0xx_HAL_Driver/Src/stm32f0xx_hal.c ****   * @retval Device identifier
 381:Drivers/STM32F0xx_HAL_Driver/Src/stm32f0xx_hal.c ****   */
 382:Drivers/STM32F0xx_HAL_Driver/Src/stm32f0xx_hal.c **** uint32_t HAL_GetDEVID(void)
 383:Drivers/STM32F0xx_HAL_Driver/Src/stm32f0xx_hal.c **** {
 448              		.loc 1 383 1 is_stmt 1 view -0
 449              		.cfi_startproc
 450              		@ args = 0, pretend = 0, frame = 0
 451              		@ frame_needed = 0, uses_anonymous_args = 0
 452              		@ link register save eliminated.
 384:Drivers/STM32F0xx_HAL_Driver/Src/stm32f0xx_hal.c ****    return((DBGMCU->IDCODE) & IDCODE_DEVID_MASK);
 453              		.loc 1 384 4 view .LVU70
 454              		.loc 1 384 18 is_stmt 0 view .LVU71
 455 0000 024B     		ldr	r3, .L33
 456 0002 1868     		ldr	r0, [r3]
 457              		.loc 1 384 28 view .LVU72
 458 0004 0005     		lsls	r0, r0, #20
 459 0006 000D     		lsrs	r0, r0, #20
 385:Drivers/STM32F0xx_HAL_Driver/Src/stm32f0xx_hal.c **** }
 460              		.loc 1 385 1 view .LVU73
 461              		@ sp needed
 462 0008 7047     		bx	lr
 463              	.L34:
 464 000a C046     		.align	2
 465              	.L33:
 466 000c 00580140 		.word	1073829888
 467              		.cfi_endproc
 468              	.LFE49:
 470              		.section	.text.HAL_GetUIDw0,"ax",%progbits
 471              		.align	1
 472              		.global	HAL_GetUIDw0
 473              		.syntax unified
 474              		.code	16
 475              		.thumb_func
 477              	HAL_GetUIDw0:
ARM GAS  C:\Users\0.0\AppData\Local\Temp\ccrBysGj.s 			page 16


 478              	.LFB50:
 386:Drivers/STM32F0xx_HAL_Driver/Src/stm32f0xx_hal.c **** 
 387:Drivers/STM32F0xx_HAL_Driver/Src/stm32f0xx_hal.c **** /**
 388:Drivers/STM32F0xx_HAL_Driver/Src/stm32f0xx_hal.c ****   * @brief  Returns first word of the unique device identifier (UID based on 96 bits)
 389:Drivers/STM32F0xx_HAL_Driver/Src/stm32f0xx_hal.c ****   * @retval Device identifier
 390:Drivers/STM32F0xx_HAL_Driver/Src/stm32f0xx_hal.c ****   */
 391:Drivers/STM32F0xx_HAL_Driver/Src/stm32f0xx_hal.c **** uint32_t HAL_GetUIDw0(void)
 392:Drivers/STM32F0xx_HAL_Driver/Src/stm32f0xx_hal.c **** {
 479              		.loc 1 392 1 is_stmt 1 view -0
 480              		.cfi_startproc
 481              		@ args = 0, pretend = 0, frame = 0
 482              		@ frame_needed = 0, uses_anonymous_args = 0
 483              		@ link register save eliminated.
 393:Drivers/STM32F0xx_HAL_Driver/Src/stm32f0xx_hal.c ****    return(READ_REG(*((uint32_t *)UID_BASE)));
 484              		.loc 1 393 4 view .LVU75
 485              		.loc 1 393 11 is_stmt 0 view .LVU76
 486 0000 014B     		ldr	r3, .L36
 487              		.loc 1 393 11 discriminator 1 view .LVU77
 488 0002 1868     		ldr	r0, [r3]
 394:Drivers/STM32F0xx_HAL_Driver/Src/stm32f0xx_hal.c **** }
 489              		.loc 1 394 1 view .LVU78
 490              		@ sp needed
 491 0004 7047     		bx	lr
 492              	.L37:
 493 0006 C046     		.align	2
 494              	.L36:
 495 0008 ACF7FF1F 		.word	536868780
 496              		.cfi_endproc
 497              	.LFE50:
 499              		.section	.text.HAL_GetUIDw1,"ax",%progbits
 500              		.align	1
 501              		.global	HAL_GetUIDw1
 502              		.syntax unified
 503              		.code	16
 504              		.thumb_func
 506              	HAL_GetUIDw1:
 507              	.LFB51:
 395:Drivers/STM32F0xx_HAL_Driver/Src/stm32f0xx_hal.c **** 
 396:Drivers/STM32F0xx_HAL_Driver/Src/stm32f0xx_hal.c **** /**
 397:Drivers/STM32F0xx_HAL_Driver/Src/stm32f0xx_hal.c ****   * @brief  Returns second word of the unique device identifier (UID based on 96 bits)
 398:Drivers/STM32F0xx_HAL_Driver/Src/stm32f0xx_hal.c ****   * @retval Device identifier
 399:Drivers/STM32F0xx_HAL_Driver/Src/stm32f0xx_hal.c ****   */
 400:Drivers/STM32F0xx_HAL_Driver/Src/stm32f0xx_hal.c **** uint32_t HAL_GetUIDw1(void)
 401:Drivers/STM32F0xx_HAL_Driver/Src/stm32f0xx_hal.c **** {
 508              		.loc 1 401 1 is_stmt 1 view -0
 509              		.cfi_startproc
 510              		@ args = 0, pretend = 0, frame = 0
 511              		@ frame_needed = 0, uses_anonymous_args = 0
 512              		@ link register save eliminated.
 402:Drivers/STM32F0xx_HAL_Driver/Src/stm32f0xx_hal.c ****    return(READ_REG(*((uint32_t *)(UID_BASE + 4U))));
 513              		.loc 1 402 4 view .LVU80
 514              		.loc 1 402 11 is_stmt 0 view .LVU81
 515 0000 014B     		ldr	r3, .L39
 516              		.loc 1 402 11 discriminator 1 view .LVU82
 517 0002 1868     		ldr	r0, [r3]
 403:Drivers/STM32F0xx_HAL_Driver/Src/stm32f0xx_hal.c **** }
 518              		.loc 1 403 1 view .LVU83
ARM GAS  C:\Users\0.0\AppData\Local\Temp\ccrBysGj.s 			page 17


 519              		@ sp needed
 520 0004 7047     		bx	lr
 521              	.L40:
 522 0006 C046     		.align	2
 523              	.L39:
 524 0008 B0F7FF1F 		.word	536868784
 525              		.cfi_endproc
 526              	.LFE51:
 528              		.section	.text.HAL_GetUIDw2,"ax",%progbits
 529              		.align	1
 530              		.global	HAL_GetUIDw2
 531              		.syntax unified
 532              		.code	16
 533              		.thumb_func
 535              	HAL_GetUIDw2:
 536              	.LFB52:
 404:Drivers/STM32F0xx_HAL_Driver/Src/stm32f0xx_hal.c **** 
 405:Drivers/STM32F0xx_HAL_Driver/Src/stm32f0xx_hal.c **** /**
 406:Drivers/STM32F0xx_HAL_Driver/Src/stm32f0xx_hal.c ****   * @brief  Returns third word of the unique device identifier (UID based on 96 bits)
 407:Drivers/STM32F0xx_HAL_Driver/Src/stm32f0xx_hal.c ****   * @retval Device identifier
 408:Drivers/STM32F0xx_HAL_Driver/Src/stm32f0xx_hal.c ****   */
 409:Drivers/STM32F0xx_HAL_Driver/Src/stm32f0xx_hal.c **** uint32_t HAL_GetUIDw2(void)
 410:Drivers/STM32F0xx_HAL_Driver/Src/stm32f0xx_hal.c **** {
 537              		.loc 1 410 1 is_stmt 1 view -0
 538              		.cfi_startproc
 539              		@ args = 0, pretend = 0, frame = 0
 540              		@ frame_needed = 0, uses_anonymous_args = 0
 541              		@ link register save eliminated.
 411:Drivers/STM32F0xx_HAL_Driver/Src/stm32f0xx_hal.c ****    return(READ_REG(*((uint32_t *)(UID_BASE + 8U))));
 542              		.loc 1 411 4 view .LVU85
 543              		.loc 1 411 11 is_stmt 0 view .LVU86
 544 0000 014B     		ldr	r3, .L42
 545              		.loc 1 411 11 discriminator 1 view .LVU87
 546 0002 1868     		ldr	r0, [r3]
 412:Drivers/STM32F0xx_HAL_Driver/Src/stm32f0xx_hal.c **** }
 547              		.loc 1 412 1 view .LVU88
 548              		@ sp needed
 549 0004 7047     		bx	lr
 550              	.L43:
 551 0006 C046     		.align	2
 552              	.L42:
 553 0008 B4F7FF1F 		.word	536868788
 554              		.cfi_endproc
 555              	.LFE52:
 557              		.section	.text.HAL_DBGMCU_EnableDBGStopMode,"ax",%progbits
 558              		.align	1
 559              		.global	HAL_DBGMCU_EnableDBGStopMode
 560              		.syntax unified
 561              		.code	16
 562              		.thumb_func
 564              	HAL_DBGMCU_EnableDBGStopMode:
 565              	.LFB53:
 413:Drivers/STM32F0xx_HAL_Driver/Src/stm32f0xx_hal.c **** 
 414:Drivers/STM32F0xx_HAL_Driver/Src/stm32f0xx_hal.c **** /**
 415:Drivers/STM32F0xx_HAL_Driver/Src/stm32f0xx_hal.c ****   * @brief  Enable the Debug Module during STOP mode       
 416:Drivers/STM32F0xx_HAL_Driver/Src/stm32f0xx_hal.c ****   * @retval None
 417:Drivers/STM32F0xx_HAL_Driver/Src/stm32f0xx_hal.c ****   */
ARM GAS  C:\Users\0.0\AppData\Local\Temp\ccrBysGj.s 			page 18


 418:Drivers/STM32F0xx_HAL_Driver/Src/stm32f0xx_hal.c **** void HAL_DBGMCU_EnableDBGStopMode(void)
 419:Drivers/STM32F0xx_HAL_Driver/Src/stm32f0xx_hal.c **** {
 566              		.loc 1 419 1 is_stmt 1 view -0
 567              		.cfi_startproc
 568              		@ args = 0, pretend = 0, frame = 0
 569              		@ frame_needed = 0, uses_anonymous_args = 0
 570              		@ link register save eliminated.
 420:Drivers/STM32F0xx_HAL_Driver/Src/stm32f0xx_hal.c ****   SET_BIT(DBGMCU->CR, DBGMCU_CR_DBG_STOP);
 571              		.loc 1 420 3 view .LVU90
 572 0000 024A     		ldr	r2, .L45
 573 0002 5368     		ldr	r3, [r2, #4]
 574 0004 0221     		movs	r1, #2
 575 0006 0B43     		orrs	r3, r1
 576 0008 5360     		str	r3, [r2, #4]
 421:Drivers/STM32F0xx_HAL_Driver/Src/stm32f0xx_hal.c **** }
 577              		.loc 1 421 1 is_stmt 0 view .LVU91
 578              		@ sp needed
 579 000a 7047     		bx	lr
 580              	.L46:
 581              		.align	2
 582              	.L45:
 583 000c 00580140 		.word	1073829888
 584              		.cfi_endproc
 585              	.LFE53:
 587              		.section	.text.HAL_DBGMCU_DisableDBGStopMode,"ax",%progbits
 588              		.align	1
 589              		.global	HAL_DBGMCU_DisableDBGStopMode
 590              		.syntax unified
 591              		.code	16
 592              		.thumb_func
 594              	HAL_DBGMCU_DisableDBGStopMode:
 595              	.LFB54:
 422:Drivers/STM32F0xx_HAL_Driver/Src/stm32f0xx_hal.c **** 
 423:Drivers/STM32F0xx_HAL_Driver/Src/stm32f0xx_hal.c **** /**
 424:Drivers/STM32F0xx_HAL_Driver/Src/stm32f0xx_hal.c ****   * @brief  Disable the Debug Module during STOP mode       
 425:Drivers/STM32F0xx_HAL_Driver/Src/stm32f0xx_hal.c ****   * @retval None
 426:Drivers/STM32F0xx_HAL_Driver/Src/stm32f0xx_hal.c ****   */
 427:Drivers/STM32F0xx_HAL_Driver/Src/stm32f0xx_hal.c **** void HAL_DBGMCU_DisableDBGStopMode(void)
 428:Drivers/STM32F0xx_HAL_Driver/Src/stm32f0xx_hal.c **** {
 596              		.loc 1 428 1 is_stmt 1 view -0
 597              		.cfi_startproc
 598              		@ args = 0, pretend = 0, frame = 0
 599              		@ frame_needed = 0, uses_anonymous_args = 0
 600              		@ link register save eliminated.
 429:Drivers/STM32F0xx_HAL_Driver/Src/stm32f0xx_hal.c ****   CLEAR_BIT(DBGMCU->CR, DBGMCU_CR_DBG_STOP);
 601              		.loc 1 429 3 view .LVU93
 602 0000 024A     		ldr	r2, .L48
 603 0002 5368     		ldr	r3, [r2, #4]
 604 0004 0221     		movs	r1, #2
 605 0006 8B43     		bics	r3, r1
 606 0008 5360     		str	r3, [r2, #4]
 430:Drivers/STM32F0xx_HAL_Driver/Src/stm32f0xx_hal.c **** }
 607              		.loc 1 430 1 is_stmt 0 view .LVU94
 608              		@ sp needed
 609 000a 7047     		bx	lr
 610              	.L49:
 611              		.align	2
ARM GAS  C:\Users\0.0\AppData\Local\Temp\ccrBysGj.s 			page 19


 612              	.L48:
 613 000c 00580140 		.word	1073829888
 614              		.cfi_endproc
 615              	.LFE54:
 617              		.section	.text.HAL_DBGMCU_EnableDBGStandbyMode,"ax",%progbits
 618              		.align	1
 619              		.global	HAL_DBGMCU_EnableDBGStandbyMode
 620              		.syntax unified
 621              		.code	16
 622              		.thumb_func
 624              	HAL_DBGMCU_EnableDBGStandbyMode:
 625              	.LFB55:
 431:Drivers/STM32F0xx_HAL_Driver/Src/stm32f0xx_hal.c **** 
 432:Drivers/STM32F0xx_HAL_Driver/Src/stm32f0xx_hal.c **** /**
 433:Drivers/STM32F0xx_HAL_Driver/Src/stm32f0xx_hal.c ****   * @brief  Enable the Debug Module during STANDBY mode       
 434:Drivers/STM32F0xx_HAL_Driver/Src/stm32f0xx_hal.c ****   * @retval None
 435:Drivers/STM32F0xx_HAL_Driver/Src/stm32f0xx_hal.c ****   */
 436:Drivers/STM32F0xx_HAL_Driver/Src/stm32f0xx_hal.c **** void HAL_DBGMCU_EnableDBGStandbyMode(void)
 437:Drivers/STM32F0xx_HAL_Driver/Src/stm32f0xx_hal.c **** {
 626              		.loc 1 437 1 is_stmt 1 view -0
 627              		.cfi_startproc
 628              		@ args = 0, pretend = 0, frame = 0
 629              		@ frame_needed = 0, uses_anonymous_args = 0
 630              		@ link register save eliminated.
 438:Drivers/STM32F0xx_HAL_Driver/Src/stm32f0xx_hal.c ****   SET_BIT(DBGMCU->CR, DBGMCU_CR_DBG_STANDBY);
 631              		.loc 1 438 3 view .LVU96
 632 0000 024A     		ldr	r2, .L51
 633 0002 5368     		ldr	r3, [r2, #4]
 634 0004 0421     		movs	r1, #4
 635 0006 0B43     		orrs	r3, r1
 636 0008 5360     		str	r3, [r2, #4]
 439:Drivers/STM32F0xx_HAL_Driver/Src/stm32f0xx_hal.c **** }
 637              		.loc 1 439 1 is_stmt 0 view .LVU97
 638              		@ sp needed
 639 000a 7047     		bx	lr
 640              	.L52:
 641              		.align	2
 642              	.L51:
 643 000c 00580140 		.word	1073829888
 644              		.cfi_endproc
 645              	.LFE55:
 647              		.section	.text.HAL_DBGMCU_DisableDBGStandbyMode,"ax",%progbits
 648              		.align	1
 649              		.global	HAL_DBGMCU_DisableDBGStandbyMode
 650              		.syntax unified
 651              		.code	16
 652              		.thumb_func
 654              	HAL_DBGMCU_DisableDBGStandbyMode:
 655              	.LFB56:
 440:Drivers/STM32F0xx_HAL_Driver/Src/stm32f0xx_hal.c **** 
 441:Drivers/STM32F0xx_HAL_Driver/Src/stm32f0xx_hal.c **** /**
 442:Drivers/STM32F0xx_HAL_Driver/Src/stm32f0xx_hal.c ****   * @brief  Disable the Debug Module during STANDBY mode       
 443:Drivers/STM32F0xx_HAL_Driver/Src/stm32f0xx_hal.c ****   * @retval None
 444:Drivers/STM32F0xx_HAL_Driver/Src/stm32f0xx_hal.c ****   */
 445:Drivers/STM32F0xx_HAL_Driver/Src/stm32f0xx_hal.c **** void HAL_DBGMCU_DisableDBGStandbyMode(void)
 446:Drivers/STM32F0xx_HAL_Driver/Src/stm32f0xx_hal.c **** {
 656              		.loc 1 446 1 is_stmt 1 view -0
ARM GAS  C:\Users\0.0\AppData\Local\Temp\ccrBysGj.s 			page 20


 657              		.cfi_startproc
 658              		@ args = 0, pretend = 0, frame = 0
 659              		@ frame_needed = 0, uses_anonymous_args = 0
 660              		@ link register save eliminated.
 447:Drivers/STM32F0xx_HAL_Driver/Src/stm32f0xx_hal.c ****   CLEAR_BIT(DBGMCU->CR, DBGMCU_CR_DBG_STANDBY);
 661              		.loc 1 447 3 view .LVU99
 662 0000 024A     		ldr	r2, .L54
 663 0002 5368     		ldr	r3, [r2, #4]
 664 0004 0421     		movs	r1, #4
 665 0006 8B43     		bics	r3, r1
 666 0008 5360     		str	r3, [r2, #4]
 448:Drivers/STM32F0xx_HAL_Driver/Src/stm32f0xx_hal.c **** }
 667              		.loc 1 448 1 is_stmt 0 view .LVU100
 668              		@ sp needed
 669 000a 7047     		bx	lr
 670              	.L55:
 671              		.align	2
 672              	.L54:
 673 000c 00580140 		.word	1073829888
 674              		.cfi_endproc
 675              	.LFE56:
 677              		.global	uwTick
 678              		.section	.bss.uwTick,"aw",%nobits
 679              		.align	2
 682              	uwTick:
 683 0000 00000000 		.space	4
 684              		.text
 685              	.Letext0:
 686              		.file 2 "Drivers/CMSIS/Device/ST/STM32F0xx/Include/stm32f072xb.h"
 687              		.file 3 "C:/SysGCC/arm-eabi/arm-none-eabi/include/machine/_default_types.h"
 688              		.file 4 "C:/SysGCC/arm-eabi/arm-none-eabi/include/sys/_stdint.h"
 689              		.file 5 "Drivers/CMSIS/Include/core_cm0.h"
 690              		.file 6 "Drivers/STM32F0xx_HAL_Driver/Inc/stm32f0xx_hal_def.h"
 691              		.file 7 "Drivers/STM32F0xx_HAL_Driver/Inc/stm32f0xx_hal_cortex.h"
 692              		.file 8 "Drivers/STM32F0xx_HAL_Driver/Inc/stm32f0xx_hal_rcc.h"
ARM GAS  C:\Users\0.0\AppData\Local\Temp\ccrBysGj.s 			page 21


DEFINED SYMBOLS
                            *ABS*:00000000 stm32f0xx_hal.c
C:\Users\0.0\AppData\Local\Temp\ccrBysGj.s:19     .text.HAL_MspInit:00000000 $t
C:\Users\0.0\AppData\Local\Temp\ccrBysGj.s:25     .text.HAL_MspInit:00000000 HAL_MspInit
C:\Users\0.0\AppData\Local\Temp\ccrBysGj.s:39     .text.HAL_MspDeInit:00000000 $t
C:\Users\0.0\AppData\Local\Temp\ccrBysGj.s:45     .text.HAL_MspDeInit:00000000 HAL_MspDeInit
C:\Users\0.0\AppData\Local\Temp\ccrBysGj.s:59     .text.HAL_DeInit:00000000 $t
C:\Users\0.0\AppData\Local\Temp\ccrBysGj.s:65     .text.HAL_DeInit:00000000 HAL_DeInit
C:\Users\0.0\AppData\Local\Temp\ccrBysGj.s:103    .text.HAL_DeInit:00000020 $d
C:\Users\0.0\AppData\Local\Temp\ccrBysGj.s:109    .text.HAL_InitTick:00000000 $t
C:\Users\0.0\AppData\Local\Temp\ccrBysGj.s:115    .text.HAL_InitTick:00000000 HAL_InitTick
C:\Users\0.0\AppData\Local\Temp\ccrBysGj.s:158    .text.HAL_Init:00000000 $t
C:\Users\0.0\AppData\Local\Temp\ccrBysGj.s:164    .text.HAL_Init:00000000 HAL_Init
C:\Users\0.0\AppData\Local\Temp\ccrBysGj.s:196    .text.HAL_Init:0000001c $d
C:\Users\0.0\AppData\Local\Temp\ccrBysGj.s:201    .text.HAL_IncTick:00000000 $t
C:\Users\0.0\AppData\Local\Temp\ccrBysGj.s:207    .text.HAL_IncTick:00000000 HAL_IncTick
C:\Users\0.0\AppData\Local\Temp\ccrBysGj.s:226    .text.HAL_IncTick:0000000c $d
C:\Users\0.0\AppData\Local\Temp\ccrBysGj.s:682    .bss.uwTick:00000000 uwTick
C:\Users\0.0\AppData\Local\Temp\ccrBysGj.s:231    .text.HAL_GetTick:00000000 $t
C:\Users\0.0\AppData\Local\Temp\ccrBysGj.s:237    .text.HAL_GetTick:00000000 HAL_GetTick
C:\Users\0.0\AppData\Local\Temp\ccrBysGj.s:254    .text.HAL_GetTick:00000008 $d
C:\Users\0.0\AppData\Local\Temp\ccrBysGj.s:259    .text.HAL_Delay:00000000 $t
C:\Users\0.0\AppData\Local\Temp\ccrBysGj.s:265    .text.HAL_Delay:00000000 HAL_Delay
C:\Users\0.0\AppData\Local\Temp\ccrBysGj.s:324    .text.HAL_SuspendTick:00000000 $t
C:\Users\0.0\AppData\Local\Temp\ccrBysGj.s:330    .text.HAL_SuspendTick:00000000 HAL_SuspendTick
C:\Users\0.0\AppData\Local\Temp\ccrBysGj.s:349    .text.HAL_SuspendTick:0000000c $d
C:\Users\0.0\AppData\Local\Temp\ccrBysGj.s:354    .text.HAL_ResumeTick:00000000 $t
C:\Users\0.0\AppData\Local\Temp\ccrBysGj.s:360    .text.HAL_ResumeTick:00000000 HAL_ResumeTick
C:\Users\0.0\AppData\Local\Temp\ccrBysGj.s:379    .text.HAL_ResumeTick:0000000c $d
C:\Users\0.0\AppData\Local\Temp\ccrBysGj.s:384    .text.HAL_GetHalVersion:00000000 $t
C:\Users\0.0\AppData\Local\Temp\ccrBysGj.s:390    .text.HAL_GetHalVersion:00000000 HAL_GetHalVersion
C:\Users\0.0\AppData\Local\Temp\ccrBysGj.s:405    .text.HAL_GetHalVersion:00000004 $d
C:\Users\0.0\AppData\Local\Temp\ccrBysGj.s:410    .text.HAL_GetREVID:00000000 $t
C:\Users\0.0\AppData\Local\Temp\ccrBysGj.s:416    .text.HAL_GetREVID:00000000 HAL_GetREVID
C:\Users\0.0\AppData\Local\Temp\ccrBysGj.s:435    .text.HAL_GetREVID:00000008 $d
C:\Users\0.0\AppData\Local\Temp\ccrBysGj.s:440    .text.HAL_GetDEVID:00000000 $t
C:\Users\0.0\AppData\Local\Temp\ccrBysGj.s:446    .text.HAL_GetDEVID:00000000 HAL_GetDEVID
C:\Users\0.0\AppData\Local\Temp\ccrBysGj.s:466    .text.HAL_GetDEVID:0000000c $d
C:\Users\0.0\AppData\Local\Temp\ccrBysGj.s:471    .text.HAL_GetUIDw0:00000000 $t
C:\Users\0.0\AppData\Local\Temp\ccrBysGj.s:477    .text.HAL_GetUIDw0:00000000 HAL_GetUIDw0
C:\Users\0.0\AppData\Local\Temp\ccrBysGj.s:495    .text.HAL_GetUIDw0:00000008 $d
C:\Users\0.0\AppData\Local\Temp\ccrBysGj.s:500    .text.HAL_GetUIDw1:00000000 $t
C:\Users\0.0\AppData\Local\Temp\ccrBysGj.s:506    .text.HAL_GetUIDw1:00000000 HAL_GetUIDw1
C:\Users\0.0\AppData\Local\Temp\ccrBysGj.s:524    .text.HAL_GetUIDw1:00000008 $d
C:\Users\0.0\AppData\Local\Temp\ccrBysGj.s:529    .text.HAL_GetUIDw2:00000000 $t
C:\Users\0.0\AppData\Local\Temp\ccrBysGj.s:535    .text.HAL_GetUIDw2:00000000 HAL_GetUIDw2
C:\Users\0.0\AppData\Local\Temp\ccrBysGj.s:553    .text.HAL_GetUIDw2:00000008 $d
C:\Users\0.0\AppData\Local\Temp\ccrBysGj.s:558    .text.HAL_DBGMCU_EnableDBGStopMode:00000000 $t
C:\Users\0.0\AppData\Local\Temp\ccrBysGj.s:564    .text.HAL_DBGMCU_EnableDBGStopMode:00000000 HAL_DBGMCU_EnableDBGStopMode
C:\Users\0.0\AppData\Local\Temp\ccrBysGj.s:583    .text.HAL_DBGMCU_EnableDBGStopMode:0000000c $d
C:\Users\0.0\AppData\Local\Temp\ccrBysGj.s:588    .text.HAL_DBGMCU_DisableDBGStopMode:00000000 $t
C:\Users\0.0\AppData\Local\Temp\ccrBysGj.s:594    .text.HAL_DBGMCU_DisableDBGStopMode:00000000 HAL_DBGMCU_DisableDBGStopMode
C:\Users\0.0\AppData\Local\Temp\ccrBysGj.s:613    .text.HAL_DBGMCU_DisableDBGStopMode:0000000c $d
C:\Users\0.0\AppData\Local\Temp\ccrBysGj.s:618    .text.HAL_DBGMCU_EnableDBGStandbyMode:00000000 $t
C:\Users\0.0\AppData\Local\Temp\ccrBysGj.s:624    .text.HAL_DBGMCU_EnableDBGStandbyMode:00000000 HAL_DBGMCU_EnableDBGStandbyMode
C:\Users\0.0\AppData\Local\Temp\ccrBysGj.s:643    .text.HAL_DBGMCU_EnableDBGStandbyMode:0000000c $d
C:\Users\0.0\AppData\Local\Temp\ccrBysGj.s:648    .text.HAL_DBGMCU_DisableDBGStandbyMode:00000000 $t
ARM GAS  C:\Users\0.0\AppData\Local\Temp\ccrBysGj.s 			page 22


C:\Users\0.0\AppData\Local\Temp\ccrBysGj.s:654    .text.HAL_DBGMCU_DisableDBGStandbyMode:00000000 HAL_DBGMCU_DisableDBGStandbyMode
C:\Users\0.0\AppData\Local\Temp\ccrBysGj.s:673    .text.HAL_DBGMCU_DisableDBGStandbyMode:0000000c $d
C:\Users\0.0\AppData\Local\Temp\ccrBysGj.s:679    .bss.uwTick:00000000 $d

UNDEFINED SYMBOLS
__aeabi_uidiv
HAL_RCC_GetHCLKFreq
HAL_SYSTICK_Config
HAL_NVIC_SetPriority
