ARM GAS  C:\Users\0.0\AppData\Local\Temp\ccf0KKSL.s 			page 1


   1              		.cpu cortex-m0
   2              		.arch armv6s-m
   3              		.fpu softvfp
   4              		.eabi_attribute 20, 1
   5              		.eabi_attribute 21, 1
   6              		.eabi_attribute 23, 3
   7              		.eabi_attribute 24, 1
   8              		.eabi_attribute 25, 1
   9              		.eabi_attribute 26, 1
  10              		.eabi_attribute 30, 1
  11              		.eabi_attribute 34, 0
  12              		.eabi_attribute 18, 4
  13              		.file	"stm32f0xx_it.c"
  14              		.text
  15              	.Ltext0:
  16              		.cfi_sections	.debug_frame
  17              		.file 1 "Src/stm32f0xx_it.c"
  18              		.section	.text.NMI_Handler,"ax",%progbits
  19              		.align	1
  20              		.global	NMI_Handler
  21              		.syntax unified
  22              		.code	16
  23              		.thumb_func
  25              	NMI_Handler:
  26              	.LFB37:
   1:Src/stm32f0xx_it.c **** 
   2:Src/stm32f0xx_it.c **** /*
   3:Src/stm32f0xx_it.c ****  * Otter-Iron  -  Stm32f072 based soldering iron.
   4:Src/stm32f0xx_it.c ****  * Copyright (C) 2019 Jan Henrik Hemsing
   5:Src/stm32f0xx_it.c ****  *
   6:Src/stm32f0xx_it.c ****  * This program is free software: you can redistribute it and/or modify it
   7:Src/stm32f0xx_it.c ****  * under the terms of the GNU General Public License as published by the Free
   8:Src/stm32f0xx_it.c ****  * Software Foundation, either version 3 of the License, or (at your option)
   9:Src/stm32f0xx_it.c ****  * any later version.
  10:Src/stm32f0xx_it.c ****  *
  11:Src/stm32f0xx_it.c ****  * This program is distributed in the hope that it will be useful, but WITHOUT
  12:Src/stm32f0xx_it.c ****  * ANY WARRANTY; without even the implied warranty of  MERCHANTABILITY or
  13:Src/stm32f0xx_it.c ****  * FITNESS FOR A PARTICULAR PURPOSE. See the GNU General Public License for
  14:Src/stm32f0xx_it.c ****  * more details.
  15:Src/stm32f0xx_it.c ****  *
  16:Src/stm32f0xx_it.c ****  * You should have received a copy of the GNU General Public License along with
  17:Src/stm32f0xx_it.c ****  * this program.  If not, see <http://www.gnu.org/licenses/>.
  18:Src/stm32f0xx_it.c ****  */
  19:Src/stm32f0xx_it.c **** 
  20:Src/stm32f0xx_it.c **** #include "main.h"
  21:Src/stm32f0xx_it.c **** #include "stm32f0xx_it.h"
  22:Src/stm32f0xx_it.c **** 
  23:Src/stm32f0xx_it.c **** extern PCD_HandleTypeDef hpcd;
  24:Src/stm32f0xx_it.c **** extern USBD_HandleTypeDef USBD_Device;
  25:Src/stm32f0xx_it.c **** 
  26:Src/stm32f0xx_it.c **** extern ADC_HandleTypeDef hadc;
  27:Src/stm32f0xx_it.c **** extern DMA_HandleTypeDef hdma_adc;
  28:Src/stm32f0xx_it.c **** 
  29:Src/stm32f0xx_it.c **** extern TIM_HandleTypeDef htim1;
  30:Src/stm32f0xx_it.c **** extern TIM_HandleTypeDef htim3;
  31:Src/stm32f0xx_it.c **** 
  32:Src/stm32f0xx_it.c **** extern void reg(void);
ARM GAS  C:\Users\0.0\AppData\Local\Temp\ccf0KKSL.s 			page 2


  33:Src/stm32f0xx_it.c **** 
  34:Src/stm32f0xx_it.c **** void NMI_Handler(void)
  35:Src/stm32f0xx_it.c **** {
  27              		.loc 1 35 1 view -0
  28              		.cfi_startproc
  29              		@ args = 0, pretend = 0, frame = 0
  30              		@ frame_needed = 0, uses_anonymous_args = 0
  31              		@ link register save eliminated.
  36:Src/stm32f0xx_it.c **** 
  37:Src/stm32f0xx_it.c **** }
  32              		.loc 1 37 1 view .LVU1
  33              		@ sp needed
  34 0000 7047     		bx	lr
  35              		.cfi_endproc
  36              	.LFE37:
  38              		.section	.text.HardFault_Handler,"ax",%progbits
  39              		.align	1
  40              		.global	HardFault_Handler
  41              		.syntax unified
  42              		.code	16
  43              		.thumb_func
  45              	HardFault_Handler:
  46              	.LFB38:
  38:Src/stm32f0xx_it.c **** 
  39:Src/stm32f0xx_it.c **** void HardFault_Handler(void)
  40:Src/stm32f0xx_it.c **** {
  47              		.loc 1 40 1 view -0
  48              		.cfi_startproc
  49              		@ Volatile: function does not return.
  50              		@ args = 0, pretend = 0, frame = 0
  51              		@ frame_needed = 0, uses_anonymous_args = 0
  52              		@ link register save eliminated.
  53              	.L3:
  41:Src/stm32f0xx_it.c ****   while (1)
  54              		.loc 1 41 3 view .LVU3
  42:Src/stm32f0xx_it.c ****   {
  43:Src/stm32f0xx_it.c ****   }
  55              		.loc 1 43 3 view .LVU4
  41:Src/stm32f0xx_it.c ****   while (1)
  56              		.loc 1 41 9 view .LVU5
  57 0000 FEE7     		b	.L3
  58              		.cfi_endproc
  59              	.LFE38:
  61              		.section	.text.SVC_Handler,"ax",%progbits
  62              		.align	1
  63              		.global	SVC_Handler
  64              		.syntax unified
  65              		.code	16
  66              		.thumb_func
  68              	SVC_Handler:
  69              	.LFB39:
  44:Src/stm32f0xx_it.c **** }
  45:Src/stm32f0xx_it.c **** 
  46:Src/stm32f0xx_it.c **** void SVC_Handler(void)
  47:Src/stm32f0xx_it.c **** {
  70              		.loc 1 47 1 view -0
  71              		.cfi_startproc
ARM GAS  C:\Users\0.0\AppData\Local\Temp\ccf0KKSL.s 			page 3


  72              		@ args = 0, pretend = 0, frame = 0
  73              		@ frame_needed = 0, uses_anonymous_args = 0
  74              		@ link register save eliminated.
  48:Src/stm32f0xx_it.c **** }
  75              		.loc 1 48 1 view .LVU7
  76              		@ sp needed
  77 0000 7047     		bx	lr
  78              		.cfi_endproc
  79              	.LFE39:
  81              		.section	.text.PendSV_Handler,"ax",%progbits
  82              		.align	1
  83              		.global	PendSV_Handler
  84              		.syntax unified
  85              		.code	16
  86              		.thumb_func
  88              	PendSV_Handler:
  89              	.LFB40:
  49:Src/stm32f0xx_it.c **** 
  50:Src/stm32f0xx_it.c **** void PendSV_Handler(void)
  51:Src/stm32f0xx_it.c **** {
  90              		.loc 1 51 1 view -0
  91              		.cfi_startproc
  92              		@ args = 0, pretend = 0, frame = 0
  93              		@ frame_needed = 0, uses_anonymous_args = 0
  94              		@ link register save eliminated.
  52:Src/stm32f0xx_it.c **** }
  95              		.loc 1 52 1 view .LVU9
  96              		@ sp needed
  97 0000 7047     		bx	lr
  98              		.cfi_endproc
  99              	.LFE40:
 101              		.section	.text.SysTick_Handler,"ax",%progbits
 102              		.align	1
 103              		.global	SysTick_Handler
 104              		.syntax unified
 105              		.code	16
 106              		.thumb_func
 108              	SysTick_Handler:
 109              	.LFB41:
  53:Src/stm32f0xx_it.c **** 
  54:Src/stm32f0xx_it.c **** void SysTick_Handler(void)
  55:Src/stm32f0xx_it.c **** {
 110              		.loc 1 55 1 view -0
 111              		.cfi_startproc
 112              		@ args = 0, pretend = 0, frame = 0
 113              		@ frame_needed = 0, uses_anonymous_args = 0
 114 0000 10B5     		push	{r4, lr}
 115              	.LCFI0:
 116              		.cfi_def_cfa_offset 8
 117              		.cfi_offset 4, -8
 118              		.cfi_offset 14, -4
  56:Src/stm32f0xx_it.c ****   HAL_IncTick();
 119              		.loc 1 56 3 view .LVU11
 120 0002 FFF7FEFF 		bl	HAL_IncTick
 121              	.LVL0:
  57:Src/stm32f0xx_it.c **** }
 122              		.loc 1 57 1 is_stmt 0 view .LVU12
ARM GAS  C:\Users\0.0\AppData\Local\Temp\ccf0KKSL.s 			page 4


 123              		@ sp needed
 124 0006 10BD     		pop	{r4, pc}
 125              		.cfi_endproc
 126              	.LFE41:
 128              		.section	.text.USB_IRQHandler,"ax",%progbits
 129              		.align	1
 130              		.global	USB_IRQHandler
 131              		.syntax unified
 132              		.code	16
 133              		.thumb_func
 135              	USB_IRQHandler:
 136              	.LFB42:
  58:Src/stm32f0xx_it.c **** 
  59:Src/stm32f0xx_it.c **** void USB_IRQHandler(void)
  60:Src/stm32f0xx_it.c **** {
 137              		.loc 1 60 1 is_stmt 1 view -0
 138              		.cfi_startproc
 139              		@ args = 0, pretend = 0, frame = 0
 140              		@ frame_needed = 0, uses_anonymous_args = 0
 141 0000 10B5     		push	{r4, lr}
 142              	.LCFI1:
 143              		.cfi_def_cfa_offset 8
 144              		.cfi_offset 4, -8
 145              		.cfi_offset 14, -4
  61:Src/stm32f0xx_it.c ****   HAL_PCD_IRQHandler(&hpcd);
 146              		.loc 1 61 3 view .LVU14
 147 0002 0248     		ldr	r0, .L8
 148 0004 FFF7FEFF 		bl	HAL_PCD_IRQHandler
 149              	.LVL1:
  62:Src/stm32f0xx_it.c **** }
 150              		.loc 1 62 1 is_stmt 0 view .LVU15
 151              		@ sp needed
 152 0008 10BD     		pop	{r4, pc}
 153              	.L9:
 154 000a C046     		.align	2
 155              	.L8:
 156 000c 00000000 		.word	hpcd
 157              		.cfi_endproc
 158              	.LFE42:
 160              		.section	.text.ADC1_COMP_IRQHandler,"ax",%progbits
 161              		.align	1
 162              		.global	ADC1_COMP_IRQHandler
 163              		.syntax unified
 164              		.code	16
 165              		.thumb_func
 167              	ADC1_COMP_IRQHandler:
 168              	.LFB43:
  63:Src/stm32f0xx_it.c **** 
  64:Src/stm32f0xx_it.c **** void ADC1_COMP_IRQHandler(void)
  65:Src/stm32f0xx_it.c **** {
 169              		.loc 1 65 1 is_stmt 1 view -0
 170              		.cfi_startproc
 171              		@ args = 0, pretend = 0, frame = 0
 172              		@ frame_needed = 0, uses_anonymous_args = 0
 173 0000 10B5     		push	{r4, lr}
 174              	.LCFI2:
 175              		.cfi_def_cfa_offset 8
ARM GAS  C:\Users\0.0\AppData\Local\Temp\ccf0KKSL.s 			page 5


 176              		.cfi_offset 4, -8
 177              		.cfi_offset 14, -4
  66:Src/stm32f0xx_it.c ****   HAL_ADC_IRQHandler(&hadc);
 178              		.loc 1 66 3 view .LVU17
 179 0002 0248     		ldr	r0, .L11
 180 0004 FFF7FEFF 		bl	HAL_ADC_IRQHandler
 181              	.LVL2:
  67:Src/stm32f0xx_it.c **** }
 182              		.loc 1 67 1 is_stmt 0 view .LVU18
 183              		@ sp needed
 184 0008 10BD     		pop	{r4, pc}
 185              	.L12:
 186 000a C046     		.align	2
 187              	.L11:
 188 000c 00000000 		.word	hadc
 189              		.cfi_endproc
 190              	.LFE43:
 192              		.section	.text.DMA1_Channel1_IRQHandler,"ax",%progbits
 193              		.align	1
 194              		.global	DMA1_Channel1_IRQHandler
 195              		.syntax unified
 196              		.code	16
 197              		.thumb_func
 199              	DMA1_Channel1_IRQHandler:
 200              	.LFB44:
  68:Src/stm32f0xx_it.c **** 
  69:Src/stm32f0xx_it.c **** void DMA1_Channel1_IRQHandler(void)
  70:Src/stm32f0xx_it.c **** {
 201              		.loc 1 70 1 is_stmt 1 view -0
 202              		.cfi_startproc
 203              		@ args = 0, pretend = 0, frame = 0
 204              		@ frame_needed = 0, uses_anonymous_args = 0
 205 0000 10B5     		push	{r4, lr}
 206              	.LCFI3:
 207              		.cfi_def_cfa_offset 8
 208              		.cfi_offset 4, -8
 209              		.cfi_offset 14, -4
  71:Src/stm32f0xx_it.c ****   HAL_DMA_IRQHandler(&hdma_adc);
 210              		.loc 1 71 3 view .LVU20
 211 0002 0348     		ldr	r0, .L14
 212 0004 FFF7FEFF 		bl	HAL_DMA_IRQHandler
 213              	.LVL3:
  72:Src/stm32f0xx_it.c ****   reg();
 214              		.loc 1 72 3 view .LVU21
 215 0008 FFF7FEFF 		bl	reg
 216              	.LVL4:
  73:Src/stm32f0xx_it.c **** }
 217              		.loc 1 73 1 is_stmt 0 view .LVU22
 218              		@ sp needed
 219 000c 10BD     		pop	{r4, pc}
 220              	.L15:
 221 000e C046     		.align	2
 222              	.L14:
 223 0010 00000000 		.word	hdma_adc
 224              		.cfi_endproc
 225              	.LFE44:
 227              		.section	.text.TIM1_BRK_UP_TRG_COM_IRQHandler,"ax",%progbits
ARM GAS  C:\Users\0.0\AppData\Local\Temp\ccf0KKSL.s 			page 6


 228              		.align	1
 229              		.global	TIM1_BRK_UP_TRG_COM_IRQHandler
 230              		.syntax unified
 231              		.code	16
 232              		.thumb_func
 234              	TIM1_BRK_UP_TRG_COM_IRQHandler:
 235              	.LFB45:
  74:Src/stm32f0xx_it.c **** 
  75:Src/stm32f0xx_it.c **** void TIM1_BRK_UP_TRG_COM_IRQHandler(void)
  76:Src/stm32f0xx_it.c **** {
 236              		.loc 1 76 1 is_stmt 1 view -0
 237              		.cfi_startproc
 238              		@ args = 0, pretend = 0, frame = 0
 239              		@ frame_needed = 0, uses_anonymous_args = 0
 240 0000 10B5     		push	{r4, lr}
 241              	.LCFI4:
 242              		.cfi_def_cfa_offset 8
 243              		.cfi_offset 4, -8
 244              		.cfi_offset 14, -4
  77:Src/stm32f0xx_it.c ****   HAL_TIM_IRQHandler(&htim1);
 245              		.loc 1 77 3 view .LVU24
 246 0002 0248     		ldr	r0, .L17
 247 0004 FFF7FEFF 		bl	HAL_TIM_IRQHandler
 248              	.LVL5:
  78:Src/stm32f0xx_it.c **** }
 249              		.loc 1 78 1 is_stmt 0 view .LVU25
 250              		@ sp needed
 251 0008 10BD     		pop	{r4, pc}
 252              	.L18:
 253 000a C046     		.align	2
 254              	.L17:
 255 000c 00000000 		.word	htim1
 256              		.cfi_endproc
 257              	.LFE45:
 259              		.section	.text.TIM1_CC_IRQHandler,"ax",%progbits
 260              		.align	1
 261              		.global	TIM1_CC_IRQHandler
 262              		.syntax unified
 263              		.code	16
 264              		.thumb_func
 266              	TIM1_CC_IRQHandler:
 267              	.LFB46:
  79:Src/stm32f0xx_it.c **** 
  80:Src/stm32f0xx_it.c **** void TIM1_CC_IRQHandler(void)
  81:Src/stm32f0xx_it.c **** {
 268              		.loc 1 81 1 is_stmt 1 view -0
 269              		.cfi_startproc
 270              		@ args = 0, pretend = 0, frame = 0
 271              		@ frame_needed = 0, uses_anonymous_args = 0
 272 0000 10B5     		push	{r4, lr}
 273              	.LCFI5:
 274              		.cfi_def_cfa_offset 8
 275              		.cfi_offset 4, -8
 276              		.cfi_offset 14, -4
  82:Src/stm32f0xx_it.c ****   HAL_TIM_IRQHandler(&htim1);
 277              		.loc 1 82 3 view .LVU27
 278 0002 0248     		ldr	r0, .L20
ARM GAS  C:\Users\0.0\AppData\Local\Temp\ccf0KKSL.s 			page 7


 279 0004 FFF7FEFF 		bl	HAL_TIM_IRQHandler
 280              	.LVL6:
  83:Src/stm32f0xx_it.c **** }
 281              		.loc 1 83 1 is_stmt 0 view .LVU28
 282              		@ sp needed
 283 0008 10BD     		pop	{r4, pc}
 284              	.L21:
 285 000a C046     		.align	2
 286              	.L20:
 287 000c 00000000 		.word	htim1
 288              		.cfi_endproc
 289              	.LFE46:
 291              		.section	.text.TIM3_IRQHandler,"ax",%progbits
 292              		.align	1
 293              		.global	TIM3_IRQHandler
 294              		.syntax unified
 295              		.code	16
 296              		.thumb_func
 298              	TIM3_IRQHandler:
 299              	.LFB47:
  84:Src/stm32f0xx_it.c **** 
  85:Src/stm32f0xx_it.c **** void TIM3_IRQHandler(void)
  86:Src/stm32f0xx_it.c **** {
 300              		.loc 1 86 1 is_stmt 1 view -0
 301              		.cfi_startproc
 302              		@ args = 0, pretend = 0, frame = 0
 303              		@ frame_needed = 0, uses_anonymous_args = 0
 304 0000 10B5     		push	{r4, lr}
 305              	.LCFI6:
 306              		.cfi_def_cfa_offset 8
 307              		.cfi_offset 4, -8
 308              		.cfi_offset 14, -4
  87:Src/stm32f0xx_it.c ****   HAL_TIM_IRQHandler(&htim3);
 309              		.loc 1 87 3 view .LVU30
 310 0002 0248     		ldr	r0, .L23
 311 0004 FFF7FEFF 		bl	HAL_TIM_IRQHandler
 312              	.LVL7:
  88:Src/stm32f0xx_it.c **** }
 313              		.loc 1 88 1 is_stmt 0 view .LVU31
 314              		@ sp needed
 315 0008 10BD     		pop	{r4, pc}
 316              	.L24:
 317 000a C046     		.align	2
 318              	.L23:
 319 000c 00000000 		.word	htim3
 320              		.cfi_endproc
 321              	.LFE47:
 323              		.global	UserTxBuffer
 324              		.section	.bss.UserTxBuffer,"aw",%nobits
 325              		.align	2
 328              	UserTxBuffer:
 329 0000 00000000 		.space	512
 329      00000000 
 329      00000000 
 329      00000000 
 329      00000000 
 330              		.global	UserRxBuffer
ARM GAS  C:\Users\0.0\AppData\Local\Temp\ccf0KKSL.s 			page 8


 331              		.section	.bss.UserRxBuffer,"aw",%nobits
 332              		.align	2
 335              	UserRxBuffer:
 336 0000 00000000 		.space	512
 336      00000000 
 336      00000000 
 336      00000000 
 336      00000000 
 337              		.text
 338              	.Letext0:
 339              		.file 2 "C:/SysGCC/arm-eabi/arm-none-eabi/include/machine/_default_types.h"
 340              		.file 3 "C:/SysGCC/arm-eabi/arm-none-eabi/include/sys/_stdint.h"
 341              		.file 4 "Drivers/CMSIS/Device/ST/STM32F0xx/Include/stm32f072xb.h"
 342              		.file 5 "Drivers/STM32F0xx_HAL_Driver/Inc/stm32f0xx_hal_def.h"
 343              		.file 6 "Drivers/STM32F0xx_HAL_Driver/Inc/stm32f0xx_hal_dma.h"
 344              		.file 7 "Drivers/STM32F0xx_HAL_Driver/Inc/stm32f0xx_hal_adc.h"
 345              		.file 8 "Drivers/STM32F0xx_HAL_Driver/Inc/stm32f0xx_hal_pcd.h"
 346              		.file 9 "Drivers/STM32F0xx_HAL_Driver/Inc/stm32f0xx_hal_tim.h"
 347              		.file 10 "Inc/usbd_cdc_interface.h"
 348              		.file 11 "Drivers/STM32F0xx_HAL_Driver/Inc/stm32f0xx_hal.h"
ARM GAS  C:\Users\0.0\AppData\Local\Temp\ccf0KKSL.s 			page 9


DEFINED SYMBOLS
                            *ABS*:00000000 stm32f0xx_it.c
C:\Users\0.0\AppData\Local\Temp\ccf0KKSL.s:19     .text.NMI_Handler:00000000 $t
C:\Users\0.0\AppData\Local\Temp\ccf0KKSL.s:25     .text.NMI_Handler:00000000 NMI_Handler
C:\Users\0.0\AppData\Local\Temp\ccf0KKSL.s:39     .text.HardFault_Handler:00000000 $t
C:\Users\0.0\AppData\Local\Temp\ccf0KKSL.s:45     .text.HardFault_Handler:00000000 HardFault_Handler
C:\Users\0.0\AppData\Local\Temp\ccf0KKSL.s:62     .text.SVC_Handler:00000000 $t
C:\Users\0.0\AppData\Local\Temp\ccf0KKSL.s:68     .text.SVC_Handler:00000000 SVC_Handler
C:\Users\0.0\AppData\Local\Temp\ccf0KKSL.s:82     .text.PendSV_Handler:00000000 $t
C:\Users\0.0\AppData\Local\Temp\ccf0KKSL.s:88     .text.PendSV_Handler:00000000 PendSV_Handler
C:\Users\0.0\AppData\Local\Temp\ccf0KKSL.s:102    .text.SysTick_Handler:00000000 $t
C:\Users\0.0\AppData\Local\Temp\ccf0KKSL.s:108    .text.SysTick_Handler:00000000 SysTick_Handler
C:\Users\0.0\AppData\Local\Temp\ccf0KKSL.s:129    .text.USB_IRQHandler:00000000 $t
C:\Users\0.0\AppData\Local\Temp\ccf0KKSL.s:135    .text.USB_IRQHandler:00000000 USB_IRQHandler
C:\Users\0.0\AppData\Local\Temp\ccf0KKSL.s:156    .text.USB_IRQHandler:0000000c $d
C:\Users\0.0\AppData\Local\Temp\ccf0KKSL.s:161    .text.ADC1_COMP_IRQHandler:00000000 $t
C:\Users\0.0\AppData\Local\Temp\ccf0KKSL.s:167    .text.ADC1_COMP_IRQHandler:00000000 ADC1_COMP_IRQHandler
C:\Users\0.0\AppData\Local\Temp\ccf0KKSL.s:188    .text.ADC1_COMP_IRQHandler:0000000c $d
C:\Users\0.0\AppData\Local\Temp\ccf0KKSL.s:193    .text.DMA1_Channel1_IRQHandler:00000000 $t
C:\Users\0.0\AppData\Local\Temp\ccf0KKSL.s:199    .text.DMA1_Channel1_IRQHandler:00000000 DMA1_Channel1_IRQHandler
C:\Users\0.0\AppData\Local\Temp\ccf0KKSL.s:223    .text.DMA1_Channel1_IRQHandler:00000010 $d
C:\Users\0.0\AppData\Local\Temp\ccf0KKSL.s:228    .text.TIM1_BRK_UP_TRG_COM_IRQHandler:00000000 $t
C:\Users\0.0\AppData\Local\Temp\ccf0KKSL.s:234    .text.TIM1_BRK_UP_TRG_COM_IRQHandler:00000000 TIM1_BRK_UP_TRG_COM_IRQHandler
C:\Users\0.0\AppData\Local\Temp\ccf0KKSL.s:255    .text.TIM1_BRK_UP_TRG_COM_IRQHandler:0000000c $d
C:\Users\0.0\AppData\Local\Temp\ccf0KKSL.s:260    .text.TIM1_CC_IRQHandler:00000000 $t
C:\Users\0.0\AppData\Local\Temp\ccf0KKSL.s:266    .text.TIM1_CC_IRQHandler:00000000 TIM1_CC_IRQHandler
C:\Users\0.0\AppData\Local\Temp\ccf0KKSL.s:287    .text.TIM1_CC_IRQHandler:0000000c $d
C:\Users\0.0\AppData\Local\Temp\ccf0KKSL.s:292    .text.TIM3_IRQHandler:00000000 $t
C:\Users\0.0\AppData\Local\Temp\ccf0KKSL.s:298    .text.TIM3_IRQHandler:00000000 TIM3_IRQHandler
C:\Users\0.0\AppData\Local\Temp\ccf0KKSL.s:319    .text.TIM3_IRQHandler:0000000c $d
C:\Users\0.0\AppData\Local\Temp\ccf0KKSL.s:328    .bss.UserTxBuffer:00000000 UserTxBuffer
C:\Users\0.0\AppData\Local\Temp\ccf0KKSL.s:325    .bss.UserTxBuffer:00000000 $d
C:\Users\0.0\AppData\Local\Temp\ccf0KKSL.s:335    .bss.UserRxBuffer:00000000 UserRxBuffer
C:\Users\0.0\AppData\Local\Temp\ccf0KKSL.s:332    .bss.UserRxBuffer:00000000 $d

UNDEFINED SYMBOLS
HAL_IncTick
HAL_PCD_IRQHandler
hpcd
HAL_ADC_IRQHandler
hadc
HAL_DMA_IRQHandler
reg
hdma_adc
HAL_TIM_IRQHandler
htim1
htim3
