ARM GAS  C:\Users\0.0\AppData\Local\Temp\ccMtnuwO.s 			page 1


   1              		.cpu cortex-m0
   2              		.arch armv6s-m
   3              		.fpu softvfp
   4              		.eabi_attribute 20, 1
   5              		.eabi_attribute 21, 1
   6              		.eabi_attribute 23, 3
   7              		.eabi_attribute 24, 1
   8              		.eabi_attribute 25, 1
   9              		.eabi_attribute 26, 1
  10              		.eabi_attribute 30, 1
  11              		.eabi_attribute 34, 0
  12              		.eabi_attribute 18, 4
  13              		.file	"usbd_conf.c"
  14              		.text
  15              	.Ltext0:
  16              		.cfi_sections	.debug_frame
  17              		.file 1 "Src/usbd_conf.c"
  18              		.section	.text.HAL_PCD_MspInit,"ax",%progbits
  19              		.align	1
  20              		.global	HAL_PCD_MspInit
  21              		.syntax unified
  22              		.code	16
  23              		.thumb_func
  25              	HAL_PCD_MspInit:
  26              	.LVL0:
  27              	.LFB37:
   1:Src/usbd_conf.c **** /**
   2:Src/usbd_conf.c ****   ******************************************************************************
   3:Src/usbd_conf.c ****   * @file    USB_Device/CDC_Standalone/Src/usbd_conf.c
   4:Src/usbd_conf.c ****   * @author  MCD Application Team
   5:Src/usbd_conf.c ****   * @brief   This file implements the USB Device library callbacks and MSP
   6:Src/usbd_conf.c ****   ******************************************************************************
   7:Src/usbd_conf.c ****   * @attention
   8:Src/usbd_conf.c ****   *
   9:Src/usbd_conf.c ****   * <h2><center>&copy; Copyright (c) 2016 STMicroelectronics International N.V. 
  10:Src/usbd_conf.c ****   * All rights reserved.</center></h2>
  11:Src/usbd_conf.c ****   *
  12:Src/usbd_conf.c ****   * Redistribution and use in source and binary forms, with or without 
  13:Src/usbd_conf.c ****   * modification, are permitted, provided that the following conditions are met:
  14:Src/usbd_conf.c ****   *
  15:Src/usbd_conf.c ****   * 1. Redistribution of source code must retain the above copyright notice, 
  16:Src/usbd_conf.c ****   *    this list of conditions and the following disclaimer.
  17:Src/usbd_conf.c ****   * 2. Redistributions in binary form must reproduce the above copyright notice,
  18:Src/usbd_conf.c ****   *    this list of conditions and the following disclaimer in the documentation
  19:Src/usbd_conf.c ****   *    and/or other materials provided with the distribution.
  20:Src/usbd_conf.c ****   * 3. Neither the name of STMicroelectronics nor the names of other 
  21:Src/usbd_conf.c ****   *    contributors to this software may be used to endorse or promote products 
  22:Src/usbd_conf.c ****   *    derived from this software without specific written permission.
  23:Src/usbd_conf.c ****   * 4. This software, including modifications and/or derivative works of this 
  24:Src/usbd_conf.c ****   *    software, must execute solely and exclusively on microcontroller or
  25:Src/usbd_conf.c ****   *    microprocessor devices manufactured by or for STMicroelectronics.
  26:Src/usbd_conf.c ****   * 5. Redistribution and use of this software other than as permitted under 
  27:Src/usbd_conf.c ****   *    this license is void and will automatically terminate your rights under 
  28:Src/usbd_conf.c ****   *    this license. 
  29:Src/usbd_conf.c ****   *
  30:Src/usbd_conf.c ****   * THIS SOFTWARE IS PROVIDED BY STMICROELECTRONICS AND CONTRIBUTORS "AS IS" 
  31:Src/usbd_conf.c ****   * AND ANY EXPRESS, IMPLIED OR STATUTORY WARRANTIES, INCLUDING, BUT NOT 
ARM GAS  C:\Users\0.0\AppData\Local\Temp\ccMtnuwO.s 			page 2


  32:Src/usbd_conf.c ****   * LIMITED TO, THE IMPLIED WARRANTIES OF MERCHANTABILITY, FITNESS FOR A 
  33:Src/usbd_conf.c ****   * PARTICULAR PURPOSE AND NON-INFRINGEMENT OF THIRD PARTY INTELLECTUAL PROPERTY
  34:Src/usbd_conf.c ****   * RIGHTS ARE DISCLAIMED TO THE FULLEST EXTENT PERMITTED BY LAW. IN NO EVENT 
  35:Src/usbd_conf.c ****   * SHALL STMICROELECTRONICS OR CONTRIBUTORS BE LIABLE FOR ANY DIRECT, INDIRECT,
  36:Src/usbd_conf.c ****   * INCIDENTAL, SPECIAL, EXEMPLARY, OR CONSEQUENTIAL DAMAGES (INCLUDING, BUT NOT
  37:Src/usbd_conf.c ****   * LIMITED TO, PROCUREMENT OF SUBSTITUTE GOODS OR SERVICES; LOSS OF USE, DATA, 
  38:Src/usbd_conf.c ****   * OR PROFITS; OR BUSINESS INTERRUPTION) HOWEVER CAUSED AND ON ANY THEORY OF 
  39:Src/usbd_conf.c ****   * LIABILITY, WHETHER IN CONTRACT, STRICT LIABILITY, OR TORT (INCLUDING 
  40:Src/usbd_conf.c ****   * NEGLIGENCE OR OTHERWISE) ARISING IN ANY WAY OUT OF THE USE OF THIS SOFTWARE,
  41:Src/usbd_conf.c ****   * EVEN IF ADVISED OF THE POSSIBILITY OF SUCH DAMAGE.
  42:Src/usbd_conf.c ****   *
  43:Src/usbd_conf.c ****   ******************************************************************************
  44:Src/usbd_conf.c ****   */
  45:Src/usbd_conf.c **** 
  46:Src/usbd_conf.c **** /* Includes ------------------------------------------------------------------*/
  47:Src/usbd_conf.c **** #include "stm32f0xx_hal.h"
  48:Src/usbd_conf.c **** #include "usbd_core.h"
  49:Src/usbd_conf.c **** #include "main.h"
  50:Src/usbd_conf.c **** /* Private typedef -----------------------------------------------------------*/
  51:Src/usbd_conf.c **** /* Private define ------------------------------------------------------------*/
  52:Src/usbd_conf.c **** /* Private macro -------------------------------------------------------------*/
  53:Src/usbd_conf.c **** /* Private variables ---------------------------------------------------------*/
  54:Src/usbd_conf.c **** PCD_HandleTypeDef hpcd;
  55:Src/usbd_conf.c **** /* Private function prototypes -----------------------------------------------*/
  56:Src/usbd_conf.c **** /* Private functions ---------------------------------------------------------*/
  57:Src/usbd_conf.c **** 
  58:Src/usbd_conf.c **** /*******************************************************************************
  59:Src/usbd_conf.c ****                        PCD BSP Routines
  60:Src/usbd_conf.c **** *******************************************************************************/
  61:Src/usbd_conf.c **** 
  62:Src/usbd_conf.c **** /**
  63:Src/usbd_conf.c ****   * @brief  Initializes the PCD MSP.
  64:Src/usbd_conf.c ****   * @param  hpcd: PCD handle
  65:Src/usbd_conf.c ****   * @retval None
  66:Src/usbd_conf.c ****   */
  67:Src/usbd_conf.c **** void HAL_PCD_MspInit(PCD_HandleTypeDef *hpcd)
  68:Src/usbd_conf.c **** {
  28              		.loc 1 68 1 view -0
  29              		.cfi_startproc
  30              		@ args = 0, pretend = 0, frame = 32
  31              		@ frame_needed = 0, uses_anonymous_args = 0
  32              		.loc 1 68 1 is_stmt 0 view .LVU1
  33 0000 10B5     		push	{r4, lr}
  34              	.LCFI0:
  35              		.cfi_def_cfa_offset 8
  36              		.cfi_offset 4, -8
  37              		.cfi_offset 14, -4
  38 0002 88B0     		sub	sp, sp, #32
  39              	.LCFI1:
  40              		.cfi_def_cfa_offset 40
  69:Src/usbd_conf.c ****   GPIO_InitTypeDef  GPIO_InitStruct;
  41              		.loc 1 69 3 is_stmt 1 view .LVU2
  70:Src/usbd_conf.c ****   
  71:Src/usbd_conf.c ****   /* Enable the GPIOA clock */
  72:Src/usbd_conf.c ****   __HAL_RCC_GPIOA_CLK_ENABLE();
  42              		.loc 1 72 3 view .LVU3
  43              	.LBB2:
ARM GAS  C:\Users\0.0\AppData\Local\Temp\ccMtnuwO.s 			page 3


  44              		.loc 1 72 3 view .LVU4
  45              		.loc 1 72 3 view .LVU5
  46 0004 154C     		ldr	r4, .L2
  47 0006 6369     		ldr	r3, [r4, #20]
  48 0008 8022     		movs	r2, #128
  49 000a 9202     		lsls	r2, r2, #10
  50 000c 1343     		orrs	r3, r2
  51 000e 6361     		str	r3, [r4, #20]
  52              		.loc 1 72 3 view .LVU6
  53 0010 6369     		ldr	r3, [r4, #20]
  54 0012 1340     		ands	r3, r2
  55 0014 0193     		str	r3, [sp, #4]
  56              		.loc 1 72 3 view .LVU7
  57 0016 019B     		ldr	r3, [sp, #4]
  58              	.LBE2:
  59              		.loc 1 72 3 view .LVU8
  73:Src/usbd_conf.c ****   
  74:Src/usbd_conf.c ****   /* Configure USB DM and DP pins.
  75:Src/usbd_conf.c ****      This is optional, and maintained only for user guidance. */
  76:Src/usbd_conf.c ****   GPIO_InitStruct.Pin = (GPIO_PIN_11 | GPIO_PIN_12);
  60              		.loc 1 76 3 view .LVU9
  61              		.loc 1 76 23 is_stmt 0 view .LVU10
  62 0018 C023     		movs	r3, #192
  63 001a 5B01     		lsls	r3, r3, #5
  64 001c 0393     		str	r3, [sp, #12]
  77:Src/usbd_conf.c ****   GPIO_InitStruct.Mode = GPIO_MODE_AF_PP;
  65              		.loc 1 77 3 is_stmt 1 view .LVU11
  66              		.loc 1 77 24 is_stmt 0 view .LVU12
  67 001e 0223     		movs	r3, #2
  68 0020 0493     		str	r3, [sp, #16]
  78:Src/usbd_conf.c ****   GPIO_InitStruct.Pull = GPIO_NOPULL;
  69              		.loc 1 78 3 is_stmt 1 view .LVU13
  70              		.loc 1 78 24 is_stmt 0 view .LVU14
  71 0022 0022     		movs	r2, #0
  72 0024 0592     		str	r2, [sp, #20]
  79:Src/usbd_conf.c ****   GPIO_InitStruct.Speed = GPIO_SPEED_FREQ_HIGH;
  73              		.loc 1 79 3 is_stmt 1 view .LVU15
  74              		.loc 1 79 25 is_stmt 0 view .LVU16
  75 0026 0332     		adds	r2, r2, #3
  76 0028 0692     		str	r2, [sp, #24]
  80:Src/usbd_conf.c ****   GPIO_InitStruct.Alternate = GPIO_AF2_USB;
  77              		.loc 1 80 3 is_stmt 1 view .LVU17
  78              		.loc 1 80 29 is_stmt 0 view .LVU18
  79 002a 0793     		str	r3, [sp, #28]
  81:Src/usbd_conf.c ****   HAL_GPIO_Init(GPIOA, &GPIO_InitStruct); 
  80              		.loc 1 81 3 is_stmt 1 view .LVU19
  81 002c 9020     		movs	r0, #144
  82              	.LVL1:
  83              		.loc 1 81 3 is_stmt 0 view .LVU20
  84 002e 03A9     		add	r1, sp, #12
  85 0030 C005     		lsls	r0, r0, #23
  86 0032 FFF7FEFF 		bl	HAL_GPIO_Init
  87              	.LVL2:
  82:Src/usbd_conf.c ****   
  83:Src/usbd_conf.c ****   /* Enable USB FS Clock */
  84:Src/usbd_conf.c ****   __HAL_RCC_USB_CLK_ENABLE();
  88              		.loc 1 84 3 is_stmt 1 view .LVU21
ARM GAS  C:\Users\0.0\AppData\Local\Temp\ccMtnuwO.s 			page 4


  89              	.LBB3:
  90              		.loc 1 84 3 view .LVU22
  91              		.loc 1 84 3 view .LVU23
  92 0036 E369     		ldr	r3, [r4, #28]
  93 0038 8022     		movs	r2, #128
  94 003a 1204     		lsls	r2, r2, #16
  95 003c 1343     		orrs	r3, r2
  96 003e E361     		str	r3, [r4, #28]
  97              		.loc 1 84 3 view .LVU24
  98 0040 E369     		ldr	r3, [r4, #28]
  99 0042 1340     		ands	r3, r2
 100 0044 0293     		str	r3, [sp, #8]
 101              		.loc 1 84 3 view .LVU25
 102 0046 029B     		ldr	r3, [sp, #8]
 103              	.LBE3:
 104              		.loc 1 84 3 view .LVU26
  85:Src/usbd_conf.c ****   
  86:Src/usbd_conf.c ****   /* Set USB FS Interrupt priority */
  87:Src/usbd_conf.c ****   HAL_NVIC_SetPriority(USB_IRQn, 3, 0);
 105              		.loc 1 87 3 view .LVU27
 106 0048 0022     		movs	r2, #0
 107 004a 0321     		movs	r1, #3
 108 004c 1F20     		movs	r0, #31
 109 004e FFF7FEFF 		bl	HAL_NVIC_SetPriority
 110              	.LVL3:
  88:Src/usbd_conf.c ****   
  89:Src/usbd_conf.c ****   /* Enable USB FS Interrupt */
  90:Src/usbd_conf.c ****   HAL_NVIC_EnableIRQ(USB_IRQn);
 111              		.loc 1 90 3 view .LVU28
 112 0052 1F20     		movs	r0, #31
 113 0054 FFF7FEFF 		bl	HAL_NVIC_EnableIRQ
 114              	.LVL4:
  91:Src/usbd_conf.c **** }
 115              		.loc 1 91 1 is_stmt 0 view .LVU29
 116 0058 08B0     		add	sp, sp, #32
 117              		@ sp needed
 118 005a 10BD     		pop	{r4, pc}
 119              	.L3:
 120              		.align	2
 121              	.L2:
 122 005c 00100240 		.word	1073876992
 123              		.cfi_endproc
 124              	.LFE37:
 126              		.section	.text.HAL_PCD_MspDeInit,"ax",%progbits
 127              		.align	1
 128              		.global	HAL_PCD_MspDeInit
 129              		.syntax unified
 130              		.code	16
 131              		.thumb_func
 133              	HAL_PCD_MspDeInit:
 134              	.LVL5:
 135              	.LFB38:
  92:Src/usbd_conf.c **** 
  93:Src/usbd_conf.c **** /**
  94:Src/usbd_conf.c ****   * @brief  De-Initializes the PCD MSP.
  95:Src/usbd_conf.c ****   * @param  hpcd: PCD handle
  96:Src/usbd_conf.c ****   * @retval None
ARM GAS  C:\Users\0.0\AppData\Local\Temp\ccMtnuwO.s 			page 5


  97:Src/usbd_conf.c ****   */
  98:Src/usbd_conf.c **** void HAL_PCD_MspDeInit(PCD_HandleTypeDef *hpcd)
  99:Src/usbd_conf.c **** {
 136              		.loc 1 99 1 is_stmt 1 view -0
 137              		.cfi_startproc
 138              		@ args = 0, pretend = 0, frame = 0
 139              		@ frame_needed = 0, uses_anonymous_args = 0
 140              		@ link register save eliminated.
 100:Src/usbd_conf.c ****   /* Disable USB FS Clock */
 101:Src/usbd_conf.c ****   __HAL_RCC_USB_CLK_DISABLE();
 141              		.loc 1 101 3 view .LVU31
 142 0000 024A     		ldr	r2, .L5
 143 0002 D369     		ldr	r3, [r2, #28]
 144 0004 0249     		ldr	r1, .L5+4
 145 0006 0B40     		ands	r3, r1
 146 0008 D361     		str	r3, [r2, #28]
 102:Src/usbd_conf.c **** }
 147              		.loc 1 102 1 is_stmt 0 view .LVU32
 148              		@ sp needed
 149 000a 7047     		bx	lr
 150              	.L6:
 151              		.align	2
 152              	.L5:
 153 000c 00100240 		.word	1073876992
 154 0010 FFFF7FFF 		.word	-8388609
 155              		.cfi_endproc
 156              	.LFE38:
 158              		.section	.text.HAL_PCD_SetupStageCallback,"ax",%progbits
 159              		.align	1
 160              		.global	HAL_PCD_SetupStageCallback
 161              		.syntax unified
 162              		.code	16
 163              		.thumb_func
 165              	HAL_PCD_SetupStageCallback:
 166              	.LVL6:
 167              	.LFB39:
 103:Src/usbd_conf.c **** 
 104:Src/usbd_conf.c **** /*******************************************************************************
 105:Src/usbd_conf.c ****                        LL Driver Callbacks (PCD -> USB Device Library)
 106:Src/usbd_conf.c **** *******************************************************************************/
 107:Src/usbd_conf.c **** 
 108:Src/usbd_conf.c **** /**
 109:Src/usbd_conf.c ****   * @brief  SOF callback.
 110:Src/usbd_conf.c ****   * @param  hpcd: PCD handle
 111:Src/usbd_conf.c ****   * @retval None
 112:Src/usbd_conf.c ****   */
 113:Src/usbd_conf.c **** void HAL_PCD_SetupStageCallback(PCD_HandleTypeDef *hpcd)
 114:Src/usbd_conf.c **** {
 168              		.loc 1 114 1 is_stmt 1 view -0
 169              		.cfi_startproc
 170              		@ args = 0, pretend = 0, frame = 0
 171              		@ frame_needed = 0, uses_anonymous_args = 0
 172              		.loc 1 114 1 is_stmt 0 view .LVU34
 173 0000 10B5     		push	{r4, lr}
 174              	.LCFI2:
 175              		.cfi_def_cfa_offset 8
 176              		.cfi_offset 4, -8
ARM GAS  C:\Users\0.0\AppData\Local\Temp\ccMtnuwO.s 			page 6


 177              		.cfi_offset 14, -4
 178 0002 0100     		movs	r1, r0
 115:Src/usbd_conf.c ****   USBD_LL_SetupStage((USBD_HandleTypeDef*)hpcd->pData, (uint8_t *)hpcd->Setup);
 179              		.loc 1 115 3 is_stmt 1 view .LVU35
 180              		.loc 1 115 47 is_stmt 0 view .LVU36
 181 0004 8723     		movs	r3, #135
 182 0006 9B00     		lsls	r3, r3, #2
 183 0008 C058     		ldr	r0, [r0, r3]
 184              	.LVL7:
 185              		.loc 1 115 67 view .LVU37
 186 000a ED31     		adds	r1, r1, #237
 187              	.LVL8:
 188              		.loc 1 115 67 view .LVU38
 189 000c FF31     		adds	r1, r1, #255
 190              	.LVL9:
 191              		.loc 1 115 3 view .LVU39
 192 000e FFF7FEFF 		bl	USBD_LL_SetupStage
 193              	.LVL10:
 116:Src/usbd_conf.c **** }
 194              		.loc 1 116 1 view .LVU40
 195              		@ sp needed
 196 0012 10BD     		pop	{r4, pc}
 197              		.cfi_endproc
 198              	.LFE39:
 200              		.section	.text.HAL_PCD_DataOutStageCallback,"ax",%progbits
 201              		.align	1
 202              		.global	HAL_PCD_DataOutStageCallback
 203              		.syntax unified
 204              		.code	16
 205              		.thumb_func
 207              	HAL_PCD_DataOutStageCallback:
 208              	.LVL11:
 209              	.LFB40:
 117:Src/usbd_conf.c **** 
 118:Src/usbd_conf.c **** /**
 119:Src/usbd_conf.c ****   * @brief  SOF callback.
 120:Src/usbd_conf.c ****   * @param  hpcd: PCD handle
 121:Src/usbd_conf.c ****   * @param  epnum: Endpoint Number
 122:Src/usbd_conf.c ****   * @retval None
 123:Src/usbd_conf.c ****   */
 124:Src/usbd_conf.c **** void HAL_PCD_DataOutStageCallback(PCD_HandleTypeDef *hpcd, uint8_t epnum)
 125:Src/usbd_conf.c **** {
 210              		.loc 1 125 1 is_stmt 1 view -0
 211              		.cfi_startproc
 212              		@ args = 0, pretend = 0, frame = 0
 213              		@ frame_needed = 0, uses_anonymous_args = 0
 214              		.loc 1 125 1 is_stmt 0 view .LVU42
 215 0000 10B5     		push	{r4, lr}
 216              	.LCFI3:
 217              		.cfi_def_cfa_offset 8
 218              		.cfi_offset 4, -8
 219              		.cfi_offset 14, -4
 220 0002 0300     		movs	r3, r0
 126:Src/usbd_conf.c ****   USBD_LL_DataOutStage((USBD_HandleTypeDef*)hpcd->pData, epnum, hpcd->OUT_ep[epnum].xfer_buff);
 221              		.loc 1 126 3 is_stmt 1 view .LVU43
 222              		.loc 1 126 49 is_stmt 0 view .LVU44
 223 0004 8722     		movs	r2, #135
ARM GAS  C:\Users\0.0\AppData\Local\Temp\ccMtnuwO.s 			page 7


 224 0006 9200     		lsls	r2, r2, #2
 225 0008 8058     		ldr	r0, [r0, r2]
 226              	.LVL12:
 227              		.loc 1 126 3 view .LVU45
 228 000a CA00     		lsls	r2, r1, #3
 229 000c 521A     		subs	r2, r2, r1
 230 000e 9200     		lsls	r2, r2, #2
 231 0010 9B18     		adds	r3, r3, r2
 232              	.LVL13:
 233              		.loc 1 126 3 view .LVU46
 234 0012 1933     		adds	r3, r3, #25
 235 0014 FF33     		adds	r3, r3, #255
 236 0016 1A68     		ldr	r2, [r3]
 237 0018 FFF7FEFF 		bl	USBD_LL_DataOutStage
 238              	.LVL14:
 127:Src/usbd_conf.c **** }
 239              		.loc 1 127 1 view .LVU47
 240              		@ sp needed
 241 001c 10BD     		pop	{r4, pc}
 242              		.cfi_endproc
 243              	.LFE40:
 245              		.section	.text.HAL_PCD_DataInStageCallback,"ax",%progbits
 246              		.align	1
 247              		.global	HAL_PCD_DataInStageCallback
 248              		.syntax unified
 249              		.code	16
 250              		.thumb_func
 252              	HAL_PCD_DataInStageCallback:
 253              	.LVL15:
 254              	.LFB41:
 128:Src/usbd_conf.c **** 
 129:Src/usbd_conf.c **** /**
 130:Src/usbd_conf.c ****   * @brief  SOF callback.
 131:Src/usbd_conf.c ****   * @param  hpcd: PCD handle
 132:Src/usbd_conf.c ****   * @param  epnum: Endpoint Number
 133:Src/usbd_conf.c ****   * @retval None
 134:Src/usbd_conf.c ****   */
 135:Src/usbd_conf.c **** void HAL_PCD_DataInStageCallback(PCD_HandleTypeDef *hpcd, uint8_t epnum)
 136:Src/usbd_conf.c **** {
 255              		.loc 1 136 1 is_stmt 1 view -0
 256              		.cfi_startproc
 257              		@ args = 0, pretend = 0, frame = 0
 258              		@ frame_needed = 0, uses_anonymous_args = 0
 259              		.loc 1 136 1 is_stmt 0 view .LVU49
 260 0000 10B5     		push	{r4, lr}
 261              	.LCFI4:
 262              		.cfi_def_cfa_offset 8
 263              		.cfi_offset 4, -8
 264              		.cfi_offset 14, -4
 265 0002 0300     		movs	r3, r0
 137:Src/usbd_conf.c ****   USBD_LL_DataInStage((USBD_HandleTypeDef*)hpcd->pData, epnum, hpcd->IN_ep[epnum].xfer_buff);
 266              		.loc 1 137 3 is_stmt 1 view .LVU50
 267              		.loc 1 137 48 is_stmt 0 view .LVU51
 268 0004 8722     		movs	r2, #135
 269 0006 9200     		lsls	r2, r2, #2
 270 0008 8058     		ldr	r0, [r0, r2]
 271              	.LVL16:
ARM GAS  C:\Users\0.0\AppData\Local\Temp\ccMtnuwO.s 			page 8


 272              		.loc 1 137 3 view .LVU52
 273 000a CA00     		lsls	r2, r1, #3
 274 000c 521A     		subs	r2, r2, r1
 275 000e 9200     		lsls	r2, r2, #2
 276 0010 9B18     		adds	r3, r3, r2
 277              	.LVL17:
 278              		.loc 1 137 3 view .LVU53
 279 0012 9A6B     		ldr	r2, [r3, #56]
 280 0014 FFF7FEFF 		bl	USBD_LL_DataInStage
 281              	.LVL18:
 138:Src/usbd_conf.c **** }
 282              		.loc 1 138 1 view .LVU54
 283              		@ sp needed
 284 0018 10BD     		pop	{r4, pc}
 285              		.cfi_endproc
 286              	.LFE41:
 288              		.section	.text.HAL_PCD_SOFCallback,"ax",%progbits
 289              		.align	1
 290              		.global	HAL_PCD_SOFCallback
 291              		.syntax unified
 292              		.code	16
 293              		.thumb_func
 295              	HAL_PCD_SOFCallback:
 296              	.LVL19:
 297              	.LFB42:
 139:Src/usbd_conf.c **** 
 140:Src/usbd_conf.c **** /**
 141:Src/usbd_conf.c ****   * @brief  SOF callback.
 142:Src/usbd_conf.c ****   * @param  hpcd: PCD handle
 143:Src/usbd_conf.c ****   * @retval None
 144:Src/usbd_conf.c ****   */
 145:Src/usbd_conf.c **** void HAL_PCD_SOFCallback(PCD_HandleTypeDef *hpcd)
 146:Src/usbd_conf.c **** {
 298              		.loc 1 146 1 is_stmt 1 view -0
 299              		.cfi_startproc
 300              		@ args = 0, pretend = 0, frame = 0
 301              		@ frame_needed = 0, uses_anonymous_args = 0
 302              		.loc 1 146 1 is_stmt 0 view .LVU56
 303 0000 10B5     		push	{r4, lr}
 304              	.LCFI5:
 305              		.cfi_def_cfa_offset 8
 306              		.cfi_offset 4, -8
 307              		.cfi_offset 14, -4
 147:Src/usbd_conf.c ****   USBD_LL_SOF((USBD_HandleTypeDef*)hpcd->pData);
 308              		.loc 1 147 3 is_stmt 1 view .LVU57
 309              		.loc 1 147 40 is_stmt 0 view .LVU58
 310 0002 8723     		movs	r3, #135
 311 0004 9B00     		lsls	r3, r3, #2
 312 0006 C058     		ldr	r0, [r0, r3]
 313              	.LVL20:
 314              		.loc 1 147 3 view .LVU59
 315 0008 FFF7FEFF 		bl	USBD_LL_SOF
 316              	.LVL21:
 148:Src/usbd_conf.c **** }
 317              		.loc 1 148 1 view .LVU60
 318              		@ sp needed
 319 000c 10BD     		pop	{r4, pc}
ARM GAS  C:\Users\0.0\AppData\Local\Temp\ccMtnuwO.s 			page 9


 320              		.cfi_endproc
 321              	.LFE42:
 323              		.section	.text.HAL_PCD_ResetCallback,"ax",%progbits
 324              		.align	1
 325              		.global	HAL_PCD_ResetCallback
 326              		.syntax unified
 327              		.code	16
 328              		.thumb_func
 330              	HAL_PCD_ResetCallback:
 331              	.LVL22:
 332              	.LFB43:
 149:Src/usbd_conf.c **** 
 150:Src/usbd_conf.c **** /**
 151:Src/usbd_conf.c ****   * @brief  SOF callback.
 152:Src/usbd_conf.c ****   * @param  hpcd: PCD handle
 153:Src/usbd_conf.c ****   * @retval None
 154:Src/usbd_conf.c ****   */
 155:Src/usbd_conf.c **** void HAL_PCD_ResetCallback(PCD_HandleTypeDef *hpcd)
 156:Src/usbd_conf.c **** {   
 333              		.loc 1 156 1 is_stmt 1 view -0
 334              		.cfi_startproc
 335              		@ args = 0, pretend = 0, frame = 0
 336              		@ frame_needed = 0, uses_anonymous_args = 0
 337              		.loc 1 156 1 is_stmt 0 view .LVU62
 338 0000 70B5     		push	{r4, r5, r6, lr}
 339              	.LCFI6:
 340              		.cfi_def_cfa_offset 16
 341              		.cfi_offset 4, -16
 342              		.cfi_offset 5, -12
 343              		.cfi_offset 6, -8
 344              		.cfi_offset 14, -4
 345 0002 0400     		movs	r4, r0
 157:Src/usbd_conf.c ****   USBD_LL_SetSpeed((USBD_HandleTypeDef*)hpcd->pData, USBD_SPEED_FULL);
 346              		.loc 1 157 3 is_stmt 1 view .LVU63
 347              		.loc 1 157 45 is_stmt 0 view .LVU64
 348 0004 8725     		movs	r5, #135
 349 0006 AD00     		lsls	r5, r5, #2
 350 0008 4059     		ldr	r0, [r0, r5]
 351              	.LVL23:
 352              		.loc 1 157 3 view .LVU65
 353 000a 0121     		movs	r1, #1
 354 000c FFF7FEFF 		bl	USBD_LL_SetSpeed
 355              	.LVL24:
 158:Src/usbd_conf.c ****   /* Reset Device */
 159:Src/usbd_conf.c ****   USBD_LL_Reset((USBD_HandleTypeDef*)hpcd->pData);
 356              		.loc 1 159 3 is_stmt 1 view .LVU66
 357              		.loc 1 159 42 is_stmt 0 view .LVU67
 358 0010 6059     		ldr	r0, [r4, r5]
 359              		.loc 1 159 3 view .LVU68
 360 0012 FFF7FEFF 		bl	USBD_LL_Reset
 361              	.LVL25:
 160:Src/usbd_conf.c **** }
 362              		.loc 1 160 1 view .LVU69
 363              		@ sp needed
 364              	.LVL26:
 365              		.loc 1 160 1 view .LVU70
 366 0016 70BD     		pop	{r4, r5, r6, pc}
ARM GAS  C:\Users\0.0\AppData\Local\Temp\ccMtnuwO.s 			page 10


 367              		.cfi_endproc
 368              	.LFE43:
 370              		.section	.text.HAL_PCD_SuspendCallback,"ax",%progbits
 371              		.align	1
 372              		.global	HAL_PCD_SuspendCallback
 373              		.syntax unified
 374              		.code	16
 375              		.thumb_func
 377              	HAL_PCD_SuspendCallback:
 378              	.LVL27:
 379              	.LFB44:
 161:Src/usbd_conf.c **** 
 162:Src/usbd_conf.c **** /**
 163:Src/usbd_conf.c ****   * @brief  SOF callback.
 164:Src/usbd_conf.c ****   * @param  hpcd: PCD handle
 165:Src/usbd_conf.c ****   * @retval None
 166:Src/usbd_conf.c ****   */
 167:Src/usbd_conf.c **** void HAL_PCD_SuspendCallback(PCD_HandleTypeDef *hpcd)
 168:Src/usbd_conf.c **** {
 380              		.loc 1 168 1 is_stmt 1 view -0
 381              		.cfi_startproc
 382              		@ args = 0, pretend = 0, frame = 0
 383              		@ frame_needed = 0, uses_anonymous_args = 0
 384              		@ link register save eliminated.
 169:Src/usbd_conf.c **** }
 385              		.loc 1 169 1 view .LVU72
 386              		@ sp needed
 387 0000 7047     		bx	lr
 388              		.cfi_endproc
 389              	.LFE44:
 391              		.section	.text.HAL_PCD_ResumeCallback,"ax",%progbits
 392              		.align	1
 393              		.global	HAL_PCD_ResumeCallback
 394              		.syntax unified
 395              		.code	16
 396              		.thumb_func
 398              	HAL_PCD_ResumeCallback:
 399              	.LVL28:
 400              	.LFB45:
 170:Src/usbd_conf.c **** 
 171:Src/usbd_conf.c **** /**
 172:Src/usbd_conf.c ****   * @brief  SOF callback.
 173:Src/usbd_conf.c ****   * @param  hpcd: PCD handle
 174:Src/usbd_conf.c ****   * @retval None
 175:Src/usbd_conf.c ****   */
 176:Src/usbd_conf.c **** void HAL_PCD_ResumeCallback(PCD_HandleTypeDef *hpcd)
 177:Src/usbd_conf.c **** {
 401              		.loc 1 177 1 view -0
 402              		.cfi_startproc
 403              		@ args = 0, pretend = 0, frame = 0
 404              		@ frame_needed = 0, uses_anonymous_args = 0
 405              		@ link register save eliminated.
 178:Src/usbd_conf.c **** }
 406              		.loc 1 178 1 view .LVU74
 407              		@ sp needed
 408 0000 7047     		bx	lr
 409              		.cfi_endproc
ARM GAS  C:\Users\0.0\AppData\Local\Temp\ccMtnuwO.s 			page 11


 410              	.LFE45:
 412              		.section	.text.HAL_PCD_ISOOUTIncompleteCallback,"ax",%progbits
 413              		.align	1
 414              		.global	HAL_PCD_ISOOUTIncompleteCallback
 415              		.syntax unified
 416              		.code	16
 417              		.thumb_func
 419              	HAL_PCD_ISOOUTIncompleteCallback:
 420              	.LVL29:
 421              	.LFB46:
 179:Src/usbd_conf.c **** 
 180:Src/usbd_conf.c **** /**
 181:Src/usbd_conf.c ****   * @brief  SOF callback.
 182:Src/usbd_conf.c ****   * @param  hpcd: PCD handle 
 183:Src/usbd_conf.c ****   * @param  epnum: Endpoint Number
 184:Src/usbd_conf.c ****   * @retval None
 185:Src/usbd_conf.c ****   */
 186:Src/usbd_conf.c **** void HAL_PCD_ISOOUTIncompleteCallback(PCD_HandleTypeDef *hpcd, uint8_t epnum)
 187:Src/usbd_conf.c **** {
 422              		.loc 1 187 1 view -0
 423              		.cfi_startproc
 424              		@ args = 0, pretend = 0, frame = 0
 425              		@ frame_needed = 0, uses_anonymous_args = 0
 426              		.loc 1 187 1 is_stmt 0 view .LVU76
 427 0000 10B5     		push	{r4, lr}
 428              	.LCFI7:
 429              		.cfi_def_cfa_offset 8
 430              		.cfi_offset 4, -8
 431              		.cfi_offset 14, -4
 188:Src/usbd_conf.c ****   USBD_LL_IsoOUTIncomplete((USBD_HandleTypeDef*)hpcd->pData, epnum);
 432              		.loc 1 188 3 is_stmt 1 view .LVU77
 433              		.loc 1 188 53 is_stmt 0 view .LVU78
 434 0002 8723     		movs	r3, #135
 435 0004 9B00     		lsls	r3, r3, #2
 436 0006 C058     		ldr	r0, [r0, r3]
 437              	.LVL30:
 438              		.loc 1 188 3 view .LVU79
 439 0008 FFF7FEFF 		bl	USBD_LL_IsoOUTIncomplete
 440              	.LVL31:
 189:Src/usbd_conf.c **** }
 441              		.loc 1 189 1 view .LVU80
 442              		@ sp needed
 443 000c 10BD     		pop	{r4, pc}
 444              		.cfi_endproc
 445              	.LFE46:
 447              		.section	.text.HAL_PCD_ISOINIncompleteCallback,"ax",%progbits
 448              		.align	1
 449              		.global	HAL_PCD_ISOINIncompleteCallback
 450              		.syntax unified
 451              		.code	16
 452              		.thumb_func
 454              	HAL_PCD_ISOINIncompleteCallback:
 455              	.LVL32:
 456              	.LFB47:
 190:Src/usbd_conf.c **** 
 191:Src/usbd_conf.c **** /**
 192:Src/usbd_conf.c ****   * @brief  SOF callback.
ARM GAS  C:\Users\0.0\AppData\Local\Temp\ccMtnuwO.s 			page 12


 193:Src/usbd_conf.c ****   * @param  hpcd: PCD handle 
 194:Src/usbd_conf.c ****   * @param  epnum: Endpoint Number
 195:Src/usbd_conf.c ****   * @retval None
 196:Src/usbd_conf.c ****   */
 197:Src/usbd_conf.c **** void HAL_PCD_ISOINIncompleteCallback(PCD_HandleTypeDef *hpcd, uint8_t epnum)
 198:Src/usbd_conf.c **** {
 457              		.loc 1 198 1 is_stmt 1 view -0
 458              		.cfi_startproc
 459              		@ args = 0, pretend = 0, frame = 0
 460              		@ frame_needed = 0, uses_anonymous_args = 0
 461              		.loc 1 198 1 is_stmt 0 view .LVU82
 462 0000 10B5     		push	{r4, lr}
 463              	.LCFI8:
 464              		.cfi_def_cfa_offset 8
 465              		.cfi_offset 4, -8
 466              		.cfi_offset 14, -4
 199:Src/usbd_conf.c ****   USBD_LL_IsoINIncomplete((USBD_HandleTypeDef*)hpcd->pData, epnum);
 467              		.loc 1 199 3 is_stmt 1 view .LVU83
 468              		.loc 1 199 52 is_stmt 0 view .LVU84
 469 0002 8723     		movs	r3, #135
 470 0004 9B00     		lsls	r3, r3, #2
 471 0006 C058     		ldr	r0, [r0, r3]
 472              	.LVL33:
 473              		.loc 1 199 3 view .LVU85
 474 0008 FFF7FEFF 		bl	USBD_LL_IsoINIncomplete
 475              	.LVL34:
 200:Src/usbd_conf.c **** }
 476              		.loc 1 200 1 view .LVU86
 477              		@ sp needed
 478 000c 10BD     		pop	{r4, pc}
 479              		.cfi_endproc
 480              	.LFE47:
 482              		.section	.text.HAL_PCD_ConnectCallback,"ax",%progbits
 483              		.align	1
 484              		.global	HAL_PCD_ConnectCallback
 485              		.syntax unified
 486              		.code	16
 487              		.thumb_func
 489              	HAL_PCD_ConnectCallback:
 490              	.LVL35:
 491              	.LFB48:
 201:Src/usbd_conf.c **** 
 202:Src/usbd_conf.c **** /**
 203:Src/usbd_conf.c ****   * @brief  SOF callback.
 204:Src/usbd_conf.c ****   * @param  hpcd: PCD handle
 205:Src/usbd_conf.c ****   * @retval None
 206:Src/usbd_conf.c ****   */
 207:Src/usbd_conf.c **** void HAL_PCD_ConnectCallback(PCD_HandleTypeDef *hpcd)
 208:Src/usbd_conf.c **** {
 492              		.loc 1 208 1 is_stmt 1 view -0
 493              		.cfi_startproc
 494              		@ args = 0, pretend = 0, frame = 0
 495              		@ frame_needed = 0, uses_anonymous_args = 0
 496              		.loc 1 208 1 is_stmt 0 view .LVU88
 497 0000 10B5     		push	{r4, lr}
 498              	.LCFI9:
 499              		.cfi_def_cfa_offset 8
ARM GAS  C:\Users\0.0\AppData\Local\Temp\ccMtnuwO.s 			page 13


 500              		.cfi_offset 4, -8
 501              		.cfi_offset 14, -4
 209:Src/usbd_conf.c ****   USBD_LL_DevConnected((USBD_HandleTypeDef*)hpcd->pData);
 502              		.loc 1 209 3 is_stmt 1 view .LVU89
 503              		.loc 1 209 49 is_stmt 0 view .LVU90
 504 0002 8723     		movs	r3, #135
 505 0004 9B00     		lsls	r3, r3, #2
 506 0006 C058     		ldr	r0, [r0, r3]
 507              	.LVL36:
 508              		.loc 1 209 3 view .LVU91
 509 0008 FFF7FEFF 		bl	USBD_LL_DevConnected
 510              	.LVL37:
 210:Src/usbd_conf.c **** }
 511              		.loc 1 210 1 view .LVU92
 512              		@ sp needed
 513 000c 10BD     		pop	{r4, pc}
 514              		.cfi_endproc
 515              	.LFE48:
 517              		.section	.text.HAL_PCD_DisconnectCallback,"ax",%progbits
 518              		.align	1
 519              		.global	HAL_PCD_DisconnectCallback
 520              		.syntax unified
 521              		.code	16
 522              		.thumb_func
 524              	HAL_PCD_DisconnectCallback:
 525              	.LVL38:
 526              	.LFB49:
 211:Src/usbd_conf.c **** 
 212:Src/usbd_conf.c **** /**
 213:Src/usbd_conf.c ****   * @brief  SOF callback.
 214:Src/usbd_conf.c ****   * @param  hpcd: PCD handle
 215:Src/usbd_conf.c ****   * @retval None
 216:Src/usbd_conf.c ****   */
 217:Src/usbd_conf.c **** void HAL_PCD_DisconnectCallback(PCD_HandleTypeDef *hpcd)
 218:Src/usbd_conf.c **** {
 527              		.loc 1 218 1 is_stmt 1 view -0
 528              		.cfi_startproc
 529              		@ args = 0, pretend = 0, frame = 0
 530              		@ frame_needed = 0, uses_anonymous_args = 0
 531              		.loc 1 218 1 is_stmt 0 view .LVU94
 532 0000 10B5     		push	{r4, lr}
 533              	.LCFI10:
 534              		.cfi_def_cfa_offset 8
 535              		.cfi_offset 4, -8
 536              		.cfi_offset 14, -4
 219:Src/usbd_conf.c ****   USBD_LL_DevDisconnected((USBD_HandleTypeDef*)hpcd->pData);
 537              		.loc 1 219 3 is_stmt 1 view .LVU95
 538              		.loc 1 219 52 is_stmt 0 view .LVU96
 539 0002 8723     		movs	r3, #135
 540 0004 9B00     		lsls	r3, r3, #2
 541 0006 C058     		ldr	r0, [r0, r3]
 542              	.LVL39:
 543              		.loc 1 219 3 view .LVU97
 544 0008 FFF7FEFF 		bl	USBD_LL_DevDisconnected
 545              	.LVL40:
 220:Src/usbd_conf.c **** }
 546              		.loc 1 220 1 view .LVU98
ARM GAS  C:\Users\0.0\AppData\Local\Temp\ccMtnuwO.s 			page 14


 547              		@ sp needed
 548 000c 10BD     		pop	{r4, pc}
 549              		.cfi_endproc
 550              	.LFE49:
 552              		.section	.text.USBD_LL_Init,"ax",%progbits
 553              		.align	1
 554              		.global	USBD_LL_Init
 555              		.syntax unified
 556              		.code	16
 557              		.thumb_func
 559              	USBD_LL_Init:
 560              	.LVL41:
 561              	.LFB50:
 221:Src/usbd_conf.c **** 
 222:Src/usbd_conf.c **** /*******************************************************************************
 223:Src/usbd_conf.c ****                        LL Driver Interface (USB Device Library --> PCD)
 224:Src/usbd_conf.c **** *******************************************************************************/
 225:Src/usbd_conf.c **** 
 226:Src/usbd_conf.c **** /**
 227:Src/usbd_conf.c ****   * @brief  Initializes the Low Level portion of the Device driver.
 228:Src/usbd_conf.c ****   * @param  pdev: Device handle
 229:Src/usbd_conf.c ****   * @retval USBD Status
 230:Src/usbd_conf.c ****   */
 231:Src/usbd_conf.c **** USBD_StatusTypeDef USBD_LL_Init(USBD_HandleTypeDef *pdev)
 232:Src/usbd_conf.c **** {    
 562              		.loc 1 232 1 is_stmt 1 view -0
 563              		.cfi_startproc
 564              		@ args = 0, pretend = 0, frame = 0
 565              		@ frame_needed = 0, uses_anonymous_args = 0
 566              		.loc 1 232 1 is_stmt 0 view .LVU100
 567 0000 10B5     		push	{r4, lr}
 568              	.LCFI11:
 569              		.cfi_def_cfa_offset 8
 570              		.cfi_offset 4, -8
 571              		.cfi_offset 14, -4
 233:Src/usbd_conf.c ****   /* Set LL Driver parameters */
 234:Src/usbd_conf.c ****   hpcd.Instance = USB;
 572              		.loc 1 234 3 is_stmt 1 view .LVU101
 573              		.loc 1 234 17 is_stmt 0 view .LVU102
 574 0002 1A4C     		ldr	r4, .L19
 575 0004 1A4B     		ldr	r3, .L19+4
 576 0006 2360     		str	r3, [r4]
 235:Src/usbd_conf.c ****   hpcd.Init.dev_endpoints = 8;
 577              		.loc 1 235 3 is_stmt 1 view .LVU103
 578              		.loc 1 235 27 is_stmt 0 view .LVU104
 579 0008 0823     		movs	r3, #8
 580 000a 6360     		str	r3, [r4, #4]
 236:Src/usbd_conf.c ****   hpcd.Init.ep0_mps = 0x40;
 581              		.loc 1 236 3 is_stmt 1 view .LVU105
 582              		.loc 1 236 21 is_stmt 0 view .LVU106
 583 000c 3833     		adds	r3, r3, #56
 584 000e E360     		str	r3, [r4, #12]
 237:Src/usbd_conf.c ****   hpcd.Init.phy_itface = PCD_PHY_EMBEDDED;
 585              		.loc 1 237 3 is_stmt 1 view .LVU107
 586              		.loc 1 237 24 is_stmt 0 view .LVU108
 587 0010 3E3B     		subs	r3, r3, #62
 588 0012 2361     		str	r3, [r4, #16]
ARM GAS  C:\Users\0.0\AppData\Local\Temp\ccMtnuwO.s 			page 15


 238:Src/usbd_conf.c ****   hpcd.Init.speed = PCD_SPEED_FULL;
 589              		.loc 1 238 3 is_stmt 1 view .LVU109
 590              		.loc 1 238 19 is_stmt 0 view .LVU110
 591 0014 A360     		str	r3, [r4, #8]
 239:Src/usbd_conf.c ****   /* Link The driver to the stack */
 240:Src/usbd_conf.c ****   hpcd.pData = pdev;
 592              		.loc 1 240 3 is_stmt 1 view .LVU111
 593              		.loc 1 240 14 is_stmt 0 view .LVU112
 594 0016 8723     		movs	r3, #135
 595 0018 9B00     		lsls	r3, r3, #2
 596 001a E050     		str	r0, [r4, r3]
 241:Src/usbd_conf.c ****   pdev->pData = &hpcd;
 597              		.loc 1 241 3 is_stmt 1 view .LVU113
 598              		.loc 1 241 15 is_stmt 0 view .LVU114
 599 001c 0433     		adds	r3, r3, #4
 600 001e C450     		str	r4, [r0, r3]
 242:Src/usbd_conf.c ****   /* Initialize LL Driver */
 243:Src/usbd_conf.c ****   HAL_PCD_Init(&hpcd);
 601              		.loc 1 243 3 is_stmt 1 view .LVU115
 602 0020 2000     		movs	r0, r4
 603              	.LVL42:
 604              		.loc 1 243 3 is_stmt 0 view .LVU116
 605 0022 FFF7FEFF 		bl	HAL_PCD_Init
 606              	.LVL43:
 244:Src/usbd_conf.c ****   
 245:Src/usbd_conf.c ****   HAL_PCDEx_PMAConfig(&hpcd , 0x00 , PCD_SNG_BUF, 0x40);
 607              		.loc 1 245 3 is_stmt 1 view .LVU117
 608 0026 4023     		movs	r3, #64
 609 0028 0022     		movs	r2, #0
 610 002a 0021     		movs	r1, #0
 611 002c 2000     		movs	r0, r4
 612 002e FFF7FEFF 		bl	HAL_PCDEx_PMAConfig
 613              	.LVL44:
 246:Src/usbd_conf.c ****   HAL_PCDEx_PMAConfig(&hpcd , 0x80 , PCD_SNG_BUF, 0x80);
 614              		.loc 1 246 3 view .LVU118
 615 0032 8023     		movs	r3, #128
 616 0034 0022     		movs	r2, #0
 617 0036 8021     		movs	r1, #128
 618 0038 2000     		movs	r0, r4
 619 003a FFF7FEFF 		bl	HAL_PCDEx_PMAConfig
 620              	.LVL45:
 247:Src/usbd_conf.c ****   HAL_PCDEx_PMAConfig(&hpcd , CDC_IN_EP , PCD_SNG_BUF, 0xC0);  
 621              		.loc 1 247 3 view .LVU119
 622 003e C023     		movs	r3, #192
 623 0040 0022     		movs	r2, #0
 624 0042 8121     		movs	r1, #129
 625 0044 2000     		movs	r0, r4
 626 0046 FFF7FEFF 		bl	HAL_PCDEx_PMAConfig
 627              	.LVL46:
 248:Src/usbd_conf.c ****   HAL_PCDEx_PMAConfig(&hpcd , CDC_OUT_EP , PCD_SNG_BUF, 0x110);
 628              		.loc 1 248 3 view .LVU120
 629 004a 8823     		movs	r3, #136
 630 004c 5B00     		lsls	r3, r3, #1
 631 004e 0022     		movs	r2, #0
 632 0050 0121     		movs	r1, #1
 633 0052 2000     		movs	r0, r4
 634 0054 FFF7FEFF 		bl	HAL_PCDEx_PMAConfig
ARM GAS  C:\Users\0.0\AppData\Local\Temp\ccMtnuwO.s 			page 16


 635              	.LVL47:
 249:Src/usbd_conf.c ****   HAL_PCDEx_PMAConfig(&hpcd , CDC_CMD_EP , PCD_SNG_BUF, 0x100);   
 636              		.loc 1 249 3 view .LVU121
 637 0058 8023     		movs	r3, #128
 638 005a 5B00     		lsls	r3, r3, #1
 639 005c 0022     		movs	r2, #0
 640 005e 8221     		movs	r1, #130
 641 0060 2000     		movs	r0, r4
 642 0062 FFF7FEFF 		bl	HAL_PCDEx_PMAConfig
 643              	.LVL48:
 250:Src/usbd_conf.c **** 
 251:Src/usbd_conf.c ****   return USBD_OK;
 644              		.loc 1 251 3 view .LVU122
 252:Src/usbd_conf.c **** }
 645              		.loc 1 252 1 is_stmt 0 view .LVU123
 646 0066 0020     		movs	r0, #0
 647              		@ sp needed
 648 0068 10BD     		pop	{r4, pc}
 649              	.L20:
 650 006a C046     		.align	2
 651              	.L19:
 652 006c 00000000 		.word	hpcd
 653 0070 005C0040 		.word	1073765376
 654              		.cfi_endproc
 655              	.LFE50:
 657              		.section	.text.USBD_LL_DeInit,"ax",%progbits
 658              		.align	1
 659              		.global	USBD_LL_DeInit
 660              		.syntax unified
 661              		.code	16
 662              		.thumb_func
 664              	USBD_LL_DeInit:
 665              	.LVL49:
 666              	.LFB51:
 253:Src/usbd_conf.c **** 
 254:Src/usbd_conf.c **** /**
 255:Src/usbd_conf.c ****   * @brief  De-Initializes the Low Level portion of the Device driver.
 256:Src/usbd_conf.c ****   * @param  pdev: Device handle
 257:Src/usbd_conf.c ****   * @retval USBD Status
 258:Src/usbd_conf.c ****   */
 259:Src/usbd_conf.c **** USBD_StatusTypeDef USBD_LL_DeInit(USBD_HandleTypeDef *pdev)
 260:Src/usbd_conf.c **** {
 667              		.loc 1 260 1 is_stmt 1 view -0
 668              		.cfi_startproc
 669              		@ args = 0, pretend = 0, frame = 0
 670              		@ frame_needed = 0, uses_anonymous_args = 0
 671              		.loc 1 260 1 is_stmt 0 view .LVU125
 672 0000 10B5     		push	{r4, lr}
 673              	.LCFI12:
 674              		.cfi_def_cfa_offset 8
 675              		.cfi_offset 4, -8
 676              		.cfi_offset 14, -4
 261:Src/usbd_conf.c ****   HAL_PCD_DeInit((PCD_HandleTypeDef*)pdev->pData);
 677              		.loc 1 261 3 is_stmt 1 view .LVU126
 678              		.loc 1 261 42 is_stmt 0 view .LVU127
 679 0002 8823     		movs	r3, #136
 680 0004 9B00     		lsls	r3, r3, #2
ARM GAS  C:\Users\0.0\AppData\Local\Temp\ccMtnuwO.s 			page 17


 681 0006 C058     		ldr	r0, [r0, r3]
 682              	.LVL50:
 683              		.loc 1 261 3 view .LVU128
 684 0008 FFF7FEFF 		bl	HAL_PCD_DeInit
 685              	.LVL51:
 262:Src/usbd_conf.c ****   return USBD_OK;
 686              		.loc 1 262 3 is_stmt 1 view .LVU129
 263:Src/usbd_conf.c **** }
 687              		.loc 1 263 1 is_stmt 0 view .LVU130
 688 000c 0020     		movs	r0, #0
 689              		@ sp needed
 690 000e 10BD     		pop	{r4, pc}
 691              		.cfi_endproc
 692              	.LFE51:
 694              		.section	.text.USBD_LL_Start,"ax",%progbits
 695              		.align	1
 696              		.global	USBD_LL_Start
 697              		.syntax unified
 698              		.code	16
 699              		.thumb_func
 701              	USBD_LL_Start:
 702              	.LVL52:
 703              	.LFB52:
 264:Src/usbd_conf.c **** 
 265:Src/usbd_conf.c **** /**
 266:Src/usbd_conf.c ****   * @brief  Starts the Low Level portion of the Device driver. 
 267:Src/usbd_conf.c ****   * @param  pdev: Device handle
 268:Src/usbd_conf.c ****   * @retval USBD Status
 269:Src/usbd_conf.c ****   */
 270:Src/usbd_conf.c **** USBD_StatusTypeDef USBD_LL_Start(USBD_HandleTypeDef *pdev)
 271:Src/usbd_conf.c **** {
 704              		.loc 1 271 1 is_stmt 1 view -0
 705              		.cfi_startproc
 706              		@ args = 0, pretend = 0, frame = 0
 707              		@ frame_needed = 0, uses_anonymous_args = 0
 708              		.loc 1 271 1 is_stmt 0 view .LVU132
 709 0000 10B5     		push	{r4, lr}
 710              	.LCFI13:
 711              		.cfi_def_cfa_offset 8
 712              		.cfi_offset 4, -8
 713              		.cfi_offset 14, -4
 272:Src/usbd_conf.c ****   HAL_PCD_Start((PCD_HandleTypeDef*)pdev->pData);
 714              		.loc 1 272 3 is_stmt 1 view .LVU133
 715              		.loc 1 272 41 is_stmt 0 view .LVU134
 716 0002 8823     		movs	r3, #136
 717 0004 9B00     		lsls	r3, r3, #2
 718 0006 C058     		ldr	r0, [r0, r3]
 719              	.LVL53:
 720              		.loc 1 272 3 view .LVU135
 721 0008 FFF7FEFF 		bl	HAL_PCD_Start
 722              	.LVL54:
 273:Src/usbd_conf.c ****   return USBD_OK;
 723              		.loc 1 273 3 is_stmt 1 view .LVU136
 274:Src/usbd_conf.c **** }
 724              		.loc 1 274 1 is_stmt 0 view .LVU137
 725 000c 0020     		movs	r0, #0
 726              		@ sp needed
ARM GAS  C:\Users\0.0\AppData\Local\Temp\ccMtnuwO.s 			page 18


 727 000e 10BD     		pop	{r4, pc}
 728              		.cfi_endproc
 729              	.LFE52:
 731              		.section	.text.USBD_LL_Stop,"ax",%progbits
 732              		.align	1
 733              		.global	USBD_LL_Stop
 734              		.syntax unified
 735              		.code	16
 736              		.thumb_func
 738              	USBD_LL_Stop:
 739              	.LVL55:
 740              	.LFB53:
 275:Src/usbd_conf.c **** 
 276:Src/usbd_conf.c **** /**
 277:Src/usbd_conf.c ****   * @brief  Stops the Low Level portion of the Device driver.
 278:Src/usbd_conf.c ****   * @param  pdev: Device handle
 279:Src/usbd_conf.c ****   * @retval USBD Status
 280:Src/usbd_conf.c ****   */
 281:Src/usbd_conf.c **** USBD_StatusTypeDef USBD_LL_Stop(USBD_HandleTypeDef *pdev)
 282:Src/usbd_conf.c **** {
 741              		.loc 1 282 1 is_stmt 1 view -0
 742              		.cfi_startproc
 743              		@ args = 0, pretend = 0, frame = 0
 744              		@ frame_needed = 0, uses_anonymous_args = 0
 745              		.loc 1 282 1 is_stmt 0 view .LVU139
 746 0000 10B5     		push	{r4, lr}
 747              	.LCFI14:
 748              		.cfi_def_cfa_offset 8
 749              		.cfi_offset 4, -8
 750              		.cfi_offset 14, -4
 283:Src/usbd_conf.c ****   HAL_PCD_Stop((PCD_HandleTypeDef*)pdev->pData);
 751              		.loc 1 283 3 is_stmt 1 view .LVU140
 752              		.loc 1 283 40 is_stmt 0 view .LVU141
 753 0002 8823     		movs	r3, #136
 754 0004 9B00     		lsls	r3, r3, #2
 755 0006 C058     		ldr	r0, [r0, r3]
 756              	.LVL56:
 757              		.loc 1 283 3 view .LVU142
 758 0008 FFF7FEFF 		bl	HAL_PCD_Stop
 759              	.LVL57:
 284:Src/usbd_conf.c ****   return USBD_OK;
 760              		.loc 1 284 3 is_stmt 1 view .LVU143
 285:Src/usbd_conf.c **** }
 761              		.loc 1 285 1 is_stmt 0 view .LVU144
 762 000c 0020     		movs	r0, #0
 763              		@ sp needed
 764 000e 10BD     		pop	{r4, pc}
 765              		.cfi_endproc
 766              	.LFE53:
 768              		.section	.text.USBD_LL_OpenEP,"ax",%progbits
 769              		.align	1
 770              		.global	USBD_LL_OpenEP
 771              		.syntax unified
 772              		.code	16
 773              		.thumb_func
 775              	USBD_LL_OpenEP:
 776              	.LVL58:
ARM GAS  C:\Users\0.0\AppData\Local\Temp\ccMtnuwO.s 			page 19


 777              	.LFB54:
 286:Src/usbd_conf.c **** 
 287:Src/usbd_conf.c **** /**
 288:Src/usbd_conf.c ****   * @brief  Opens an endpoint of the Low Level Driver.
 289:Src/usbd_conf.c ****   * @param  pdev: Device handle
 290:Src/usbd_conf.c ****   * @param  ep_addr: Endpoint Number
 291:Src/usbd_conf.c ****   * @param  ep_type: Endpoint Type
 292:Src/usbd_conf.c ****   * @param  ep_mps: Endpoint Max Packet Size
 293:Src/usbd_conf.c ****   * @retval USBD Status
 294:Src/usbd_conf.c ****   */
 295:Src/usbd_conf.c **** USBD_StatusTypeDef USBD_LL_OpenEP(USBD_HandleTypeDef *pdev,
 296:Src/usbd_conf.c ****                                   uint8_t ep_addr,
 297:Src/usbd_conf.c ****                                   uint8_t ep_type,
 298:Src/usbd_conf.c ****                                   uint16_t ep_mps)
 299:Src/usbd_conf.c **** {
 778              		.loc 1 299 1 is_stmt 1 view -0
 779              		.cfi_startproc
 780              		@ args = 0, pretend = 0, frame = 0
 781              		@ frame_needed = 0, uses_anonymous_args = 0
 782              		.loc 1 299 1 is_stmt 0 view .LVU146
 783 0000 10B5     		push	{r4, lr}
 784              	.LCFI15:
 785              		.cfi_def_cfa_offset 8
 786              		.cfi_offset 4, -8
 787              		.cfi_offset 14, -4
 788 0002 1400     		movs	r4, r2
 789 0004 1A00     		movs	r2, r3
 790              	.LVL59:
 300:Src/usbd_conf.c ****   HAL_PCD_EP_Open((PCD_HandleTypeDef*)pdev->pData,
 791              		.loc 1 300 3 is_stmt 1 view .LVU147
 792              		.loc 1 300 43 is_stmt 0 view .LVU148
 793 0006 8823     		movs	r3, #136
 794              	.LVL60:
 795              		.loc 1 300 43 view .LVU149
 796 0008 9B00     		lsls	r3, r3, #2
 797 000a C058     		ldr	r0, [r0, r3]
 798              	.LVL61:
 799              		.loc 1 300 3 view .LVU150
 800 000c 2300     		movs	r3, r4
 801 000e FFF7FEFF 		bl	HAL_PCD_EP_Open
 802              	.LVL62:
 301:Src/usbd_conf.c ****                   ep_addr,
 302:Src/usbd_conf.c ****                   ep_mps,
 303:Src/usbd_conf.c ****                   ep_type);
 304:Src/usbd_conf.c ****   
 305:Src/usbd_conf.c ****   return USBD_OK;
 803              		.loc 1 305 3 is_stmt 1 view .LVU151
 306:Src/usbd_conf.c **** }
 804              		.loc 1 306 1 is_stmt 0 view .LVU152
 805 0012 0020     		movs	r0, #0
 806              		@ sp needed
 807              	.LVL63:
 808              		.loc 1 306 1 view .LVU153
 809 0014 10BD     		pop	{r4, pc}
 810              		.cfi_endproc
 811              	.LFE54:
 813              		.section	.text.USBD_LL_CloseEP,"ax",%progbits
ARM GAS  C:\Users\0.0\AppData\Local\Temp\ccMtnuwO.s 			page 20


 814              		.align	1
 815              		.global	USBD_LL_CloseEP
 816              		.syntax unified
 817              		.code	16
 818              		.thumb_func
 820              	USBD_LL_CloseEP:
 821              	.LVL64:
 822              	.LFB55:
 307:Src/usbd_conf.c **** 
 308:Src/usbd_conf.c **** /**
 309:Src/usbd_conf.c ****   * @brief  Closes an endpoint of the Low Level Driver.
 310:Src/usbd_conf.c ****   * @param  pdev: Device handle
 311:Src/usbd_conf.c ****   * @param  ep_addr: Endpoint Number
 312:Src/usbd_conf.c ****   * @retval USBD Status
 313:Src/usbd_conf.c ****   */
 314:Src/usbd_conf.c **** USBD_StatusTypeDef USBD_LL_CloseEP(USBD_HandleTypeDef *pdev, uint8_t ep_addr)
 315:Src/usbd_conf.c **** {
 823              		.loc 1 315 1 is_stmt 1 view -0
 824              		.cfi_startproc
 825              		@ args = 0, pretend = 0, frame = 0
 826              		@ frame_needed = 0, uses_anonymous_args = 0
 827              		.loc 1 315 1 is_stmt 0 view .LVU155
 828 0000 10B5     		push	{r4, lr}
 829              	.LCFI16:
 830              		.cfi_def_cfa_offset 8
 831              		.cfi_offset 4, -8
 832              		.cfi_offset 14, -4
 316:Src/usbd_conf.c ****   HAL_PCD_EP_Close((PCD_HandleTypeDef*)pdev->pData, ep_addr);
 833              		.loc 1 316 3 is_stmt 1 view .LVU156
 834              		.loc 1 316 44 is_stmt 0 view .LVU157
 835 0002 8823     		movs	r3, #136
 836 0004 9B00     		lsls	r3, r3, #2
 837 0006 C058     		ldr	r0, [r0, r3]
 838              	.LVL65:
 839              		.loc 1 316 3 view .LVU158
 840 0008 FFF7FEFF 		bl	HAL_PCD_EP_Close
 841              	.LVL66:
 317:Src/usbd_conf.c ****   return USBD_OK;
 842              		.loc 1 317 3 is_stmt 1 view .LVU159
 318:Src/usbd_conf.c **** }
 843              		.loc 1 318 1 is_stmt 0 view .LVU160
 844 000c 0020     		movs	r0, #0
 845              		@ sp needed
 846 000e 10BD     		pop	{r4, pc}
 847              		.cfi_endproc
 848              	.LFE55:
 850              		.section	.text.USBD_LL_FlushEP,"ax",%progbits
 851              		.align	1
 852              		.global	USBD_LL_FlushEP
 853              		.syntax unified
 854              		.code	16
 855              		.thumb_func
 857              	USBD_LL_FlushEP:
 858              	.LVL67:
 859              	.LFB56:
 319:Src/usbd_conf.c **** 
 320:Src/usbd_conf.c **** /**
ARM GAS  C:\Users\0.0\AppData\Local\Temp\ccMtnuwO.s 			page 21


 321:Src/usbd_conf.c ****   * @brief  Flushes an endpoint of the Low Level Driver.
 322:Src/usbd_conf.c ****   * @param  pdev: Device handle
 323:Src/usbd_conf.c ****   * @param  ep_addr: Endpoint Number
 324:Src/usbd_conf.c ****   * @retval USBD Status
 325:Src/usbd_conf.c ****   */
 326:Src/usbd_conf.c **** USBD_StatusTypeDef USBD_LL_FlushEP(USBD_HandleTypeDef *pdev, uint8_t ep_addr)
 327:Src/usbd_conf.c **** {
 860              		.loc 1 327 1 is_stmt 1 view -0
 861              		.cfi_startproc
 862              		@ args = 0, pretend = 0, frame = 0
 863              		@ frame_needed = 0, uses_anonymous_args = 0
 864              		.loc 1 327 1 is_stmt 0 view .LVU162
 865 0000 10B5     		push	{r4, lr}
 866              	.LCFI17:
 867              		.cfi_def_cfa_offset 8
 868              		.cfi_offset 4, -8
 869              		.cfi_offset 14, -4
 328:Src/usbd_conf.c ****   HAL_PCD_EP_Flush((PCD_HandleTypeDef*)pdev->pData, ep_addr);
 870              		.loc 1 328 3 is_stmt 1 view .LVU163
 871              		.loc 1 328 44 is_stmt 0 view .LVU164
 872 0002 8823     		movs	r3, #136
 873 0004 9B00     		lsls	r3, r3, #2
 874 0006 C058     		ldr	r0, [r0, r3]
 875              	.LVL68:
 876              		.loc 1 328 3 view .LVU165
 877 0008 FFF7FEFF 		bl	HAL_PCD_EP_Flush
 878              	.LVL69:
 329:Src/usbd_conf.c ****   return USBD_OK;
 879              		.loc 1 329 3 is_stmt 1 view .LVU166
 330:Src/usbd_conf.c **** }
 880              		.loc 1 330 1 is_stmt 0 view .LVU167
 881 000c 0020     		movs	r0, #0
 882              		@ sp needed
 883 000e 10BD     		pop	{r4, pc}
 884              		.cfi_endproc
 885              	.LFE56:
 887              		.section	.text.USBD_LL_StallEP,"ax",%progbits
 888              		.align	1
 889              		.global	USBD_LL_StallEP
 890              		.syntax unified
 891              		.code	16
 892              		.thumb_func
 894              	USBD_LL_StallEP:
 895              	.LVL70:
 896              	.LFB57:
 331:Src/usbd_conf.c **** 
 332:Src/usbd_conf.c **** /**
 333:Src/usbd_conf.c ****   * @brief  Sets a Stall condition on an endpoint of the Low Level Driver.
 334:Src/usbd_conf.c ****   * @param  pdev: Device handle
 335:Src/usbd_conf.c ****   * @param  ep_addr: Endpoint Number
 336:Src/usbd_conf.c ****   * @retval USBD Status
 337:Src/usbd_conf.c ****   */
 338:Src/usbd_conf.c **** USBD_StatusTypeDef USBD_LL_StallEP(USBD_HandleTypeDef *pdev, uint8_t ep_addr)
 339:Src/usbd_conf.c **** {
 897              		.loc 1 339 1 is_stmt 1 view -0
 898              		.cfi_startproc
 899              		@ args = 0, pretend = 0, frame = 0
ARM GAS  C:\Users\0.0\AppData\Local\Temp\ccMtnuwO.s 			page 22


 900              		@ frame_needed = 0, uses_anonymous_args = 0
 901              		.loc 1 339 1 is_stmt 0 view .LVU169
 902 0000 10B5     		push	{r4, lr}
 903              	.LCFI18:
 904              		.cfi_def_cfa_offset 8
 905              		.cfi_offset 4, -8
 906              		.cfi_offset 14, -4
 340:Src/usbd_conf.c ****   HAL_PCD_EP_SetStall((PCD_HandleTypeDef*)pdev->pData, ep_addr);
 907              		.loc 1 340 3 is_stmt 1 view .LVU170
 908              		.loc 1 340 47 is_stmt 0 view .LVU171
 909 0002 8823     		movs	r3, #136
 910 0004 9B00     		lsls	r3, r3, #2
 911 0006 C058     		ldr	r0, [r0, r3]
 912              	.LVL71:
 913              		.loc 1 340 3 view .LVU172
 914 0008 FFF7FEFF 		bl	HAL_PCD_EP_SetStall
 915              	.LVL72:
 341:Src/usbd_conf.c ****   return USBD_OK;
 916              		.loc 1 341 3 is_stmt 1 view .LVU173
 342:Src/usbd_conf.c **** }
 917              		.loc 1 342 1 is_stmt 0 view .LVU174
 918 000c 0020     		movs	r0, #0
 919              		@ sp needed
 920 000e 10BD     		pop	{r4, pc}
 921              		.cfi_endproc
 922              	.LFE57:
 924              		.section	.text.USBD_LL_ClearStallEP,"ax",%progbits
 925              		.align	1
 926              		.global	USBD_LL_ClearStallEP
 927              		.syntax unified
 928              		.code	16
 929              		.thumb_func
 931              	USBD_LL_ClearStallEP:
 932              	.LVL73:
 933              	.LFB58:
 343:Src/usbd_conf.c **** 
 344:Src/usbd_conf.c **** /**
 345:Src/usbd_conf.c ****   * @brief  Clears a Stall condition on an endpoint of the Low Level Driver.
 346:Src/usbd_conf.c ****   * @param  pdev: Device handle
 347:Src/usbd_conf.c ****   * @param  ep_addr: Endpoint Number
 348:Src/usbd_conf.c ****   * @retval USBD Status
 349:Src/usbd_conf.c ****   */
 350:Src/usbd_conf.c **** USBD_StatusTypeDef USBD_LL_ClearStallEP(USBD_HandleTypeDef *pdev, uint8_t ep_addr)
 351:Src/usbd_conf.c **** {
 934              		.loc 1 351 1 is_stmt 1 view -0
 935              		.cfi_startproc
 936              		@ args = 0, pretend = 0, frame = 0
 937              		@ frame_needed = 0, uses_anonymous_args = 0
 938              		.loc 1 351 1 is_stmt 0 view .LVU176
 939 0000 10B5     		push	{r4, lr}
 940              	.LCFI19:
 941              		.cfi_def_cfa_offset 8
 942              		.cfi_offset 4, -8
 943              		.cfi_offset 14, -4
 352:Src/usbd_conf.c ****   HAL_PCD_EP_ClrStall((PCD_HandleTypeDef*)pdev->pData, ep_addr);
 944              		.loc 1 352 3 is_stmt 1 view .LVU177
 945              		.loc 1 352 47 is_stmt 0 view .LVU178
ARM GAS  C:\Users\0.0\AppData\Local\Temp\ccMtnuwO.s 			page 23


 946 0002 8823     		movs	r3, #136
 947 0004 9B00     		lsls	r3, r3, #2
 948 0006 C058     		ldr	r0, [r0, r3]
 949              	.LVL74:
 950              		.loc 1 352 3 view .LVU179
 951 0008 FFF7FEFF 		bl	HAL_PCD_EP_ClrStall
 952              	.LVL75:
 353:Src/usbd_conf.c ****   return USBD_OK; 
 953              		.loc 1 353 3 is_stmt 1 view .LVU180
 354:Src/usbd_conf.c **** }
 954              		.loc 1 354 1 is_stmt 0 view .LVU181
 955 000c 0020     		movs	r0, #0
 956              		@ sp needed
 957 000e 10BD     		pop	{r4, pc}
 958              		.cfi_endproc
 959              	.LFE58:
 961              		.section	.text.USBD_LL_IsStallEP,"ax",%progbits
 962              		.align	1
 963              		.global	USBD_LL_IsStallEP
 964              		.syntax unified
 965              		.code	16
 966              		.thumb_func
 968              	USBD_LL_IsStallEP:
 969              	.LVL76:
 970              	.LFB59:
 355:Src/usbd_conf.c **** 
 356:Src/usbd_conf.c **** /**
 357:Src/usbd_conf.c ****   * @brief  Returns Stall condition.
 358:Src/usbd_conf.c ****   * @param  pdev: Device handle
 359:Src/usbd_conf.c ****   * @param  ep_addr: Endpoint Number
 360:Src/usbd_conf.c ****   * @retval Stall (1: Yes, 0: No)
 361:Src/usbd_conf.c ****   */
 362:Src/usbd_conf.c **** uint8_t USBD_LL_IsStallEP(USBD_HandleTypeDef *pdev, uint8_t ep_addr)
 363:Src/usbd_conf.c **** {
 971              		.loc 1 363 1 is_stmt 1 view -0
 972              		.cfi_startproc
 973              		@ args = 0, pretend = 0, frame = 0
 974              		@ frame_needed = 0, uses_anonymous_args = 0
 975              		@ link register save eliminated.
 364:Src/usbd_conf.c ****   PCD_HandleTypeDef *hpcd = (PCD_HandleTypeDef*)pdev->pData;
 976              		.loc 1 364 3 view .LVU183
 977              		.loc 1 364 22 is_stmt 0 view .LVU184
 978 0000 8823     		movs	r3, #136
 979 0002 9B00     		lsls	r3, r3, #2
 980 0004 C358     		ldr	r3, [r0, r3]
 981              	.LVL77:
 365:Src/usbd_conf.c ****   
 366:Src/usbd_conf.c ****   if((ep_addr & 0x80) == 0x80)
 982              		.loc 1 366 3 is_stmt 1 view .LVU185
 983              		.loc 1 366 23 is_stmt 0 view .LVU186
 984 0006 4AB2     		sxtb	r2, r1
 985              		.loc 1 366 5 view .LVU187
 986 0008 002A     		cmp	r2, #0
 987 000a 09DB     		blt	.L32
 367:Src/usbd_conf.c ****   {
 368:Src/usbd_conf.c ****     return hpcd->IN_ep[ep_addr & 0x7F].is_stall;
 369:Src/usbd_conf.c ****   }
ARM GAS  C:\Users\0.0\AppData\Local\Temp\ccMtnuwO.s 			page 24


 370:Src/usbd_conf.c ****   else
 371:Src/usbd_conf.c ****   {
 372:Src/usbd_conf.c ****     return hpcd->OUT_ep[ep_addr & 0x7F].is_stall;
 988              		.loc 1 372 5 is_stmt 1 view .LVU188
 989              		.loc 1 372 33 is_stmt 0 view .LVU189
 990 000c 7F22     		movs	r2, #127
 991 000e 1140     		ands	r1, r2
 992              	.LVL78:
 993              		.loc 1 372 40 view .LVU190
 994 0010 CA00     		lsls	r2, r1, #3
 995 0012 521A     		subs	r2, r2, r1
 996 0014 9200     		lsls	r2, r2, #2
 997 0016 9B18     		adds	r3, r3, r2
 998              	.LVL79:
 999              		.loc 1 372 40 view .LVU191
 1000 0018 0B33     		adds	r3, r3, #11
 1001 001a FF33     		adds	r3, r3, #255
 1002 001c 1878     		ldrb	r0, [r3]
 1003              	.LVL80:
 1004              	.L31:
 373:Src/usbd_conf.c ****   }
 374:Src/usbd_conf.c **** }
 1005              		.loc 1 374 1 view .LVU192
 1006              		@ sp needed
 1007 001e 7047     		bx	lr
 1008              	.LVL81:
 1009              	.L32:
 368:Src/usbd_conf.c ****   }
 1010              		.loc 1 368 5 is_stmt 1 view .LVU193
 368:Src/usbd_conf.c ****   }
 1011              		.loc 1 368 32 is_stmt 0 view .LVU194
 1012 0020 7F22     		movs	r2, #127
 1013 0022 1140     		ands	r1, r2
 1014              	.LVL82:
 368:Src/usbd_conf.c ****   }
 1015              		.loc 1 368 39 view .LVU195
 1016 0024 CA00     		lsls	r2, r1, #3
 1017 0026 521A     		subs	r2, r2, r1
 1018 0028 9200     		lsls	r2, r2, #2
 1019 002a 9B18     		adds	r3, r3, r2
 1020              	.LVL83:
 368:Src/usbd_conf.c ****   }
 1021              		.loc 1 368 39 view .LVU196
 1022 002c 2A33     		adds	r3, r3, #42
 1023 002e 1878     		ldrb	r0, [r3]
 1024              	.LVL84:
 368:Src/usbd_conf.c ****   }
 1025              		.loc 1 368 39 view .LVU197
 1026 0030 F5E7     		b	.L31
 1027              		.cfi_endproc
 1028              	.LFE59:
 1030              		.section	.text.USBD_LL_SetUSBAddress,"ax",%progbits
 1031              		.align	1
 1032              		.global	USBD_LL_SetUSBAddress
 1033              		.syntax unified
 1034              		.code	16
 1035              		.thumb_func
ARM GAS  C:\Users\0.0\AppData\Local\Temp\ccMtnuwO.s 			page 25


 1037              	USBD_LL_SetUSBAddress:
 1038              	.LVL85:
 1039              	.LFB60:
 375:Src/usbd_conf.c **** 
 376:Src/usbd_conf.c **** /**
 377:Src/usbd_conf.c ****   * @brief  Assigns a USB address to the device.
 378:Src/usbd_conf.c ****   * @param  pdev: Device handle
 379:Src/usbd_conf.c ****   * @param  ep_addr: Endpoint Number
 380:Src/usbd_conf.c ****   * @retval USBD Status
 381:Src/usbd_conf.c ****   */
 382:Src/usbd_conf.c **** USBD_StatusTypeDef USBD_LL_SetUSBAddress(USBD_HandleTypeDef *pdev, uint8_t dev_addr)
 383:Src/usbd_conf.c **** {
 1040              		.loc 1 383 1 is_stmt 1 view -0
 1041              		.cfi_startproc
 1042              		@ args = 0, pretend = 0, frame = 0
 1043              		@ frame_needed = 0, uses_anonymous_args = 0
 1044              		.loc 1 383 1 is_stmt 0 view .LVU199
 1045 0000 10B5     		push	{r4, lr}
 1046              	.LCFI20:
 1047              		.cfi_def_cfa_offset 8
 1048              		.cfi_offset 4, -8
 1049              		.cfi_offset 14, -4
 384:Src/usbd_conf.c ****   HAL_PCD_SetAddress((PCD_HandleTypeDef*)pdev->pData, dev_addr);
 1050              		.loc 1 384 3 is_stmt 1 view .LVU200
 1051              		.loc 1 384 46 is_stmt 0 view .LVU201
 1052 0002 8823     		movs	r3, #136
 1053 0004 9B00     		lsls	r3, r3, #2
 1054 0006 C058     		ldr	r0, [r0, r3]
 1055              	.LVL86:
 1056              		.loc 1 384 3 view .LVU202
 1057 0008 FFF7FEFF 		bl	HAL_PCD_SetAddress
 1058              	.LVL87:
 385:Src/usbd_conf.c ****   return USBD_OK; 
 1059              		.loc 1 385 3 is_stmt 1 view .LVU203
 386:Src/usbd_conf.c **** }
 1060              		.loc 1 386 1 is_stmt 0 view .LVU204
 1061 000c 0020     		movs	r0, #0
 1062              		@ sp needed
 1063 000e 10BD     		pop	{r4, pc}
 1064              		.cfi_endproc
 1065              	.LFE60:
 1067              		.section	.text.USBD_LL_Transmit,"ax",%progbits
 1068              		.align	1
 1069              		.global	USBD_LL_Transmit
 1070              		.syntax unified
 1071              		.code	16
 1072              		.thumb_func
 1074              	USBD_LL_Transmit:
 1075              	.LVL88:
 1076              	.LFB61:
 387:Src/usbd_conf.c **** 
 388:Src/usbd_conf.c **** /**
 389:Src/usbd_conf.c ****   * @brief  Transmits data over an endpoint.
 390:Src/usbd_conf.c ****   * @param  pdev: Device handle
 391:Src/usbd_conf.c ****   * @param  ep_addr: Endpoint Number
 392:Src/usbd_conf.c ****   * @param  pbuf: Pointer to data to be sent
 393:Src/usbd_conf.c ****   * @param  size: Data size    
ARM GAS  C:\Users\0.0\AppData\Local\Temp\ccMtnuwO.s 			page 26


 394:Src/usbd_conf.c ****   * @retval USBD Status
 395:Src/usbd_conf.c ****   */
 396:Src/usbd_conf.c **** USBD_StatusTypeDef USBD_LL_Transmit(USBD_HandleTypeDef *pdev, 
 397:Src/usbd_conf.c ****                                     uint8_t ep_addr,
 398:Src/usbd_conf.c ****                                     uint8_t *pbuf,
 399:Src/usbd_conf.c ****                                     uint16_t size)
 400:Src/usbd_conf.c **** {
 1077              		.loc 1 400 1 is_stmt 1 view -0
 1078              		.cfi_startproc
 1079              		@ args = 0, pretend = 0, frame = 0
 1080              		@ frame_needed = 0, uses_anonymous_args = 0
 1081              		.loc 1 400 1 is_stmt 0 view .LVU206
 1082 0000 10B5     		push	{r4, lr}
 1083              	.LCFI21:
 1084              		.cfi_def_cfa_offset 8
 1085              		.cfi_offset 4, -8
 1086              		.cfi_offset 14, -4
 401:Src/usbd_conf.c ****   HAL_PCD_EP_Transmit((PCD_HandleTypeDef*)pdev->pData, ep_addr, pbuf, size);
 1087              		.loc 1 401 3 is_stmt 1 view .LVU207
 1088              		.loc 1 401 47 is_stmt 0 view .LVU208
 1089 0002 8824     		movs	r4, #136
 1090 0004 A400     		lsls	r4, r4, #2
 1091 0006 0059     		ldr	r0, [r0, r4]
 1092              	.LVL89:
 1093              		.loc 1 401 3 view .LVU209
 1094 0008 FFF7FEFF 		bl	HAL_PCD_EP_Transmit
 1095              	.LVL90:
 402:Src/usbd_conf.c ****   return USBD_OK;
 1096              		.loc 1 402 3 is_stmt 1 view .LVU210
 403:Src/usbd_conf.c **** }
 1097              		.loc 1 403 1 is_stmt 0 view .LVU211
 1098 000c 0020     		movs	r0, #0
 1099              		@ sp needed
 1100 000e 10BD     		pop	{r4, pc}
 1101              		.cfi_endproc
 1102              	.LFE61:
 1104              		.section	.text.USBD_LL_PrepareReceive,"ax",%progbits
 1105              		.align	1
 1106              		.global	USBD_LL_PrepareReceive
 1107              		.syntax unified
 1108              		.code	16
 1109              		.thumb_func
 1111              	USBD_LL_PrepareReceive:
 1112              	.LVL91:
 1113              	.LFB62:
 404:Src/usbd_conf.c **** 
 405:Src/usbd_conf.c **** /**
 406:Src/usbd_conf.c ****   * @brief  Prepares an endpoint for reception.
 407:Src/usbd_conf.c ****   * @param  pdev: Device handle
 408:Src/usbd_conf.c ****   * @param  ep_addr: Endpoint Number
 409:Src/usbd_conf.c ****   * @param  pbuf: Pointer to data to be received
 410:Src/usbd_conf.c ****   * @param  size: Data size
 411:Src/usbd_conf.c ****   * @retval USBD Status
 412:Src/usbd_conf.c ****   */
 413:Src/usbd_conf.c **** USBD_StatusTypeDef USBD_LL_PrepareReceive(USBD_HandleTypeDef *pdev, 
 414:Src/usbd_conf.c ****                                           uint8_t ep_addr,
 415:Src/usbd_conf.c ****                                           uint8_t *pbuf,
ARM GAS  C:\Users\0.0\AppData\Local\Temp\ccMtnuwO.s 			page 27


 416:Src/usbd_conf.c ****                                           uint16_t size)
 417:Src/usbd_conf.c **** {
 1114              		.loc 1 417 1 is_stmt 1 view -0
 1115              		.cfi_startproc
 1116              		@ args = 0, pretend = 0, frame = 0
 1117              		@ frame_needed = 0, uses_anonymous_args = 0
 1118              		.loc 1 417 1 is_stmt 0 view .LVU213
 1119 0000 10B5     		push	{r4, lr}
 1120              	.LCFI22:
 1121              		.cfi_def_cfa_offset 8
 1122              		.cfi_offset 4, -8
 1123              		.cfi_offset 14, -4
 418:Src/usbd_conf.c ****   HAL_PCD_EP_Receive((PCD_HandleTypeDef*)pdev->pData, ep_addr, pbuf, size);
 1124              		.loc 1 418 3 is_stmt 1 view .LVU214
 1125              		.loc 1 418 46 is_stmt 0 view .LVU215
 1126 0002 8824     		movs	r4, #136
 1127 0004 A400     		lsls	r4, r4, #2
 1128 0006 0059     		ldr	r0, [r0, r4]
 1129              	.LVL92:
 1130              		.loc 1 418 3 view .LVU216
 1131 0008 FFF7FEFF 		bl	HAL_PCD_EP_Receive
 1132              	.LVL93:
 419:Src/usbd_conf.c ****   return USBD_OK;
 1133              		.loc 1 419 3 is_stmt 1 view .LVU217
 420:Src/usbd_conf.c **** }
 1134              		.loc 1 420 1 is_stmt 0 view .LVU218
 1135 000c 0020     		movs	r0, #0
 1136              		@ sp needed
 1137 000e 10BD     		pop	{r4, pc}
 1138              		.cfi_endproc
 1139              	.LFE62:
 1141              		.section	.text.USBD_LL_GetRxDataSize,"ax",%progbits
 1142              		.align	1
 1143              		.global	USBD_LL_GetRxDataSize
 1144              		.syntax unified
 1145              		.code	16
 1146              		.thumb_func
 1148              	USBD_LL_GetRxDataSize:
 1149              	.LVL94:
 1150              	.LFB63:
 421:Src/usbd_conf.c **** 
 422:Src/usbd_conf.c **** /**
 423:Src/usbd_conf.c ****   * @brief  Returns the last transfered packet size.
 424:Src/usbd_conf.c ****   * @param  pdev: Device handle
 425:Src/usbd_conf.c ****   * @param  ep_addr: Endpoint Number
 426:Src/usbd_conf.c ****   * @retval Recived Data Size
 427:Src/usbd_conf.c ****   */
 428:Src/usbd_conf.c **** uint32_t USBD_LL_GetRxDataSize(USBD_HandleTypeDef *pdev, uint8_t ep_addr)
 429:Src/usbd_conf.c **** {
 1151              		.loc 1 429 1 is_stmt 1 view -0
 1152              		.cfi_startproc
 1153              		@ args = 0, pretend = 0, frame = 0
 1154              		@ frame_needed = 0, uses_anonymous_args = 0
 1155              		.loc 1 429 1 is_stmt 0 view .LVU220
 1156 0000 10B5     		push	{r4, lr}
 1157              	.LCFI23:
 1158              		.cfi_def_cfa_offset 8
ARM GAS  C:\Users\0.0\AppData\Local\Temp\ccMtnuwO.s 			page 28


 1159              		.cfi_offset 4, -8
 1160              		.cfi_offset 14, -4
 430:Src/usbd_conf.c ****   return HAL_PCD_EP_GetRxCount((PCD_HandleTypeDef*)pdev->pData, ep_addr);
 1161              		.loc 1 430 3 is_stmt 1 view .LVU221
 1162              		.loc 1 430 56 is_stmt 0 view .LVU222
 1163 0002 8823     		movs	r3, #136
 1164 0004 9B00     		lsls	r3, r3, #2
 1165 0006 C058     		ldr	r0, [r0, r3]
 1166              	.LVL95:
 1167              		.loc 1 430 10 view .LVU223
 1168 0008 FFF7FEFF 		bl	HAL_PCD_EP_GetRxCount
 1169              	.LVL96:
 431:Src/usbd_conf.c **** }
 1170              		.loc 1 431 1 view .LVU224
 1171              		@ sp needed
 1172 000c 10BD     		pop	{r4, pc}
 1173              		.cfi_endproc
 1174              	.LFE63:
 1176              		.section	.text.USBD_LL_Delay,"ax",%progbits
 1177              		.align	1
 1178              		.global	USBD_LL_Delay
 1179              		.syntax unified
 1180              		.code	16
 1181              		.thumb_func
 1183              	USBD_LL_Delay:
 1184              	.LVL97:
 1185              	.LFB64:
 432:Src/usbd_conf.c **** 
 433:Src/usbd_conf.c **** /**
 434:Src/usbd_conf.c ****   * @brief  Delays routine for the USB Device Library.
 435:Src/usbd_conf.c ****   * @param  Delay: Delay in ms
 436:Src/usbd_conf.c ****   * @retval None
 437:Src/usbd_conf.c ****   */
 438:Src/usbd_conf.c **** void USBD_LL_Delay(uint32_t Delay)
 439:Src/usbd_conf.c **** {
 1186              		.loc 1 439 1 is_stmt 1 view -0
 1187              		.cfi_startproc
 1188              		@ args = 0, pretend = 0, frame = 0
 1189              		@ frame_needed = 0, uses_anonymous_args = 0
 1190              		.loc 1 439 1 is_stmt 0 view .LVU226
 1191 0000 10B5     		push	{r4, lr}
 1192              	.LCFI24:
 1193              		.cfi_def_cfa_offset 8
 1194              		.cfi_offset 4, -8
 1195              		.cfi_offset 14, -4
 440:Src/usbd_conf.c ****   HAL_Delay(Delay);
 1196              		.loc 1 440 3 is_stmt 1 view .LVU227
 1197 0002 FFF7FEFF 		bl	HAL_Delay
 1198              	.LVL98:
 441:Src/usbd_conf.c **** }
 1199              		.loc 1 441 1 is_stmt 0 view .LVU228
 1200              		@ sp needed
 1201 0006 10BD     		pop	{r4, pc}
 1202              		.cfi_endproc
 1203              	.LFE64:
 1205              		.section	.text.USBD_static_malloc,"ax",%progbits
 1206              		.align	1
ARM GAS  C:\Users\0.0\AppData\Local\Temp\ccMtnuwO.s 			page 29


 1207              		.global	USBD_static_malloc
 1208              		.syntax unified
 1209              		.code	16
 1210              		.thumb_func
 1212              	USBD_static_malloc:
 1213              	.LVL99:
 1214              	.LFB65:
 442:Src/usbd_conf.c **** 
 443:Src/usbd_conf.c **** /**
 444:Src/usbd_conf.c ****   * @brief  static single allocation.
 445:Src/usbd_conf.c ****   * @param  size: size of allocated memory
 446:Src/usbd_conf.c ****   * @retval None
 447:Src/usbd_conf.c ****   */
 448:Src/usbd_conf.c **** void *USBD_static_malloc(uint32_t size)
 449:Src/usbd_conf.c **** {
 1215              		.loc 1 449 1 is_stmt 1 view -0
 1216              		.cfi_startproc
 1217              		@ args = 0, pretend = 0, frame = 0
 1218              		@ frame_needed = 0, uses_anonymous_args = 0
 1219              		@ link register save eliminated.
 450:Src/usbd_conf.c ****   static uint32_t mem[MAX_STATIC_ALLOC_SIZE];
 1220              		.loc 1 450 3 view .LVU230
 451:Src/usbd_conf.c ****   return mem;
 1221              		.loc 1 451 3 view .LVU231
 1222              		.loc 1 451 10 is_stmt 0 discriminator 1 view .LVU232
 1223 0000 0048     		ldr	r0, .L39
 1224              	.LVL100:
 452:Src/usbd_conf.c **** }
 1225              		.loc 1 452 1 view .LVU233
 1226              		@ sp needed
 1227 0002 7047     		bx	lr
 1228              	.L40:
 1229              		.align	2
 1230              	.L39:
 1231 0004 00000000 		.word	mem.0
 1232              		.cfi_endproc
 1233              	.LFE65:
 1235              		.section	.text.USBD_static_free,"ax",%progbits
 1236              		.align	1
 1237              		.global	USBD_static_free
 1238              		.syntax unified
 1239              		.code	16
 1240              		.thumb_func
 1242              	USBD_static_free:
 1243              	.LVL101:
 1244              	.LFB66:
 453:Src/usbd_conf.c **** 
 454:Src/usbd_conf.c **** /**
 455:Src/usbd_conf.c ****   * @brief  Dummy memory free
 456:Src/usbd_conf.c ****   * @param  *p pointer to allocated  memory address
 457:Src/usbd_conf.c ****   * @retval None
 458:Src/usbd_conf.c ****   */
 459:Src/usbd_conf.c **** void USBD_static_free(void *p)
 460:Src/usbd_conf.c **** {
 1245              		.loc 1 460 1 is_stmt 1 view -0
 1246              		.cfi_startproc
 1247              		@ args = 0, pretend = 0, frame = 0
ARM GAS  C:\Users\0.0\AppData\Local\Temp\ccMtnuwO.s 			page 30


 1248              		@ frame_needed = 0, uses_anonymous_args = 0
 1249              		@ link register save eliminated.
 461:Src/usbd_conf.c **** 
 462:Src/usbd_conf.c **** }
 1250              		.loc 1 462 1 view .LVU235
 1251              		@ sp needed
 1252 0000 7047     		bx	lr
 1253              		.cfi_endproc
 1254              	.LFE66:
 1256              		.section	.bss.mem.0,"aw",%nobits
 1257              		.align	2
 1260              	mem.0:
 1261 0000 00000000 		.space	560
 1261      00000000 
 1261      00000000 
 1261      00000000 
 1261      00000000 
 1262              		.global	hpcd
 1263              		.section	.bss.hpcd,"aw",%nobits
 1264              		.align	2
 1267              	hpcd:
 1268 0000 00000000 		.space	544
 1268      00000000 
 1268      00000000 
 1268      00000000 
 1268      00000000 
 1269              		.global	UserTxBuffer
 1270              		.section	.bss.UserTxBuffer,"aw",%nobits
 1271              		.align	2
 1274              	UserTxBuffer:
 1275 0000 00000000 		.space	512
 1275      00000000 
 1275      00000000 
 1275      00000000 
 1275      00000000 
 1276              		.global	UserRxBuffer
 1277              		.section	.bss.UserRxBuffer,"aw",%nobits
 1278              		.align	2
 1281              	UserRxBuffer:
 1282 0000 00000000 		.space	512
 1282      00000000 
 1282      00000000 
 1282      00000000 
 1282      00000000 
 1283              		.text
 1284              	.Letext0:
 1285              		.file 2 "Drivers/CMSIS/Device/ST/STM32F0xx/Include/stm32f072xb.h"
 1286              		.file 3 "C:/SysGCC/arm-eabi/arm-none-eabi/include/machine/_default_types.h"
 1287              		.file 4 "C:/SysGCC/arm-eabi/arm-none-eabi/include/sys/_stdint.h"
 1288              		.file 5 "Drivers/STM32F0xx_HAL_Driver/Inc/stm32f0xx_hal_def.h"
 1289              		.file 6 "Drivers/STM32F0xx_HAL_Driver/Inc/stm32f0xx_hal_gpio.h"
 1290              		.file 7 "Drivers/STM32F0xx_HAL_Driver/Inc/stm32f0xx_hal_pcd.h"
 1291              		.file 8 "Middlewares/ST/STM32_USB_Device_Library/Core/Inc/usbd_def.h"
 1292              		.file 9 "Inc/usbd_cdc_interface.h"
 1293              		.file 10 "Drivers/STM32F0xx_HAL_Driver/Inc/stm32f0xx_hal_pcd_ex.h"
 1294              		.file 11 "Middlewares/ST/STM32_USB_Device_Library/Core/Inc/usbd_core.h"
 1295              		.file 12 "Drivers/STM32F0xx_HAL_Driver/Inc/stm32f0xx_hal.h"
ARM GAS  C:\Users\0.0\AppData\Local\Temp\ccMtnuwO.s 			page 31


 1296              		.file 13 "Drivers/STM32F0xx_HAL_Driver/Inc/stm32f0xx_hal_cortex.h"
ARM GAS  C:\Users\0.0\AppData\Local\Temp\ccMtnuwO.s 			page 32


DEFINED SYMBOLS
                            *ABS*:00000000 usbd_conf.c
C:\Users\0.0\AppData\Local\Temp\ccMtnuwO.s:19     .text.HAL_PCD_MspInit:00000000 $t
C:\Users\0.0\AppData\Local\Temp\ccMtnuwO.s:25     .text.HAL_PCD_MspInit:00000000 HAL_PCD_MspInit
C:\Users\0.0\AppData\Local\Temp\ccMtnuwO.s:122    .text.HAL_PCD_MspInit:0000005c $d
C:\Users\0.0\AppData\Local\Temp\ccMtnuwO.s:127    .text.HAL_PCD_MspDeInit:00000000 $t
C:\Users\0.0\AppData\Local\Temp\ccMtnuwO.s:133    .text.HAL_PCD_MspDeInit:00000000 HAL_PCD_MspDeInit
C:\Users\0.0\AppData\Local\Temp\ccMtnuwO.s:153    .text.HAL_PCD_MspDeInit:0000000c $d
C:\Users\0.0\AppData\Local\Temp\ccMtnuwO.s:159    .text.HAL_PCD_SetupStageCallback:00000000 $t
C:\Users\0.0\AppData\Local\Temp\ccMtnuwO.s:165    .text.HAL_PCD_SetupStageCallback:00000000 HAL_PCD_SetupStageCallback
C:\Users\0.0\AppData\Local\Temp\ccMtnuwO.s:201    .text.HAL_PCD_DataOutStageCallback:00000000 $t
C:\Users\0.0\AppData\Local\Temp\ccMtnuwO.s:207    .text.HAL_PCD_DataOutStageCallback:00000000 HAL_PCD_DataOutStageCallback
C:\Users\0.0\AppData\Local\Temp\ccMtnuwO.s:246    .text.HAL_PCD_DataInStageCallback:00000000 $t
C:\Users\0.0\AppData\Local\Temp\ccMtnuwO.s:252    .text.HAL_PCD_DataInStageCallback:00000000 HAL_PCD_DataInStageCallback
C:\Users\0.0\AppData\Local\Temp\ccMtnuwO.s:289    .text.HAL_PCD_SOFCallback:00000000 $t
C:\Users\0.0\AppData\Local\Temp\ccMtnuwO.s:295    .text.HAL_PCD_SOFCallback:00000000 HAL_PCD_SOFCallback
C:\Users\0.0\AppData\Local\Temp\ccMtnuwO.s:324    .text.HAL_PCD_ResetCallback:00000000 $t
C:\Users\0.0\AppData\Local\Temp\ccMtnuwO.s:330    .text.HAL_PCD_ResetCallback:00000000 HAL_PCD_ResetCallback
C:\Users\0.0\AppData\Local\Temp\ccMtnuwO.s:371    .text.HAL_PCD_SuspendCallback:00000000 $t
C:\Users\0.0\AppData\Local\Temp\ccMtnuwO.s:377    .text.HAL_PCD_SuspendCallback:00000000 HAL_PCD_SuspendCallback
C:\Users\0.0\AppData\Local\Temp\ccMtnuwO.s:392    .text.HAL_PCD_ResumeCallback:00000000 $t
C:\Users\0.0\AppData\Local\Temp\ccMtnuwO.s:398    .text.HAL_PCD_ResumeCallback:00000000 HAL_PCD_ResumeCallback
C:\Users\0.0\AppData\Local\Temp\ccMtnuwO.s:413    .text.HAL_PCD_ISOOUTIncompleteCallback:00000000 $t
C:\Users\0.0\AppData\Local\Temp\ccMtnuwO.s:419    .text.HAL_PCD_ISOOUTIncompleteCallback:00000000 HAL_PCD_ISOOUTIncompleteCallback
C:\Users\0.0\AppData\Local\Temp\ccMtnuwO.s:448    .text.HAL_PCD_ISOINIncompleteCallback:00000000 $t
C:\Users\0.0\AppData\Local\Temp\ccMtnuwO.s:454    .text.HAL_PCD_ISOINIncompleteCallback:00000000 HAL_PCD_ISOINIncompleteCallback
C:\Users\0.0\AppData\Local\Temp\ccMtnuwO.s:483    .text.HAL_PCD_ConnectCallback:00000000 $t
C:\Users\0.0\AppData\Local\Temp\ccMtnuwO.s:489    .text.HAL_PCD_ConnectCallback:00000000 HAL_PCD_ConnectCallback
C:\Users\0.0\AppData\Local\Temp\ccMtnuwO.s:518    .text.HAL_PCD_DisconnectCallback:00000000 $t
C:\Users\0.0\AppData\Local\Temp\ccMtnuwO.s:524    .text.HAL_PCD_DisconnectCallback:00000000 HAL_PCD_DisconnectCallback
C:\Users\0.0\AppData\Local\Temp\ccMtnuwO.s:553    .text.USBD_LL_Init:00000000 $t
C:\Users\0.0\AppData\Local\Temp\ccMtnuwO.s:559    .text.USBD_LL_Init:00000000 USBD_LL_Init
C:\Users\0.0\AppData\Local\Temp\ccMtnuwO.s:652    .text.USBD_LL_Init:0000006c $d
C:\Users\0.0\AppData\Local\Temp\ccMtnuwO.s:1267   .bss.hpcd:00000000 hpcd
C:\Users\0.0\AppData\Local\Temp\ccMtnuwO.s:658    .text.USBD_LL_DeInit:00000000 $t
C:\Users\0.0\AppData\Local\Temp\ccMtnuwO.s:664    .text.USBD_LL_DeInit:00000000 USBD_LL_DeInit
C:\Users\0.0\AppData\Local\Temp\ccMtnuwO.s:695    .text.USBD_LL_Start:00000000 $t
C:\Users\0.0\AppData\Local\Temp\ccMtnuwO.s:701    .text.USBD_LL_Start:00000000 USBD_LL_Start
C:\Users\0.0\AppData\Local\Temp\ccMtnuwO.s:732    .text.USBD_LL_Stop:00000000 $t
C:\Users\0.0\AppData\Local\Temp\ccMtnuwO.s:738    .text.USBD_LL_Stop:00000000 USBD_LL_Stop
C:\Users\0.0\AppData\Local\Temp\ccMtnuwO.s:769    .text.USBD_LL_OpenEP:00000000 $t
C:\Users\0.0\AppData\Local\Temp\ccMtnuwO.s:775    .text.USBD_LL_OpenEP:00000000 USBD_LL_OpenEP
C:\Users\0.0\AppData\Local\Temp\ccMtnuwO.s:814    .text.USBD_LL_CloseEP:00000000 $t
C:\Users\0.0\AppData\Local\Temp\ccMtnuwO.s:820    .text.USBD_LL_CloseEP:00000000 USBD_LL_CloseEP
C:\Users\0.0\AppData\Local\Temp\ccMtnuwO.s:851    .text.USBD_LL_FlushEP:00000000 $t
C:\Users\0.0\AppData\Local\Temp\ccMtnuwO.s:857    .text.USBD_LL_FlushEP:00000000 USBD_LL_FlushEP
C:\Users\0.0\AppData\Local\Temp\ccMtnuwO.s:888    .text.USBD_LL_StallEP:00000000 $t
C:\Users\0.0\AppData\Local\Temp\ccMtnuwO.s:894    .text.USBD_LL_StallEP:00000000 USBD_LL_StallEP
C:\Users\0.0\AppData\Local\Temp\ccMtnuwO.s:925    .text.USBD_LL_ClearStallEP:00000000 $t
C:\Users\0.0\AppData\Local\Temp\ccMtnuwO.s:931    .text.USBD_LL_ClearStallEP:00000000 USBD_LL_ClearStallEP
C:\Users\0.0\AppData\Local\Temp\ccMtnuwO.s:962    .text.USBD_LL_IsStallEP:00000000 $t
C:\Users\0.0\AppData\Local\Temp\ccMtnuwO.s:968    .text.USBD_LL_IsStallEP:00000000 USBD_LL_IsStallEP
C:\Users\0.0\AppData\Local\Temp\ccMtnuwO.s:1031   .text.USBD_LL_SetUSBAddress:00000000 $t
C:\Users\0.0\AppData\Local\Temp\ccMtnuwO.s:1037   .text.USBD_LL_SetUSBAddress:00000000 USBD_LL_SetUSBAddress
C:\Users\0.0\AppData\Local\Temp\ccMtnuwO.s:1068   .text.USBD_LL_Transmit:00000000 $t
C:\Users\0.0\AppData\Local\Temp\ccMtnuwO.s:1074   .text.USBD_LL_Transmit:00000000 USBD_LL_Transmit
C:\Users\0.0\AppData\Local\Temp\ccMtnuwO.s:1105   .text.USBD_LL_PrepareReceive:00000000 $t
ARM GAS  C:\Users\0.0\AppData\Local\Temp\ccMtnuwO.s 			page 33


C:\Users\0.0\AppData\Local\Temp\ccMtnuwO.s:1111   .text.USBD_LL_PrepareReceive:00000000 USBD_LL_PrepareReceive
C:\Users\0.0\AppData\Local\Temp\ccMtnuwO.s:1142   .text.USBD_LL_GetRxDataSize:00000000 $t
C:\Users\0.0\AppData\Local\Temp\ccMtnuwO.s:1148   .text.USBD_LL_GetRxDataSize:00000000 USBD_LL_GetRxDataSize
C:\Users\0.0\AppData\Local\Temp\ccMtnuwO.s:1177   .text.USBD_LL_Delay:00000000 $t
C:\Users\0.0\AppData\Local\Temp\ccMtnuwO.s:1183   .text.USBD_LL_Delay:00000000 USBD_LL_Delay
C:\Users\0.0\AppData\Local\Temp\ccMtnuwO.s:1206   .text.USBD_static_malloc:00000000 $t
C:\Users\0.0\AppData\Local\Temp\ccMtnuwO.s:1212   .text.USBD_static_malloc:00000000 USBD_static_malloc
C:\Users\0.0\AppData\Local\Temp\ccMtnuwO.s:1231   .text.USBD_static_malloc:00000004 $d
C:\Users\0.0\AppData\Local\Temp\ccMtnuwO.s:1260   .bss.mem.0:00000000 mem.0
C:\Users\0.0\AppData\Local\Temp\ccMtnuwO.s:1236   .text.USBD_static_free:00000000 $t
C:\Users\0.0\AppData\Local\Temp\ccMtnuwO.s:1242   .text.USBD_static_free:00000000 USBD_static_free
C:\Users\0.0\AppData\Local\Temp\ccMtnuwO.s:1257   .bss.mem.0:00000000 $d
C:\Users\0.0\AppData\Local\Temp\ccMtnuwO.s:1264   .bss.hpcd:00000000 $d
C:\Users\0.0\AppData\Local\Temp\ccMtnuwO.s:1274   .bss.UserTxBuffer:00000000 UserTxBuffer
C:\Users\0.0\AppData\Local\Temp\ccMtnuwO.s:1271   .bss.UserTxBuffer:00000000 $d
C:\Users\0.0\AppData\Local\Temp\ccMtnuwO.s:1281   .bss.UserRxBuffer:00000000 UserRxBuffer
C:\Users\0.0\AppData\Local\Temp\ccMtnuwO.s:1278   .bss.UserRxBuffer:00000000 $d

UNDEFINED SYMBOLS
HAL_GPIO_Init
HAL_NVIC_SetPriority
HAL_NVIC_EnableIRQ
USBD_LL_SetupStage
USBD_LL_DataOutStage
USBD_LL_DataInStage
USBD_LL_SOF
USBD_LL_SetSpeed
USBD_LL_Reset
USBD_LL_IsoOUTIncomplete
USBD_LL_IsoINIncomplete
USBD_LL_DevConnected
USBD_LL_DevDisconnected
HAL_PCD_Init
HAL_PCDEx_PMAConfig
HAL_PCD_DeInit
HAL_PCD_Start
HAL_PCD_Stop
HAL_PCD_EP_Open
HAL_PCD_EP_Close
HAL_PCD_EP_Flush
HAL_PCD_EP_SetStall
HAL_PCD_EP_ClrStall
HAL_PCD_SetAddress
HAL_PCD_EP_Transmit
HAL_PCD_EP_Receive
HAL_PCD_EP_GetRxCount
HAL_Delay
